This is pdfTeX, Version 3.1415926-2.5-1.40.14 (TeX Live 2013/Debian) (format=pdflatex 2015.5.16)  27 APR 2016 12:29
entering extended mode
 restricted \write18 enabled.
 %&-line parsing enabled.
**dissertation.tex
(./dissertation.tex
LaTeX2e <2011/06/27>
Babel <3.9h> and hyphenation patterns for 4 languages loaded.
(/usr/share/texlive/texmf-dist/tex/latex/base/report.cls
Document Class: report 2007/10/19 v1.4h Standard LaTeX document class
(/usr/share/texlive/texmf-dist/tex/latex/base/size12.clo
File: size12.clo 2007/10/19 v1.4h Standard LaTeX file (size option)
)
\c@part=\count79
\c@chapter=\count80
\c@section=\count81
\c@subsection=\count82
\c@subsubsection=\count83
\c@paragraph=\count84
\c@subparagraph=\count85
\c@figure=\count86
\c@table=\count87
\abovecaptionskip=\skip41
\belowcaptionskip=\skip42
\bibindent=\dimen102
)
(/usr/share/texlive/texmf-dist/tex/latex/url/url.sty
\Urlmuskip=\muskip10
Package: url 2013/09/16  ver 3.4  Verb mode for urls, etc.
)
(/usr/share/texlive/texmf-dist/tex/latex/graphics/epsfig.sty
Package: epsfig 1999/02/16 v1.7a (e)psfig emulation (SPQR)

(/usr/share/texlive/texmf-dist/tex/latex/graphics/graphicx.sty
Package: graphicx 1999/02/16 v1.0f Enhanced LaTeX Graphics (DPC,SPQR)

(/usr/share/texlive/texmf-dist/tex/latex/graphics/keyval.sty
Package: keyval 1999/03/16 v1.13 key=value parser (DPC)
\KV@toks@=\toks14
)
(/usr/share/texlive/texmf-dist/tex/latex/graphics/graphics.sty
Package: graphics 2009/02/05 v1.0o Standard LaTeX Graphics (DPC,SPQR)

(/usr/share/texlive/texmf-dist/tex/latex/graphics/trig.sty
Package: trig 1999/03/16 v1.09 sin cos tan (DPC)
)
(/usr/share/texlive/texmf-dist/tex/latex/latexconfig/graphics.cfg
File: graphics.cfg 2010/04/23 v1.9 graphics configuration of TeX Live
)
Package graphics Info: Driver file: pdftex.def on input line 91.

(/usr/share/texlive/texmf-dist/tex/latex/pdftex-def/pdftex.def
File: pdftex.def 2011/05/27 v0.06d Graphics/color for pdfTeX

(/usr/share/texlive/texmf-dist/tex/generic/oberdiek/infwarerr.sty
Package: infwarerr 2010/04/08 v1.3 Providing info/warning/error messages (HO)
)
(/usr/share/texlive/texmf-dist/tex/generic/oberdiek/ltxcmds.sty
Package: ltxcmds 2011/11/09 v1.22 LaTeX kernel commands for general use (HO)
)
\Gread@gobject=\count88
))
\Gin@req@height=\dimen103
\Gin@req@width=\dimen104
)
\epsfxsize=\dimen105
\epsfysize=\dimen106
)
(/usr/share/texlive/texmf-dist/tex/latex/base/makeidx.sty
Package: makeidx 2000/03/29 v1.0m Standard LaTeX package
)
(/usr/share/texlive/texmf-dist/tex/latex/tools/multicol.sty
Package: multicol 2011/06/27 v1.7a multicolumn formatting (FMi)
\c@tracingmulticols=\count89
\mult@box=\box26
\multicol@leftmargin=\dimen107
\c@unbalance=\count90
\c@collectmore=\count91
\doublecol@number=\count92
\multicoltolerance=\count93
\multicolpretolerance=\count94
\full@width=\dimen108
\page@free=\dimen109
\premulticols=\dimen110
\postmulticols=\dimen111
\multicolsep=\skip43
\multicolbaselineskip=\skip44
\partial@page=\box27
\last@line=\box28
\mult@rightbox=\box29
\mult@grightbox=\box30
\mult@gfirstbox=\box31
\mult@firstbox=\box32
\@tempa=\box33
\@tempa=\box34
\@tempa=\box35
\@tempa=\box36
\@tempa=\box37
\@tempa=\box38
\@tempa=\box39
\@tempa=\box40
\@tempa=\box41
\@tempa=\box42
\@tempa=\box43
\@tempa=\box44
\@tempa=\box45
\@tempa=\box46
\@tempa=\box47
\@tempa=\box48
\@tempa=\box49
\c@columnbadness=\count95
\c@finalcolumnbadness=\count96
\last@try=\dimen112
\multicolovershoot=\dimen113
\multicolundershoot=\dimen114
\mult@nat@firstbox=\box50
\colbreak@box=\box51
\multicol@sort@counter=\count97
)
(/usr/share/texlive/texmf-dist/tex/latex/footmisc/footmisc.sty
Package: footmisc 2011/06/06 v5.5b a miscellany of footnote facilities
\FN@temptoken=\toks15
\footnotemargin=\dimen115
\c@pp@next@reset=\count98
Package footmisc Info: Declaring symbol style bringhurst on input line 855.
Package footmisc Info: Declaring symbol style chicago on input line 863.
Package footmisc Info: Declaring symbol style wiley on input line 872.
Package footmisc Info: Declaring symbol style lamport-robust on input line 883.

Package footmisc Info: Declaring symbol style lamport* on input line 903.
Package footmisc Info: Declaring symbol style lamport*-robust on input line 924
.
)
(/usr/share/texlive/texmf-dist/tex/latex/subfig/subfig.sty
Package: subfig 2005/06/28 ver: 1.3 subfig package

(/usr/share/texlive/texmf-dist/tex/latex/caption/caption.sty
Package: caption 2013/05/02 v3.3-89 Customizing captions (AR)

(/usr/share/texlive/texmf-dist/tex/latex/caption/caption3.sty
Package: caption3 2013/05/02 v1.6-88 caption3 kernel (AR)
Package caption3 Info: TeX engine: e-TeX on input line 57.
\captionmargin=\dimen116
\captionmargin@=\dimen117
\captionwidth=\dimen118
\caption@tempdima=\dimen119
\caption@indent=\dimen120
\caption@parindent=\dimen121
\caption@hangindent=\dimen122
)
\c@ContinuedFloat=\count99
)
\c@KVtest=\count100
\sf@farskip=\skip45
\sf@captopadj=\dimen123
\sf@capskip=\skip46
\sf@nearskip=\skip47
\c@subfigure=\count101
\c@subfigure@save=\count102
\c@lofdepth=\count103
\c@subtable=\count104
\c@subtable@save=\count105
\c@lotdepth=\count106
\sf@top=\skip48
\sf@bottom=\skip49
)
(/usr/share/texlive/texmf-dist/tex/latex/tools/tabularx.sty
Package: tabularx 1999/01/07 v2.07 `tabularx' package (DPC)

(/usr/share/texlive/texmf-dist/tex/latex/tools/array.sty
Package: array 2008/09/09 v2.4c Tabular extension package (FMi)
\col@sep=\dimen124
\extrarowheight=\dimen125
\NC@list=\toks16
\extratabsurround=\skip50
\backup@length=\skip51
)
\TX@col@width=\dimen126
\TX@old@table=\dimen127
\TX@old@col=\dimen128
\TX@target=\dimen129
\TX@delta=\dimen130
\TX@cols=\count107
\TX@ftn=\toks17
)
(/usr/share/texlive/texmf-dist/tex/latex/ms/ragged2e.sty
Package: ragged2e 2009/05/21 v2.1 ragged2e Package (MS)

(/usr/share/texlive/texmf-dist/tex/latex/ms/everysel.sty
Package: everysel 2011/10/28 v1.2 EverySelectfont Package (MS)
)
\CenteringLeftskip=\skip52
\RaggedLeftLeftskip=\skip53
\RaggedRightLeftskip=\skip54
\CenteringRightskip=\skip55
\RaggedLeftRightskip=\skip56
\RaggedRightRightskip=\skip57
\CenteringParfillskip=\skip58
\RaggedLeftParfillskip=\skip59
\RaggedRightParfillskip=\skip60
\JustifyingParfillskip=\skip61
\CenteringParindent=\skip62
\RaggedLeftParindent=\skip63
\RaggedRightParindent=\skip64
\JustifyingParindent=\skip65
)
(/usr/share/texlive/texmf-dist/tex/latex/hyperref/hyperref.sty
Package: hyperref 2012/11/06 v6.83m Hypertext links for LaTeX

(/usr/share/texlive/texmf-dist/tex/generic/oberdiek/hobsub-hyperref.sty
Package: hobsub-hyperref 2012/05/28 v1.13 Bundle oberdiek, subset hyperref (HO)


(/usr/share/texlive/texmf-dist/tex/generic/oberdiek/hobsub-generic.sty
Package: hobsub-generic 2012/05/28 v1.13 Bundle oberdiek, subset generic (HO)
Package: hobsub 2012/05/28 v1.13 Construct package bundles (HO)
Package hobsub Info: Skipping package `infwarerr' (already loaded).
Package hobsub Info: Skipping package `ltxcmds' (already loaded).
Package: ifluatex 2010/03/01 v1.3 Provides the ifluatex switch (HO)
Package ifluatex Info: LuaTeX not detected.
Package: ifvtex 2010/03/01 v1.5 Detect VTeX and its facilities (HO)
Package ifvtex Info: VTeX not detected.
Package: intcalc 2007/09/27 v1.1 Expandable calculations with integers (HO)
Package: ifpdf 2011/01/30 v2.3 Provides the ifpdf switch (HO)
Package ifpdf Info: pdfTeX in PDF mode is detected.
Package: etexcmds 2011/02/16 v1.5 Avoid name clashes with e-TeX commands (HO)
Package etexcmds Info: Could not find \expanded.
(etexcmds)             That can mean that you are not using pdfTeX 1.50 or
(etexcmds)             that some package has redefined \expanded.
(etexcmds)             In the latter case, load this package earlier.
Package: kvsetkeys 2012/04/25 v1.16 Key value parser (HO)
Package: kvdefinekeys 2011/04/07 v1.3 Define keys (HO)
Package: pdftexcmds 2011/11/29 v0.20 Utility functions of pdfTeX for LuaTeX (HO
)
Package pdftexcmds Info: LuaTeX not detected.
Package pdftexcmds Info: \pdf@primitive is available.
Package pdftexcmds Info: \pdf@ifprimitive is available.
Package pdftexcmds Info: \pdfdraftmode found.
Package: pdfescape 2011/11/25 v1.13 Implements pdfTeX's escape features (HO)
Package: bigintcalc 2012/04/08 v1.3 Expandable calculations on big integers (HO
)
Package: bitset 2011/01/30 v1.1 Handle bit-vector datatype (HO)
Package: uniquecounter 2011/01/30 v1.2 Provide unlimited unique counter (HO)
)
Package hobsub Info: Skipping package `hobsub' (already loaded).
Package: letltxmacro 2010/09/02 v1.4 Let assignment for LaTeX macros (HO)
Package: hopatch 2012/05/28 v1.2 Wrapper for package hooks (HO)
Package: xcolor-patch 2011/01/30 xcolor patch
Package: atveryend 2011/06/30 v1.8 Hooks at the very end of document (HO)
Package atveryend Info: \enddocument detected (standard20110627).
Package: atbegshi 2011/10/05 v1.16 At begin shipout hook (HO)
Package: refcount 2011/10/16 v3.4 Data extraction from label references (HO)
Package: hycolor 2011/01/30 v1.7 Color options for hyperref/bookmark (HO)
)
(/usr/share/texlive/texmf-dist/tex/generic/ifxetex/ifxetex.sty
Package: ifxetex 2010/09/12 v0.6 Provides ifxetex conditional
)
(/usr/share/texlive/texmf-dist/tex/latex/oberdiek/auxhook.sty
Package: auxhook 2011/03/04 v1.3 Hooks for auxiliary files (HO)
)
(/usr/share/texlive/texmf-dist/tex/latex/oberdiek/kvoptions.sty
Package: kvoptions 2011/06/30 v3.11 Key value format for package options (HO)
)
\@linkdim=\dimen131
\Hy@linkcounter=\count108
\Hy@pagecounter=\count109

(/usr/share/texlive/texmf-dist/tex/latex/hyperref/pd1enc.def
File: pd1enc.def 2012/11/06 v6.83m Hyperref: PDFDocEncoding definition (HO)
)
\Hy@SavedSpaceFactor=\count110

(/usr/share/texlive/texmf-dist/tex/latex/latexconfig/hyperref.cfg
File: hyperref.cfg 2002/06/06 v1.2 hyperref configuration of TeXLive
)
Package hyperref Info: Hyper figures OFF on input line 4443.
Package hyperref Info: Link nesting OFF on input line 4448.
Package hyperref Info: Hyper index ON on input line 4451.
Package hyperref Info: Plain pages OFF on input line 4458.
Package hyperref Info: Backreferencing OFF on input line 4463.
Package hyperref Info: Implicit mode ON; LaTeX internals redefined.
Package hyperref Info: Bookmarks ON on input line 4688.
\c@Hy@tempcnt=\count111
LaTeX Info: Redefining \url on input line 5041.
\XeTeXLinkMargin=\dimen132
\Fld@menulength=\count112
\Field@Width=\dimen133
\Fld@charsize=\dimen134
Package hyperref Info: Hyper figures OFF on input line 6295.
Package hyperref Info: Link nesting OFF on input line 6300.
Package hyperref Info: Hyper index ON on input line 6303.
Package hyperref Info: backreferencing OFF on input line 6310.
Package hyperref Info: Link coloring OFF on input line 6315.
Package hyperref Info: Link coloring with OCG OFF on input line 6320.
Package hyperref Info: PDF/A mode OFF on input line 6325.
LaTeX Info: Redefining \ref on input line 6365.
LaTeX Info: Redefining \pageref on input line 6369.
\Hy@abspage=\count113
\c@Item=\count114
\c@Hfootnote=\count115
)

Package hyperref Message: Driver (autodetected): hpdftex.

(/usr/share/texlive/texmf-dist/tex/latex/hyperref/hpdftex.def
File: hpdftex.def 2012/11/06 v6.83m Hyperref driver for pdfTeX
\Fld@listcount=\count116
\c@bookmark@seq@number=\count117

(/usr/share/texlive/texmf-dist/tex/latex/oberdiek/rerunfilecheck.sty
Package: rerunfilecheck 2011/04/15 v1.7 Rerun checks for auxiliary files (HO)
Package uniquecounter Info: New unique counter `rerunfilecheck' on input line 2
82.
)
\Hy@SectionHShift=\skip66
)
(/usr/share/texlive/texmf-dist/tex/latex/float/float.sty
Package: float 2001/11/08 v1.3d Float enhancements (AL)
\c@float@type=\count118
\float@exts=\toks18
\float@box=\box52
\@float@everytoks=\toks19
\@floatcapt=\box53
)
(/usr/share/texlive/texmf-dist/tex/latex/mh/mathtools.sty
Package: mathtools 2013/02/12 v1.13 mathematical typesetting tools

(/usr/share/texlive/texmf-dist/tex/latex/tools/calc.sty
Package: calc 2007/08/22 v4.3 Infix arithmetic (KKT,FJ)
\calc@Acount=\count119
\calc@Bcount=\count120
\calc@Adimen=\dimen135
\calc@Bdimen=\dimen136
\calc@Askip=\skip67
\calc@Bskip=\skip68
LaTeX Info: Redefining \setlength on input line 76.
LaTeX Info: Redefining \addtolength on input line 77.
\calc@Ccount=\count121
\calc@Cskip=\skip69
)
(/usr/share/texlive/texmf-dist/tex/latex/mh/mhsetup.sty
Package: mhsetup 2010/01/21 v1.2a programming setup (MH)
)
(/usr/share/texlive/texmf-dist/tex/latex/amsmath/amsmath.sty
Package: amsmath 2013/01/14 v2.14 AMS math features
\@mathmargin=\skip70

For additional information on amsmath, use the `?' option.
(/usr/share/texlive/texmf-dist/tex/latex/amsmath/amstext.sty
Package: amstext 2000/06/29 v2.01

(/usr/share/texlive/texmf-dist/tex/latex/amsmath/amsgen.sty
File: amsgen.sty 1999/11/30 v2.0
\@emptytoks=\toks20
\ex@=\dimen137
))
(/usr/share/texlive/texmf-dist/tex/latex/amsmath/amsbsy.sty
Package: amsbsy 1999/11/29 v1.2d
\pmbraise@=\dimen138
)
(/usr/share/texlive/texmf-dist/tex/latex/amsmath/amsopn.sty
Package: amsopn 1999/12/14 v2.01 operator names
)
\inf@bad=\count122
LaTeX Info: Redefining \frac on input line 210.
\uproot@=\count123
\leftroot@=\count124
LaTeX Info: Redefining \overline on input line 306.
\classnum@=\count125
\DOTSCASE@=\count126
LaTeX Info: Redefining \ldots on input line 378.
LaTeX Info: Redefining \dots on input line 381.
LaTeX Info: Redefining \cdots on input line 466.
\Mathstrutbox@=\box54
\strutbox@=\box55
\big@size=\dimen139
LaTeX Font Info:    Redeclaring font encoding OML on input line 566.
LaTeX Font Info:    Redeclaring font encoding OMS on input line 567.
\macc@depth=\count127
\c@MaxMatrixCols=\count128
\dotsspace@=\muskip11
\c@parentequation=\count129
\dspbrk@lvl=\count130
\tag@help=\toks21
\row@=\count131
\column@=\count132
\maxfields@=\count133
\andhelp@=\toks22
\eqnshift@=\dimen140
\alignsep@=\dimen141
\tagshift@=\dimen142
\tagwidth@=\dimen143
\totwidth@=\dimen144
\lineht@=\dimen145
\@envbody=\toks23
\multlinegap=\skip71
\multlinetaggap=\skip72
\mathdisplay@stack=\toks24
LaTeX Info: Redefining \[ on input line 2665.
LaTeX Info: Redefining \] on input line 2666.
)
LaTeX Info: Thecontrolsequence`\['isalreadyrobust on input line 129.
LaTeX Info: Thecontrolsequence`\]'isalreadyrobust on input line 129.
\g_MT_multlinerow_int=\count134
\l_MT_multwidth_dim=\dimen146
\origjot=\skip73
\l_MT_shortvdotswithinadjustabove_dim=\dimen147
\l_MT_shortvdotswithinadjustbelow_dim=\dimen148
\l_MT_above_intertext_sep=\dimen149
\l_MT_below_intertext_sep=\dimen150
\l_MT_above_shortintertext_sep=\dimen151
\l_MT_below_shortintertext_sep=\dimen152
)
(/usr/share/texlive/texmf-dist/tex/latex/l3packages/xparse/xparse.sty
(/usr/share/texlive/texmf-dist/tex/latex/l3kernel/expl3.sty
(/usr/share/texlive/texmf-dist/tex/latex/l3kernel/l3names.sty
(/usr/share/texlive/texmf-dist/tex/latex/l3kernel/l3bootstrap.sty
Package: l3bootstrap 2014/01/04 v4640 L3 Experimental bootstrap code
)
Package: l3names 2014/01/04 v4640 L3 Namespace for primitives
)
(/usr/share/texlive/texmf-dist/tex/latex/etex-pkg/etex.sty
Package: etex 1998/03/26 v2.0 eTeX basic definition package (PEB)
\et@xins=\count135
)
Package: expl3 2014/01/07 v4646 L3 Experimental code bundle wrapper

(/usr/share/texlive/texmf-dist/tex/latex/l3kernel/l3basics.sty
Package: l3basics 2014/01/04 v4642 L3 Basic definitions
)
(/usr/share/texlive/texmf-dist/tex/latex/l3kernel/l3expan.sty
Package: l3expan 2014/01/04 v4642 L3 Argument expansion
)
(/usr/share/texlive/texmf-dist/tex/latex/l3kernel/l3tl.sty
Package: l3tl 2013/12/27 v4625 L3 Token lists
)
(/usr/share/texlive/texmf-dist/tex/latex/l3kernel/l3seq.sty
Package: l3seq 2013/12/14 v4623 L3 Sequences and stacks
)
(/usr/share/texlive/texmf-dist/tex/latex/l3kernel/l3int.sty
Package: l3int 2013/08/02 v4583 L3 Integers
\c_max_int=\count136
\l_tmpa_int=\count137
\l_tmpb_int=\count138
\g_tmpa_int=\count139
\g_tmpb_int=\count140
)
(/usr/share/texlive/texmf-dist/tex/latex/l3kernel/l3quark.sty
Package: l3quark 2013/12/14 v4623 L3 Quarks
)
(/usr/share/texlive/texmf-dist/tex/latex/l3kernel/l3prg.sty
Package: l3prg 2014/01/04 v4642 L3 Control structures
\g__prg_map_int=\count141
)
(/usr/share/texlive/texmf-dist/tex/latex/l3kernel/l3clist.sty
Package: l3clist 2013/07/28 v4581 L3 Comma separated lists
)
(/usr/share/texlive/texmf-dist/tex/latex/l3kernel/l3token.sty
Package: l3token 2013/08/25 v4587 L3 Experimental token manipulation
)
(/usr/share/texlive/texmf-dist/tex/latex/l3kernel/l3prop.sty
Package: l3prop 2013/12/14 v4623 L3 Property lists
)
(/usr/share/texlive/texmf-dist/tex/latex/l3kernel/l3msg.sty
Package: l3msg 2013/07/28 v4581 L3 Messages
)
(/usr/share/texlive/texmf-dist/tex/latex/l3kernel/l3file.sty
Package: l3file 2013/10/13 v4596 L3 File and I/O operations
\l_iow_line_count_int=\count142
\l__iow_target_count_int=\count143
\l__iow_current_line_int=\count144
\l__iow_current_word_int=\count145
\l__iow_current_indentation_int=\count146
)
(/usr/share/texlive/texmf-dist/tex/latex/l3kernel/l3skip.sty
Package: l3skip 2013/07/28 v4581 L3 Dimensions and skips
\c_zero_dim=\dimen153
\c_max_dim=\dimen154
\l_tmpa_dim=\dimen155
\l_tmpb_dim=\dimen156
\g_tmpa_dim=\dimen157
\g_tmpb_dim=\dimen158
\c_zero_skip=\skip74
\c_max_skip=\skip75
\l_tmpa_skip=\skip76
\l_tmpb_skip=\skip77
\g_tmpa_skip=\skip78
\g_tmpb_skip=\skip79
\c_zero_muskip=\muskip12
\c_max_muskip=\muskip13
\l_tmpa_muskip=\muskip14
\l_tmpb_muskip=\muskip15
\g_tmpa_muskip=\muskip16
\g_tmpb_muskip=\muskip17
)
(/usr/share/texlive/texmf-dist/tex/latex/l3kernel/l3keys.sty
Package: l3keys 2013/12/08 v4614 L3 Experimental key-value interfaces
\g__keyval_level_int=\count147
\l_keys_choice_int=\count148
)
(/usr/share/texlive/texmf-dist/tex/latex/l3kernel/l3fp.sty
Package: l3fp 2014/01/04 v4642 L3 Floating points
\c__fp_leading_shift_int=\count149
\c__fp_middle_shift_int=\count150
\c__fp_trailing_shift_int=\count151
\c__fp_big_leading_shift_int=\count152
\c__fp_big_middle_shift_int=\count153
\c__fp_big_trailing_shift_int=\count154
\c__fp_Bigg_leading_shift_int=\count155
\c__fp_Bigg_middle_shift_int=\count156
\c__fp_Bigg_trailing_shift_int=\count157
)
(/usr/share/texlive/texmf-dist/tex/latex/l3kernel/l3box.sty
Package: l3box 2013/07/28 v4581 L3 Experimental boxes
\c_empty_box=\box56
\l_tmpa_box=\box57
\l_tmpb_box=\box58
\g_tmpa_box=\box59
\g_tmpb_box=\box60
)
(/usr/share/texlive/texmf-dist/tex/latex/l3kernel/l3coffins.sty
Package: l3coffins 2013/12/14 v4624 L3 Coffin code layer
\l__coffin_internal_box=\box61
\l__coffin_internal_dim=\dimen159
\l__coffin_offset_x_dim=\dimen160
\l__coffin_offset_y_dim=\dimen161
\l__coffin_x_dim=\dimen162
\l__coffin_y_dim=\dimen163
\l__coffin_x_prime_dim=\dimen164
\l__coffin_y_prime_dim=\dimen165
\c_empty_coffin=\box62
\l__coffin_aligned_coffin=\box63
\l__coffin_aligned_internal_coffin=\box64
\l_tmpa_coffin=\box65
\l_tmpb_coffin=\box66
\l__coffin_display_coffin=\box67
\l__coffin_display_coord_coffin=\box68
\l__coffin_display_pole_coffin=\box69
\l__coffin_display_offset_dim=\dimen166
\l__coffin_display_x_dim=\dimen167
\l__coffin_display_y_dim=\dimen168
)
(/usr/share/texlive/texmf-dist/tex/latex/l3kernel/l3color.sty
Package: l3color 2012/08/29 v4156 L3 Experimental color support
)
(/usr/share/texlive/texmf-dist/tex/latex/l3kernel/l3luatex.sty
Package: l3luatex 2013/07/28 v4581 L3 Experimental LuaTeX-specific functions
\g__cctab_allocate_int=\count158
\g__cctab_stack_int=\count159
)
(/usr/share/texlive/texmf-dist/tex/latex/l3kernel/l3candidates.sty
Package: l3candidates 2014/01/06 v4643 L3 Experimental additions to l3kernel
\l__box_top_dim=\dimen169
\l__box_bottom_dim=\dimen170
\l__box_left_dim=\dimen171
\l__box_right_dim=\dimen172
\l__box_top_new_dim=\dimen173
\l__box_bottom_new_dim=\dimen174
\l__box_left_new_dim=\dimen175
\l__box_right_new_dim=\dimen176
\l__box_internal_box=\box70
\l__coffin_bounding_shift_dim=\dimen177
\l__coffin_left_corner_dim=\dimen178
\l__coffin_right_corner_dim=\dimen179
\l__coffin_bottom_corner_dim=\dimen180
\l__coffin_top_corner_dim=\dimen181
\l__coffin_scaled_total_height_dim=\dimen182
\l__coffin_scaled_width_dim=\dimen183
))
Package: xparse 2013/12/31 v4634 L3 Experimental document command parser
\l__xparse_current_arg_int=\count160
\l__xparse_m_args_int=\count161
\l__xparse_mandatory_args_int=\count162
\l__xparse_processor_int=\count163
\l__xparse_v_nesting_int=\count164
)
.................................................
. LaTeX info: "xparse/define-command"
. 
. Defining document command \normL with arg. spec. ' s O{} m ' on line 22.
.................................................

(/usr/share/texlive/texmf-dist/tex/latex/booktabs/booktabs.sty
Package: booktabs 2005/04/14 v1.61803 publication quality tables
\heavyrulewidth=\dimen184
\lightrulewidth=\dimen185
\cmidrulewidth=\dimen186
\belowrulesep=\dimen187
\belowbottomsep=\dimen188
\aboverulesep=\dimen189
\abovetopsep=\dimen190
\cmidrulesep=\dimen191
\cmidrulekern=\dimen192
\defaultaddspace=\dimen193
\@cmidla=\count165
\@cmidlb=\count166
\@aboverulesep=\dimen194
\@belowrulesep=\dimen195
\@thisruleclass=\count167
\@lastruleclass=\count168
\@thisrulewidth=\dimen196
)
(/usr/share/texmf/tex/latex/xcolor/xcolor.sty
Package: xcolor 2007/01/21 v2.11 LaTeX color extensions (UK)

(/usr/share/texlive/texmf-dist/tex/latex/latexconfig/color.cfg
File: color.cfg 2007/01/18 v1.5 color configuration of teTeX/TeXLive
)
Package xcolor Info: Driver file: pdftex.def on input line 225.
Package xcolor Info: Model `cmy' substituted by `cmy0' on input line 1337.
Package xcolor Info: Model `hsb' substituted by `rgb' on input line 1341.
Package xcolor Info: Model `RGB' extended on input line 1353.
Package xcolor Info: Model `HTML' substituted by `rgb' on input line 1355.
Package xcolor Info: Model `Hsb' substituted by `hsb' on input line 1356.
Package xcolor Info: Model `tHsb' substituted by `hsb' on input line 1357.
Package xcolor Info: Model `HSB' substituted by `hsb' on input line 1358.
Package xcolor Info: Model `Gray' substituted by `gray' on input line 1359.
Package xcolor Info: Model `wave' substituted by `hsb' on input line 1360.

(/usr/share/texmf/tex/latex/xcolor/x11nam.def
File: x11nam.def 2007/01/21 v2.11 Predefined colors according to Unix/X11 (UK)
))
(/usr/share/texlive/texmf-dist/tex/latex/colortbl/colortbl.sty
Package: colortbl 2012/02/13 v1.0a Color table columns (DPC)
\everycr=\toks25
\minrowclearance=\skip80
)
(/usr/share/texlive/texmf-dist/tex/latex/tabto-ltx/tabto.sty
Package: tabto 2013/03/25  v 1.3  Another tabbing mechanism
\CurrentLineWidth=\dimen197
)
(/usr/share/texlive/texmf-dist/tex/latex/appendix/appendix.sty
Package: appendix 2009/09/02 v1.2b extra appendix facilities
\c@@pps=\count169
\c@@ppsavesec=\count170
\c@@ppsaveapp=\count171
)
(/usr/share/texmf/tex/latex/pgf/frontendlayer/tikz.sty
(/usr/share/texmf/tex/latex/pgf/basiclayer/pgf.sty
(/usr/share/texmf/tex/latex/pgf/utilities/pgfrcs.sty
(/usr/share/texmf/tex/generic/pgf/utilities/pgfutil-common.tex
\pgfutil@everybye=\toks26
)
(/usr/share/texmf/tex/generic/pgf/utilities/pgfutil-latex.def
\pgfutil@abb=\box71

(/usr/share/texlive/texmf-dist/tex/latex/ms/everyshi.sty
Package: everyshi 2001/05/15 v3.00 EveryShipout Package (MS)
))
(/usr/share/texmf/tex/generic/pgf/utilities/pgfrcs.code.tex
Package: pgfrcs 2010/10/25 v2.10 (rcs-revision 1.24)
))
Package: pgf 2008/01/15 v2.10 (rcs-revision 1.12)

(/usr/share/texmf/tex/latex/pgf/basiclayer/pgfcore.sty
(/usr/share/texmf/tex/latex/pgf/systemlayer/pgfsys.sty
(/usr/share/texmf/tex/generic/pgf/systemlayer/pgfsys.code.tex
Package: pgfsys 2010/06/30 v2.10 (rcs-revision 1.37)

(/usr/share/texmf/tex/generic/pgf/utilities/pgfkeys.code.tex
\pgfkeys@pathtoks=\toks27
\pgfkeys@temptoks=\toks28

(/usr/share/texmf/tex/generic/pgf/utilities/pgfkeysfiltered.code.tex
\pgfkeys@tmptoks=\toks29
))
\pgf@x=\dimen198
\pgf@y=\dimen199
\pgf@xa=\dimen200
\pgf@ya=\dimen201
Normal \dimen register pool exhausted, switching to extended pool.
\pgf@xb=\dimen256
\pgf@yb=\dimen257
\pgf@xc=\dimen258
\pgf@yc=\dimen259
\w@pgf@writea=\write3
\r@pgf@reada=\read1
\c@pgf@counta=\count172
\c@pgf@countb=\count173
\c@pgf@countc=\count174
\c@pgf@countd=\count175

(/usr/share/texmf/tex/generic/pgf/systemlayer/pgf.cfg
File: pgf.cfg 2008/05/14  (rcs-revision 1.7)
)
Package pgfsys Info: Driver file for pgf: pgfsys-pdftex.def on input line 900.

(/usr/share/texmf/tex/generic/pgf/systemlayer/pgfsys-pdftex.def
File: pgfsys-pdftex.def 2009/05/22  (rcs-revision 1.26)

(/usr/share/texmf/tex/generic/pgf/systemlayer/pgfsys-common-pdf.def
File: pgfsys-common-pdf.def 2008/05/19  (rcs-revision 1.10)
)))
(/usr/share/texmf/tex/generic/pgf/systemlayer/pgfsyssoftpath.code.tex
File: pgfsyssoftpath.code.tex 2008/07/18  (rcs-revision 1.7)
\pgfsyssoftpath@smallbuffer@items=\count176
\pgfsyssoftpath@bigbuffer@items=\count177
)
(/usr/share/texmf/tex/generic/pgf/systemlayer/pgfsysprotocol.code.tex
File: pgfsysprotocol.code.tex 2006/10/16  (rcs-revision 1.4)
))
(/usr/share/texmf/tex/generic/pgf/basiclayer/pgfcore.code.tex
Package: pgfcore 2010/04/11 v2.10 (rcs-revision 1.7)

(/usr/share/texmf/tex/generic/pgf/math/pgfmath.code.tex
(/usr/share/texmf/tex/generic/pgf/math/pgfmathcalc.code.tex
(/usr/share/texmf/tex/generic/pgf/math/pgfmathutil.code.tex)
(/usr/share/texmf/tex/generic/pgf/math/pgfmathparser.code.tex
\pgfmath@dimen=\dimen260
\pgfmath@count=\count178
\pgfmath@box=\box72
\pgfmath@toks=\toks30
\pgfmath@stack@operand=\toks31
\pgfmath@stack@operation=\toks32
)
(/usr/share/texmf/tex/generic/pgf/math/pgfmathfunctions.code.tex
(/usr/share/texmf/tex/generic/pgf/math/pgfmathfunctions.basic.code.tex)
(/usr/share/texmf/tex/generic/pgf/math/pgfmathfunctions.trigonometric.code.tex)
(/usr/share/texmf/tex/generic/pgf/math/pgfmathfunctions.random.code.tex)
(/usr/share/texmf/tex/generic/pgf/math/pgfmathfunctions.comparison.code.tex)
(/usr/share/texmf/tex/generic/pgf/math/pgfmathfunctions.base.code.tex)
(/usr/share/texmf/tex/generic/pgf/math/pgfmathfunctions.round.code.tex)
(/usr/share/texmf/tex/generic/pgf/math/pgfmathfunctions.misc.code.tex)))
(/usr/share/texmf/tex/generic/pgf/math/pgfmathfloat.code.tex
\c@pgfmathroundto@lastzeros=\count179
))
(/usr/share/texmf/tex/generic/pgf/basiclayer/pgfcorepoints.code.tex
File: pgfcorepoints.code.tex 2010/04/09  (rcs-revision 1.20)
\pgf@picminx=\dimen261
\pgf@picmaxx=\dimen262
\pgf@picminy=\dimen263
\pgf@picmaxy=\dimen264
\pgf@pathminx=\dimen265
\pgf@pathmaxx=\dimen266
\pgf@pathminy=\dimen267
\pgf@pathmaxy=\dimen268
\pgf@xx=\dimen269
\pgf@xy=\dimen270
\pgf@yx=\dimen271
\pgf@yy=\dimen272
\pgf@zx=\dimen273
\pgf@zy=\dimen274
)
(/usr/share/texmf/tex/generic/pgf/basiclayer/pgfcorepathconstruct.code.tex
File: pgfcorepathconstruct.code.tex 2010/08/03  (rcs-revision 1.24)
\pgf@path@lastx=\dimen275
\pgf@path@lasty=\dimen276
)
(/usr/share/texmf/tex/generic/pgf/basiclayer/pgfcorepathusage.code.tex
File: pgfcorepathusage.code.tex 2008/04/22  (rcs-revision 1.12)
\pgf@shorten@end@additional=\dimen277
\pgf@shorten@start@additional=\dimen278
)
(/usr/share/texmf/tex/generic/pgf/basiclayer/pgfcorescopes.code.tex
File: pgfcorescopes.code.tex 2010/09/08  (rcs-revision 1.34)
\pgfpic=\box73
\pgf@hbox=\box74
\pgf@layerbox@main=\box75
\pgf@picture@serial@count=\count180
)
(/usr/share/texmf/tex/generic/pgf/basiclayer/pgfcoregraphicstate.code.tex
File: pgfcoregraphicstate.code.tex 2008/04/22  (rcs-revision 1.9)
\pgflinewidth=\dimen279
)
(/usr/share/texmf/tex/generic/pgf/basiclayer/pgfcoretransformations.code.tex
File: pgfcoretransformations.code.tex 2009/06/10  (rcs-revision 1.11)
\pgf@pt@x=\dimen280
\pgf@pt@y=\dimen281
\pgf@pt@temp=\dimen282
)
(/usr/share/texmf/tex/generic/pgf/basiclayer/pgfcorequick.code.tex
File: pgfcorequick.code.tex 2008/10/09  (rcs-revision 1.3)
)
(/usr/share/texmf/tex/generic/pgf/basiclayer/pgfcoreobjects.code.tex
File: pgfcoreobjects.code.tex 2006/10/11  (rcs-revision 1.2)
)
(/usr/share/texmf/tex/generic/pgf/basiclayer/pgfcorepathprocessing.code.tex
File: pgfcorepathprocessing.code.tex 2008/10/09  (rcs-revision 1.8)
)
(/usr/share/texmf/tex/generic/pgf/basiclayer/pgfcorearrows.code.tex
File: pgfcorearrows.code.tex 2008/04/23  (rcs-revision 1.11)
)
(/usr/share/texmf/tex/generic/pgf/basiclayer/pgfcoreshade.code.tex
File: pgfcoreshade.code.tex 2008/11/23  (rcs-revision 1.13)
\pgf@max=\dimen283
\pgf@sys@shading@range@num=\count181
)
(/usr/share/texmf/tex/generic/pgf/basiclayer/pgfcoreimage.code.tex
File: pgfcoreimage.code.tex 2010/03/25  (rcs-revision 1.16)

(/usr/share/texmf/tex/generic/pgf/basiclayer/pgfcoreexternal.code.tex
File: pgfcoreexternal.code.tex 2010/09/01  (rcs-revision 1.17)
\pgfexternal@startupbox=\box76
))
(/usr/share/texmf/tex/generic/pgf/basiclayer/pgfcorelayers.code.tex
File: pgfcorelayers.code.tex 2010/08/27  (rcs-revision 1.2)
)
(/usr/share/texmf/tex/generic/pgf/basiclayer/pgfcoretransparency.code.tex
File: pgfcoretransparency.code.tex 2008/01/17  (rcs-revision 1.2)
)
(/usr/share/texmf/tex/generic/pgf/basiclayer/pgfcorepatterns.code.tex
File: pgfcorepatterns.code.tex 2009/07/02  (rcs-revision 1.3)
)))
(/usr/share/texmf/tex/generic/pgf/modules/pgfmoduleshapes.code.tex
File: pgfmoduleshapes.code.tex 2010/09/09  (rcs-revision 1.13)
\pgfnodeparttextbox=\box77
)
(/usr/share/texmf/tex/generic/pgf/modules/pgfmoduleplot.code.tex
File: pgfmoduleplot.code.tex 2010/10/22  (rcs-revision 1.8)
)
(/usr/share/texmf/tex/latex/pgf/compatibility/pgfcomp-version-0-65.sty
Package: pgfcomp-version-0-65 2007/07/03 v2.10 (rcs-revision 1.7)
\pgf@nodesepstart=\dimen284
\pgf@nodesepend=\dimen285
)
(/usr/share/texmf/tex/latex/pgf/compatibility/pgfcomp-version-1-18.sty
Package: pgfcomp-version-1-18 2007/07/23 v2.10 (rcs-revision 1.1)
))
(/usr/share/texmf/tex/latex/pgf/utilities/pgffor.sty
(/usr/share/texmf/tex/latex/pgf/utilities/pgfkeys.sty
(/usr/share/texmf/tex/generic/pgf/utilities/pgfkeys.code.tex))
(/usr/share/texmf/tex/generic/pgf/utilities/pgffor.code.tex
Package: pgffor 2010/03/23 v2.10 (rcs-revision 1.18)
\pgffor@iter=\dimen286
\pgffor@skip=\dimen287
\pgffor@stack=\toks33
\pgffor@toks=\toks34
))
(/usr/share/texmf/tex/generic/pgf/frontendlayer/tikz/tikz.code.tex
Package: tikz 2010/10/13 v2.10 (rcs-revision 1.76)

(/usr/share/texmf/tex/generic/pgf/libraries/pgflibraryplothandlers.code.tex
File: pgflibraryplothandlers.code.tex 2010/05/31 v2.10 (rcs-revision 1.15)
\pgf@plot@mark@count=\count182
\pgfplotmarksize=\dimen288
)
\tikz@lastx=\dimen289
\tikz@lasty=\dimen290
\tikz@lastxsaved=\dimen291
\tikz@lastysaved=\dimen292
\tikzleveldistance=\dimen293
\tikzsiblingdistance=\dimen294
\tikz@figbox=\box78
\tikz@tempbox=\box79
\tikztreelevel=\count183
\tikznumberofchildren=\count184
\tikznumberofcurrentchild=\count185
\tikz@fig@count=\count186

(/usr/share/texmf/tex/generic/pgf/modules/pgfmodulematrix.code.tex
File: pgfmodulematrix.code.tex 2010/08/24  (rcs-revision 1.4)
\pgfmatrixcurrentrow=\count187
\pgfmatrixcurrentcolumn=\count188
\pgf@matrix@numberofcolumns=\count189
)
\tikz@expandcount=\count190

(/usr/share/texmf/tex/generic/pgf/frontendlayer/tikz/libraries/tikzlibrarytopat
hs.code.tex
File: tikzlibrarytopaths.code.tex 2008/06/17 v2.10 (rcs-revision 1.2)
)))
(/usr/share/texmf/tex/generic/pgf/frontendlayer/tikz/libraries/tikzlibraryshape
s.geometric.code.tex
File: tikzlibraryshapes.geometric.code.tex 2008/01/09 v2.10 (rcs-revision 1.1)

(/usr/share/texmf/tex/generic/pgf/libraries/shapes/pgflibraryshapes.geometric.c
ode.tex
File: pgflibraryshapes.geometric.code.tex 2008/06/26 v2.10 (rcs-revision 1.1)
))
(/usr/share/texmf/tex/generic/pgf/frontendlayer/tikz/libraries/tikzlibraryarrow
s.code.tex
File: tikzlibraryarrows.code.tex 2008/01/09 v2.10 (rcs-revision 1.1)

(/usr/share/texmf/tex/generic/pgf/libraries/pgflibraryarrows.code.tex
File: pgflibraryarrows.code.tex 2008/10/27 v2.10 (rcs-revision 1.9)
\arrowsize=\dimen295
))
(/usr/share/texlive/texmf-dist/tex/latex/blindtext/blindtext.sty
Package: blindtext 2012/01/06 V2.0 blindtext-Package

(/usr/share/texlive/texmf-dist/tex/latex/tools/xspace.sty
Package: xspace 2009/10/20 v1.13 Space after command names (DPC,MH)
)
\c@blindtext=\count191
\c@Blindtext=\count192
\c@blind@countparstart=\count193
\blind@countxx=\count194
\blindtext@numBlindtext=\count195
\blind@countyy=\count196
\c@blindlist=\count197
\c@blindlistlevel=\count198
\c@blindlist@level=\count199
\blind@listitem=\count200
\c@blind@listcount=\count201
Normal \count register pool exhausted, switching to extended pool.
\c@blind@levelcount=\count277
\blind@mathformula=\count278
\blind@Mathformula=\count279
\c@blind@randomcount=\count280
\c@blind@randommax=\count281
\c@blind@pangramcount=\count282
\c@blind@pangrammax=\count283
) (./dissertation.aux)
\openout1 = `dissertation.aux'.

LaTeX Font Info:    Checking defaults for OML/cmm/m/it on input line 68.
LaTeX Font Info:    ... okay on input line 68.
LaTeX Font Info:    Checking defaults for T1/cmr/m/n on input line 68.
LaTeX Font Info:    ... okay on input line 68.
LaTeX Font Info:    Checking defaults for OT1/cmr/m/n on input line 68.
LaTeX Font Info:    ... okay on input line 68.
LaTeX Font Info:    Checking defaults for OMS/cmsy/m/n on input line 68.
LaTeX Font Info:    ... okay on input line 68.
LaTeX Font Info:    Checking defaults for OMX/cmex/m/n on input line 68.
LaTeX Font Info:    ... okay on input line 68.
LaTeX Font Info:    Checking defaults for U/cmr/m/n on input line 68.
LaTeX Font Info:    ... okay on input line 68.
LaTeX Font Info:    Checking defaults for PD1/pdf/m/n on input line 68.
LaTeX Font Info:    ... okay on input line 68.
 (/usr/share/texlive/texmf-dist/tex/context/base/supp-pdf.mkii
[Loading MPS to PDF converter (version 2006.09.02).]
\scratchcounter=\count284
\scratchdimen=\dimen296
\scratchbox=\box80
\nofMPsegments=\count285
\nofMParguments=\count286
\everyMPshowfont=\toks35
\MPscratchCnt=\count287
\MPscratchDim=\dimen297
\MPnumerator=\count288
\makeMPintoPDFobject=\count289
\everyMPtoPDFconversion=\toks36
) (/usr/share/texlive/texmf-dist/tex/latex/oberdiek/epstopdf-base.sty
Package: epstopdf-base 2010/02/09 v2.5 Base part for package epstopdf

(/usr/share/texlive/texmf-dist/tex/latex/oberdiek/grfext.sty
Package: grfext 2010/08/19 v1.1 Manage graphics extensions (HO)
)
Package grfext Info: Graphics extension search list:
(grfext)             [.png,.pdf,.jpg,.mps,.jpeg,.jbig2,.jb2,.PNG,.PDF,.JPG,.JPE
G,.JBIG2,.JB2,.eps]
(grfext)             \AppendGraphicsExtensions on input line 452.

(/usr/share/texlive/texmf-dist/tex/latex/latexconfig/epstopdf-sys.cfg
File: epstopdf-sys.cfg 2010/07/13 v1.3 Configuration of (r)epstopdf for TeX Liv
e
))
Package caption Info: Begin \AtBeginDocument code.
Package caption Info: subfig package v1.3 is loaded.
Package caption Info: float package is loaded.
Package caption Info: hyperref package is loaded.
Package caption Info: End \AtBeginDocument code.

ABD: EverySelectfont initializing macros
LaTeX Info: Redefining \selectfont on input line 68.
\AtBeginShipoutBox=\box81
Package hyperref Info: Link coloring OFF on input line 68.

(/usr/share/texlive/texmf-dist/tex/latex/hyperref/nameref.sty
Package: nameref 2012/10/27 v2.43 Cross-referencing by name of section

(/usr/share/texlive/texmf-dist/tex/generic/oberdiek/gettitlestring.sty
Package: gettitlestring 2010/12/03 v1.4 Cleanup title references (HO)
)
\c@section@level=\count290
)
LaTeX Info: Redefining \ref on input line 68.
LaTeX Info: Redefining \pageref on input line 68.
LaTeX Info: Redefining \nameref on input line 68.

(./dissertation.out) (./dissertation.out)
\@outlinefile=\write4
\openout4 = `dissertation.out'.


ABD: EveryShipout initializing macros [1

{/var/lib/texmf/fonts/map/pdftex/updmap/pdftex.map}] (./dissertation.toc
Overfull \hbox (8.8001pt too wide) in paragraph at lines 44--44
 [][] [][]\OT1/cmr/m/n/12 Appendix B: Ini-tial study: Tem-po-ral anal-y-sis us-
ing the network- 
 []

)
\tf@toc=\write5
\openout5 = `dissertation.toc'.

pdfTeX warning (ext4): destination with the same identifier (name{page.1}) has 
been already used, duplicate ignored
<to be read again> 
                   \relax 
l.92 \listoffigures
                    [1

] (./dissertation.lof)
\tf@lof=\write6
\openout6 = `dissertation.lof'.

 [2

] (./dissertation.lot
Overfull \hbox (22.32529pt too wide) in paragraph at lines 11--11
 [][] [][]\OT1/cmr/m/n/12 List of all projects forked be-cause of the need for 
``\OT1/cmr/m/it/12 more community- 
 []

)
\tf@lot=\write7
\openout7 = `dissertation.lot'.

 [3

] [4] [5]
Underfull \hbox (badness 10000) in paragraph at lines 125--126

 []


Underfull \hbox (badness 10000) in paragraph at lines 127--128

 []

[6] [7] [8] [9] [10]
Underfull \hbox (badness 10000) in paragraph at lines 223--223
[]|\OT1/cmr/m/n/12 Communities have
 []


Underfull \hbox (badness 5189) in paragraph at lines 224--224
[]|\OT1/cmr/m/n/12 Random walks have
 []


Underfull \hbox (badness 10000) in paragraph at lines 225--226
[]|\OT1/cmr/m/n/12 Number of driver
 []

[11] [12]
Underfull \hbox (badness 10000) in paragraph at lines 280--281

 []

[13] <epc-flow-charts.pdf, id=357, 557.01099pt x 478.91924pt>
File: epc-flow-charts.pdf Graphic file (type pdf)

<use epc-flow-charts.pdf>
Package pdftex.def Info: epc-flow-charts.pdf used on input line 300.
(pdftex.def)             Requested size: 507.00119pt x 435.9268pt.

Overfull \hbox (117.00119pt too wide) in paragraph at lines 300--301
 [][] 
 []

Package epstopdf Info: Source file: <flowchart.eps>
(epstopdf)                    date: 2015-12-08 18:04:39
(epstopdf)                    size: 1733524 bytes
(epstopdf)             Output file: <flowchart-eps-converted-to.pdf>
(epstopdf)                    date: 2015-12-08 18:05:03
(epstopdf)                    size: 211144 bytes
(epstopdf)             Command: <repstopdf --outfile=flowchart-eps-converted-to
.pdf flowchart.eps>
(epstopdf)             \includegraphics on input line 307.
Package epstopdf Info: Output file is already uptodate.
<flowchart-eps-converted-to.pdf, id=358, 1782.66pt x 2320.67pt>
File: flowchart-eps-converted-to.pdf Graphic file (type pdf)

<use flowchart-eps-converted-to.pdf>
Package pdftex.def Info: flowchart-eps-converted-to.pdf used on input line 307.

(pdftex.def)             Requested size: 350.99762pt x 456.90204pt.
 [14 <./epc-flow-charts.pdf>] [15 <./flowchart-eps-converted-to.pdf>] [16]
Underfull \hbox (badness 10000) in paragraph at lines 515--515
[]|\OT1/cmr/bx/n/12 Year
 []


Overfull \hbox (2.87073pt too wide) in paragraph at lines 515--516
[]|\OT1/cmr/bx/n/12 Type| 
 []


Underfull \hbox (badness 10000) in paragraph at lines 519--519
[]|\OT1/cmr/m/n/12 More community-driven de-vel-op-
 []


Underfull \hbox (badness 10000) in paragraph at lines 520--520
[]|\OT1/cmr/m/n/12 More community-driven de-vel-op-
 []


Underfull \hbox (badness 10000) in paragraph at lines 521--521
[]|\OT1/cmr/m/n/12 More community-driven de-vel-op-
 []


Underfull \hbox (badness 5519) in paragraph at lines 523--523
[]|\OT1/cmr/m/n/12 Apache CouchDB & Big-
 []


Overfull \hbox (1.57602pt too wide) in paragraph at lines 526--526
[]|\OT1/cmr/m/n/12 No.F.| 
 []


Overfull \hbox (1.57602pt too wide) in paragraph at lines 527--527
[]|\OT1/cmr/m/n/12 No.F.| 
 []


Overfull \hbox (1.57602pt too wide) in paragraph at lines 528--528
[]|\OT1/cmr/m/n/12 No.F.| 
 []


Overfull \hbox (1.57602pt too wide) in paragraph at lines 529--530
[]|\OT1/cmr/m/n/12 No.F.| 
 []


Overfull \hbox (77.24881pt too wide) in paragraph at lines 513--532
 [][] 
 []

[17]
Overfull \hbox (10.25449pt too wide) in paragraph at lines 540--540
[]\OT1/cmr/bx/n/14.4 Phase 2: So-ciogram For-ma-tion and Sta-tis-ti-cal Study 
 []


Overfull \hbox (16.46837pt too wide) in paragraph at lines 548--549
[]\OT1/cmr/m/n/12 A \OT1/cmr/m/it/12 network-specific \OT1/cmr/m/n/12 ap-proach
, which can be called a skin-deep \OT1/cmr/m/it/12 measurement-
 []

[18] [19] [20] [21]
Overfull \hbox (8.09567pt too wide) detected at line 610
\OML/cmm/m/it/12 ^^U[]\OT1/cmr/m/n/12 (\OML/cmm/m/it/12 x\OT1/cmr/m/n/12 ) = []
 []P[][][]\OML/cmm/m/it/12 :
 []

[22]
Underfull \hbox (badness 10000) in paragraph at lines 637--638

 []

[23]
Underfull \hbox (badness 10000) in paragraph at lines 662--663

 []

[24]pdfTeX warning (ext4): destination with the same identifier (name{equation.
0.5.7}) has been already used, duplicate ignored
<to be read again> 
                   \relax 
l.689 \begin{equation}
                       [25]
Overfull \hbox (16.08467pt too wide) in paragraph at lines 712--713
[]\OT1/cmr/m/n/12 Activity, which re-flects the ten-dency of de-vel-op-ers with
 high in-degree/out-
 []

LaTeX Font Info:    Try loading font information for OMS+cmr on input line 722.

(/usr/share/texlive/texmf-dist/tex/latex/base/omscmr.fd
File: omscmr.fd 1999/05/25 v2.5h Standard LaTeX font definitions
)
LaTeX Font Info:    Font shape `OMS/cmr/m/n' in size <12> not available
(Font)              Font shape `OMS/cmsy/m/n' tried instead on input line 722.

Overfull \hbox (2.82042pt too wide) in paragraph at lines 722--723
[]\OT1/cmr/m/n/12 (Covariate V1) De-vel-oper's level of con-tri-bu-tion/activit
y (e.g. code
 []

[26]
Overfull \hbox (8.19026pt too wide) in paragraph at lines 724--725
\OT1/cmr/m/n/12 ber of re-jected pull re-quests: es-pe-cially in forks for more
 community-
 []


Overfull \hbox (3.21208pt too wide) in paragraph at lines 726--727
[]\OT1/cmr/m/n/12 (Covariate V5) De-vel-oper's propen-sity for short-responses 
vs. long-
 []


Underfull \hbox (badness 10000) in paragraph at lines 746--746
[]|\OT1/cmr/bx/n/12 U.F.
 []


Underfull \hbox (badness 10000) in paragraph at lines 746--746
\OT1/cmr/bx/n/12 Pers.
 []


Underfull \hbox (badness 10000) in paragraph at lines 746--746
[]|\OT1/cmr/bx/n/12 U.F.
 []


Underfull \hbox (badness 10000) in paragraph at lines 746--746
\OT1/cmr/bx/n/12 More
 []


Overfull \hbox (3.74762pt too wide) in paragraph at lines 746--746
\OT1/cmr/bx/n/12 Comm.| 
 []


Underfull \hbox (badness 10000) in paragraph at lines 746--746
[]|\OT1/cmr/bx/n/12 H.F.
 []


Underfull \hbox (badness 10000) in paragraph at lines 746--746
\OT1/cmr/bx/n/12 Tech.
 []


Underfull \hbox (badness 2181) in paragraph at lines 754--754
[]|\OT1/cmr/m/n/10.95 Covariate-V1 [De-vel-oper's con-tri-bu-tion level]-
 []


Underfull \hbox (badness 1205) in paragraph at lines 757--757
[]|\OT1/cmr/m/n/10.95 Covariate-V3 [De-vel-oper's neg-a-tive ex-pe-ri-ence
 []


Underfull \hbox (badness 1205) in paragraph at lines 758--758
[]|\OT1/cmr/m/n/10.95 Covariate-V3 [De-vel-oper's neg-a-tive ex-pe-ri-ence
 []


Underfull \hbox (badness 1571) in paragraph at lines 760--760
[]|\OT1/cmr/m/n/10.95 Covariate-V4 [De-vel-oper's age-seniority level]-
 []


Underfull \hbox (badness 1571) in paragraph at lines 761--761
[]|\OT1/cmr/m/n/10.95 Covariate-V4 [De-vel-oper's age-seniority level]-
 []


Underfull \hbox (badness 3557) in paragraph at lines 763--763
[]|\OT1/cmr/m/n/10.95 Covariate-V5 and V6[Developer's un-der/over
 []


Underfull \hbox (badness 10000) in paragraph at lines 769--769
[]|\OT1/cmr/m/n/10.95 Covariate-V7 [De-vel-oper's grad-u-al-ity level]-
 []


Underfull \hbox (badness 10000) in paragraph at lines 770--770
[]|\OT1/cmr/m/n/10.95 Covariate-V7 [De-vel-oper's grad-u-al-ity level]-
 []


Overfull \hbox (32.7031pt too wide) in paragraph at lines 743--773
 [][] 
 []

[27] [28] [29]
Underfull \hbox (badness 10000) in paragraph at lines 813--814

 []

[30]
Overfull \hbox (60.55627pt too wide) in paragraph at lines 848--850
[]\OT1/cmr/m/n/12 The sim-u-la-tion out-put will be the ran-dom vari-ables $(\O
ML/cmm/m/it/12 S; R\OT1/cmr/m/n/12 ) = (\OML/cmm/m/it/12 S[]; :::; S[]; R[]; ::
:; R[]\OT1/cmr/m/n/12 )$.
 []

[31] [32]
Underfull \hbox (badness 10000) in paragraph at lines 908--909

 []

[33] [34] [35] [36]
Overfull \hbox (12.84404pt too wide) in paragraph at lines 998--1015
[][]
 []

[37]
Underfull \hbox (badness 10000) in paragraph at lines 1032--1034

 []

[38] [39


]
Underfull \hbox (badness 1122) in paragraph at lines 1055--1055
[]|\OT1/cmr/bx/n/12 M.L. data ac-ces-si-
 []


Overfull \hbox (22.44205pt too wide) in paragraph at lines 1055--1056
[]|\OT1/cmr/bx/n/12 Collected?| 
 []


Overfull \hbox (1.46982pt too wide) in paragraph at lines 1069--1069
[]|\OT1/cmr/m/n/12 jMonkeyEngine| 
 []


Overfull \hbox (20.99762pt too wide) in paragraph at lines 1053--1075
 [][] 
 []

[40]
Underfull \hbox (badness 1122) in paragraph at lines 1085--1085
[]|\OT1/cmr/bx/n/12 M.L. data ac-ces-si-
 []


Overfull \hbox (4.7184pt too wide) in paragraph at lines 1092--1092
[]|\OT1/cmr/m/n/12 GraphicsMagick| 
 []


Underfull \hbox (badness 4279) in paragraph at lines 1108--1108
[]|\OT1/cmr/m/n/12 Project Dark-
 []


Overfull \hbox (79.49524pt too wide) in paragraph at lines 1083--1117
 [][] 
 []

[41]
Overfull \hbox (7.68983pt too wide) in paragraph at lines 1122--1122
\OT1/cmr/bx/n/17.28 y-sis us-ing the network-specific mea-sure-ment
 []

Package epstopdf Info: Source file: <centrality.eps>
(epstopdf)                    date: 2015-11-05 12:44:05
(epstopdf)                    size: 1414850 bytes
(epstopdf)             Output file: <centrality-eps-converted-to.pdf>
(epstopdf)                    date: 2015-11-05 12:44:05
(epstopdf)                    size: 759320 bytes
(epstopdf)             Command: <repstopdf --outfile=centrality-eps-converted-t
o.pdf centrality.eps>
(epstopdf)             \includegraphics on input line 1128.
Package epstopdf Info: Output file is already uptodate.
<centrality-eps-converted-to.pdf, id=648, 1004.75375pt x 998.73125pt>
File: centrality-eps-converted-to.pdf Graphic file (type pdf)

<use centrality-eps-converted-to.pdf>
Package pdftex.def Info: centrality-eps-converted-to.pdf used on input line 112
8.
(pdftex.def)             Requested size: 272.99881pt x 271.35262pt.

Overfull \hbox (18.30826pt too wide) in paragraph at lines 1133--1134
[]\OT1/cmr/m/n/12 There are many ways of look-ing at an in-di-vid-ual's im-por-
tance/prestige/status
 []

[42] [43 <./centrality-eps-converted-to.pdf>]
Package epstopdf Info: Source file: <NodesEdgesTime.eps>
(epstopdf)                    date: 2015-11-05 12:44:05
(epstopdf)                    size: 30957 bytes
(epstopdf)             Output file: <NodesEdgesTime-eps-converted-to.pdf>
(epstopdf)                    date: 2015-11-05 12:44:05
(epstopdf)                    size: 23445 bytes
(epstopdf)             Command: <repstopdf --outfile=NodesEdgesTime-eps-convert
ed-to.pdf NodesEdgesTime.eps>
(epstopdf)             \includegraphics on input line 1147.
Package epstopdf Info: Output file is already uptodate.

<NodesEdgesTime-eps-converted-to.pdf, id=681, 744.7825pt x 697.60625pt>
File: NodesEdgesTime-eps-converted-to.pdf Graphic file (type pdf)

<use NodesEdgesTime-eps-converted-to.pdf>
Package pdftex.def Info: NodesEdgesTime-eps-converted-to.pdf used on input line
 1147.
(pdftex.def)             Requested size: 390.0pt x 365.30139pt.
Package epstopdf Info: Source file: <DiameterTime.eps>
(epstopdf)                    date: 2015-11-05 12:44:05
(epstopdf)                    size: 23650 bytes
(epstopdf)             Output file: <DiameterTime-eps-converted-to.pdf>
(epstopdf)                    date: 2015-11-05 12:44:05
(epstopdf)                    size: 17890 bytes
(epstopdf)             Command: <repstopdf --outfile=DiameterTime-eps-converted
-to.pdf DiameterTime.eps>
(epstopdf)             \includegraphics on input line 1154.
Package epstopdf Info: Output file is already uptodate.

<DiameterTime-eps-converted-to.pdf, id=682, 744.7825pt x 697.60625pt>
File: DiameterTime-eps-converted-to.pdf Graphic file (type pdf)

<use DiameterTime-eps-converted-to.pdf>
Package pdftex.def Info: DiameterTime-eps-converted-to.pdf used on input line 1
154.
(pdftex.def)             Requested size: 390.0pt x 365.30139pt.

<2.png, id=684, 502.87875pt x 520.94624pt> <use 2.png>
<3.png, id=685, 576.1525pt x 636.3775pt> <use 3.png>
<5.png, id=686, 591.20876pt x 576.1525pt> <use 5.png>
<7.png, id=687, 576.1525pt x 575.14874pt> <use 7.png> <use 2.png> <use 3.png>
<use 5.png> <use 7.png>
File: 2.png Graphic file (type png)
 <use 2.png>
Package pdftex.def Info: 2.png used on input line 1175.
(pdftex.def)             Requested size: 97.49696pt x 97.49435pt.
File: 3.png Graphic file (type png)
 <use 3.png>
Package pdftex.def Info: 3.png used on input line 1175.
(pdftex.def)             Requested size: 97.49626pt x 97.49167pt.
File: 5.png Graphic file (type png)
 <use 5.png>
Package pdftex.def Info: 5.png used on input line 1175.
(pdftex.def)             Requested size: 97.50012pt x 97.49626pt.
File: 7.png Graphic file (type png)
 <use 7.png>
Package pdftex.def Info: 7.png used on input line 1175.
(pdftex.def)             Requested size: 97.49626pt x 97.49315pt.

Overfull \hbox (53.98961pt too wide) in alignment at lines 1175--1175
[][][]
 []


LaTeX Warning: File `Kamailio_chart.eps' not found on input line 1183.

Package epstopdf Info: Source file: <Kamailio_chart.eps>
(epstopdf)             Output file: <Kamailio_chart-eps-converted-to.pdf>
(epstopdf)                    date: 2015-11-05 12:44:05
(epstopdf)                    size: 268635 bytes
(epstopdf)             Command: <repstopdf --outfile=Kamailio_chart-eps-convert
ed-to.pdf Kamailio_chart.eps>
(epstopdf)             \includegraphics on input line 1183.
Package epstopdf Info: Output file is already uptodate.
<Kamailio_chart-eps-converted-to.pdf, id=688, 1229.59375pt x 506.89375pt>
File: Kamailio_chart-eps-converted-to.pdf Graphic file (type pdf)

<use Kamailio_chart-eps-converted-to.pdf>
Package pdftex.def Info: Kamailio_chart-eps-converted-to.pdf used on input line
 1183.
(pdftex.def)             Requested size: 390.0pt x 160.77841pt.
Package epstopdf Info: Source file: <Kamailio_diameter.eps>
(epstopdf)                    date: 2015-11-05 12:44:05
(epstopdf)                    size: 73893 bytes
(epstopdf)             Output file: <Kamailio_diameter-eps-converted-to.pdf>
(epstopdf)                    date: 2015-11-05 12:44:05
(epstopdf)                    size: 11882 bytes
(epstopdf)             Command: <repstopdf --outfile=Kamailio_diameter-eps-conv
erted-to.pdf Kamailio_diameter.eps>
(epstopdf)             \includegraphics on input line 1185.
Package epstopdf Info: Output file is already uptodate.

<Kamailio_diameter-eps-converted-to.pdf, id=689, 1229.59375pt x 145.54375pt>
File: Kamailio_diameter-eps-converted-to.pdf Graphic file (type pdf)

<use Kamailio_diameter-eps-converted-to.pdf>
Package pdftex.def Info: Kamailio_diameter-eps-converted-to.pdf used on input l
ine 1185.
(pdftex.def)             Requested size: 390.0pt x 46.1641pt.
 [44] [45 <./NodesEdgesTime-eps-converted-to.pdf>] [46 <./DiameterTime-eps-conv
erted-to.pdf>] [47 <./2.png (PNG copy)> <./3.png (PNG copy)> <./5.png (PNG copy
)> <./7.png (PNG copy)> <./Kamailio_chart-eps-converted-to.pdf> <./Kamailio_dia
meter-eps-converted-to.pdf>]

LaTeX Warning: File `Amarok_chart.eps' not found on input line 1197.

Package epstopdf Info: Source file: <Amarok_chart.eps>
(epstopdf)             Output file: <Amarok_chart-eps-converted-to.pdf>
(epstopdf)                    date: 2015-11-05 12:44:05
(epstopdf)                    size: 348509 bytes
(epstopdf)             Command: <repstopdf --outfile=Amarok_chart-eps-converted
-to.pdf Amarok_chart.eps>
(epstopdf)             \includegraphics on input line 1197.
Package epstopdf Info: Output file is already uptodate.
<Amarok_chart-eps-converted-to.pdf, id=745, 1233.60875pt x 521.95pt>
File: Amarok_chart-eps-converted-to.pdf Graphic file (type pdf)

<use Amarok_chart-eps-converted-to.pdf>
Package pdftex.def Info: Amarok_chart-eps-converted-to.pdf used on input line 1
197.
(pdftex.def)             Requested size: 390.0pt x 165.01244pt.
Package epstopdf Info: Source file: <Amarok_diameter.eps>
(epstopdf)                    date: 2015-11-05 12:44:05
(epstopdf)                    size: 77479 bytes
(epstopdf)             Output file: <Amarok_diameter-eps-converted-to.pdf>
(epstopdf)                    date: 2015-11-05 12:44:05
(epstopdf)                    size: 12377 bytes
(epstopdf)             Command: <repstopdf --outfile=Amarok_diameter-eps-conver
ted-to.pdf Amarok_diameter.eps>
(epstopdf)             \includegraphics on input line 1199.
Package epstopdf Info: Output file is already uptodate.

<Amarok_diameter-eps-converted-to.pdf, id=746, 1229.59375pt x 145.54375pt>
File: Amarok_diameter-eps-converted-to.pdf Graphic file (type pdf)

<use Amarok_diameter-eps-converted-to.pdf>
Package pdftex.def Info: Amarok_diameter-eps-converted-to.pdf used on input lin
e 1199.
(pdftex.def)             Requested size: 360.75119pt x 42.70184pt.


LaTeX Warning: File `Asterisk_chart.eps' not found on input line 1209.

Package epstopdf Info: Source file: <Asterisk_chart.eps>
(epstopdf)             Output file: <Asterisk_chart-eps-converted-to.pdf>
(epstopdf)                    date: 2015-11-05 12:44:05
(epstopdf)                    size: 304010 bytes
(epstopdf)             Command: <repstopdf --outfile=Asterisk_chart-eps-convert
ed-to.pdf Asterisk_chart.eps>
(epstopdf)             \includegraphics on input line 1209.
Package epstopdf Info: Output file is already uptodate.
<Asterisk_chart-eps-converted-to.pdf, id=750, 1223.57124pt x 523.9575pt>
File: Asterisk_chart-eps-converted-to.pdf Graphic file (type pdf)

<use Asterisk_chart-eps-converted-to.pdf>
Package pdftex.def Info: Asterisk_chart-eps-converted-to.pdf used on input line
 1209.
(pdftex.def)             Requested size: 390.0pt x 167.00624pt.
Package epstopdf Info: Source file: <Asterisk_diameter.eps>
(epstopdf)                    date: 2015-11-05 12:44:05
(epstopdf)                    size: 80121 bytes
(epstopdf)             Output file: <Asterisk_diameter-eps-converted-to.pdf>
(epstopdf)                    date: 2015-11-05 12:44:05
(epstopdf)                    size: 12112 bytes
(epstopdf)             Command: <repstopdf --outfile=Asterisk_diameter-eps-conv
erted-to.pdf Asterisk_diameter.eps>
(epstopdf)             \includegraphics on input line 1211.
Package epstopdf Info: Output file is already uptodate.

<Asterisk_diameter-eps-converted-to.pdf, id=751, 1230.5975pt x 145.54375pt>
File: Asterisk_diameter-eps-converted-to.pdf Graphic file (type pdf)

<use Asterisk_diameter-eps-converted-to.pdf>
Package pdftex.def Info: Asterisk_diameter-eps-converted-to.pdf used on input l
ine 1211.
(pdftex.def)             Requested size: 366.60095pt x 43.35698pt.
 [48 <./Amarok_chart-eps-converted-to.pdf> <./Amarok_diameter-eps-converted-to.
pdf>] [49 <./Asterisk_chart-eps-converted-to.pdf> <./Asterisk_diameter-eps-conv
erted-to.pdf>]
Underfull \hbox (badness 10000) in paragraph at lines 1221--1222

 []

[50] [51] [52] [53] (./referenc.tex [54

] [55] [56] [57] [58])
No file dissertation.bbl.
Package atveryend Info: Empty hook `BeforeClearDocument' on input line 1453.
[59]
Package atveryend Info: Empty hook `AfterLastShipout' on input line 1453.
 (./dissertation.aux)
Package atveryend Info: Executing hook `AtVeryEndDocument' on input line 1453.
Package atveryend Info: Executing hook `AtEndAfterFileList' on input line 1453.

Package rerunfilecheck Info: File `dissertation.out' has not changed.
(rerunfilecheck)             Checksum: B3CC0B9E9EDD6357BC42BCCCFC49E312;1840.
Package atveryend Info: Empty hook `AtVeryVeryEnd' on input line 1453.
 ) 
Here is how much of TeX's memory you used:
 23371 strings out of 494985
 434280 string characters out of 6180356
 529177 words of memory out of 5000000
 25882 multiletter control sequences out of 15000+600000
 11714 words of font info for 42 fonts, out of 8000000 for 9000
 36 hyphenation exceptions out of 8191
 56i,24n,55p,10388b,692s stack positions out of 5000i,500n,10000p,200000b,80000s
</usr/share/texlive/texmf-dist/fonts/type1/public/amsfonts/cm/cmbx10.pfb></us
r/share/texlive/texmf-dist/fonts/type1/public/amsfonts/cm/cmbx12.pfb></usr/shar
e/texlive/texmf-dist/fonts/type1/public/amsfonts/cm/cmcsc10.pfb></usr/share/tex
live/texmf-dist/fonts/type1/public/amsfonts/cm/cmex10.pfb></usr/share/texlive/t
exmf-dist/fonts/type1/public/amsfonts/cm/cmmi12.pfb></usr/share/texlive/texmf-d
ist/fonts/type1/public/amsfonts/cm/cmmi6.pfb></usr/share/texlive/texmf-dist/fon
ts/type1/public/amsfonts/cm/cmmi8.pfb></usr/share/texlive/texmf-dist/fonts/type
1/public/amsfonts/cm/cmr10.pfb></usr/share/texlive/texmf-dist/fonts/type1/publi
c/amsfonts/cm/cmr12.pfb></usr/share/texlive/texmf-dist/fonts/type1/public/amsfo
nts/cm/cmr17.pfb></usr/share/texlive/texmf-dist/fonts/type1/public/amsfonts/cm/
cmr6.pfb></usr/share/texlive/texmf-dist/fonts/type1/public/amsfonts/cm/cmr7.pfb
></usr/share/texlive/texmf-dist/fonts/type1/public/amsfonts/cm/cmr8.pfb></usr/s
hare/texlive/texmf-dist/fonts/type1/public/amsfonts/cm/cmsy10.pfb></usr/share/t
exlive/texmf-dist/fonts/type1/public/amsfonts/cm/cmsy8.pfb></usr/share/texlive/
texmf-dist/fonts/type1/public/amsfonts/cm/cmti12.pfb>
Output written on dissertation.pdf (60 pages, 2999490 bytes).
PDF statistics:
 968 PDF objects out of 1000 (max. 8388607)
 844 compressed objects within 9 object streams
 283 named destinations out of 1000 (max. 500000)
 280 words of extra memory for PDF output out of 10000 (max. 10000000)

