This is pdfTeX, Version 3.1415926-2.5-1.40.14 (TeX Live 2013/Debian) (format=pdflatex 2014.4.18)  14 APR 2015 14:05
entering extended mode
 restricted \write18 enabled.
 %&-line parsing enabled.
**Proposal_report_LaTeX.tex
(./Proposal_report_LaTeX.tex
LaTeX2e <2011/06/27>
Babel <3.9f> and hyphenation patterns for 78 languages loaded.
(/usr/share/texlive/texmf-dist/tex/latex/IEEEtran/IEEEtran.cls
Document Class: IEEEtran 2012/12/27 V1.8 by Michael Shell
-- See the "IEEEtran_HOWTO" manual for usage information.
-- http://www.michaelshell.org/tex/ieeetran/
\@IEEEtrantmpdimenA=\dimen102
\@IEEEtrantmpdimenB=\dimen103
\@IEEEtrantmpcountA=\count79
\@IEEEtrantmpcountB=\count80
\@IEEEtrantmptoksA=\toks14
-- Using IEEE Computer Society mode.
LaTeX Font Info:    Try loading font information for OT1+ppl on input line 368.

(/usr/share/texlive/texmf-dist/tex/latex/psnfss/ot1ppl.fd
File: ot1ppl.fd 2001/06/04 font definitions for OT1/ppl.
)
-- Using 8.5in x 11in (letter) paper.
-- Using PDF output.
\@IEEEnormalsizeunitybaselineskip=\dimen104
-- This is a 10 point document.
\CLASSINFOnormalsizebaselineskip=\dimen105
\CLASSINFOnormalsizeunitybaselineskip=\dimen106
\IEEEnormaljot=\dimen107
LaTeX Font Info:    Font shape `OT1/ppl/bx/n' in size <5> not available
(Font)              Font shape `OT1/ppl/b/n' tried instead on input line 726.
LaTeX Font Info:    Font shape `OT1/ppl/bx/it' in size <5> not available
(Font)              Font shape `OT1/ppl/b/it' tried instead on input line 726.
LaTeX Font Info:    Font shape `OT1/ppl/bx/n' in size <7> not available
(Font)              Font shape `OT1/ppl/b/n' tried instead on input line 726.
LaTeX Font Info:    Font shape `OT1/ppl/bx/it' in size <7> not available
(Font)              Font shape `OT1/ppl/b/it' tried instead on input line 726.
LaTeX Font Info:    Font shape `OT1/ppl/bx/n' in size <8> not available
(Font)              Font shape `OT1/ppl/b/n' tried instead on input line 726.
LaTeX Font Info:    Font shape `OT1/ppl/bx/it' in size <8> not available
(Font)              Font shape `OT1/ppl/b/it' tried instead on input line 726.
LaTeX Font Info:    Font shape `OT1/ppl/bx/n' in size <9> not available
(Font)              Font shape `OT1/ppl/b/n' tried instead on input line 726.
LaTeX Font Info:    Font shape `OT1/ppl/bx/it' in size <9> not available
(Font)              Font shape `OT1/ppl/b/it' tried instead on input line 726.
LaTeX Font Info:    Font shape `OT1/ppl/bx/n' in size <10> not available
(Font)              Font shape `OT1/ppl/b/n' tried instead on input line 726.
LaTeX Font Info:    Font shape `OT1/ppl/bx/it' in size <10> not available
(Font)              Font shape `OT1/ppl/b/it' tried instead on input line 726.
LaTeX Font Info:    Font shape `OT1/ppl/bx/n' in size <11> not available
(Font)              Font shape `OT1/ppl/b/n' tried instead on input line 726.
LaTeX Font Info:    Font shape `OT1/ppl/bx/it' in size <11> not available
(Font)              Font shape `OT1/ppl/b/it' tried instead on input line 726.
LaTeX Font Info:    Font shape `OT1/ppl/bx/n' in size <12> not available
(Font)              Font shape `OT1/ppl/b/n' tried instead on input line 726.
LaTeX Font Info:    Font shape `OT1/ppl/bx/it' in size <12> not available
(Font)              Font shape `OT1/ppl/b/it' tried instead on input line 726.
LaTeX Font Info:    Font shape `OT1/ppl/bx/n' in size <17> not available
(Font)              Font shape `OT1/ppl/b/n' tried instead on input line 726.
LaTeX Font Info:    Font shape `OT1/ppl/bx/it' in size <17> not available
(Font)              Font shape `OT1/ppl/b/it' tried instead on input line 726.
LaTeX Font Info:    Font shape `OT1/ppl/bx/n' in size <20> not available
(Font)              Font shape `OT1/ppl/b/n' tried instead on input line 726.
LaTeX Font Info:    Font shape `OT1/ppl/bx/it' in size <20> not available
(Font)              Font shape `OT1/ppl/b/it' tried instead on input line 726.
LaTeX Font Info:    Font shape `OT1/ppl/bx/n' in size <24> not available
(Font)              Font shape `OT1/ppl/b/n' tried instead on input line 726.
LaTeX Font Info:    Font shape `OT1/ppl/bx/it' in size <24> not available
(Font)              Font shape `OT1/ppl/b/it' tried instead on input line 726.
\IEEEilabelindentA=\dimen108
\IEEEilabelindentB=\dimen109
\IEEEilabelindent=\dimen110
\IEEEelabelindent=\dimen111
\IEEEdlabelindent=\dimen112
\IEEElabelindent=\dimen113
\IEEEiednormlabelsep=\dimen114
\IEEEiedmathlabelsep=\dimen115
\IEEEiedtopsep=\skip41
\c@section=\count81
\c@subsection=\count82
\c@subsubsection=\count83
\c@paragraph=\count84
\c@IEEEsubequation=\count85
\abovecaptionskip=\skip42
\belowcaptionskip=\skip43
\c@figure=\count86
\c@table=\count87
\@IEEEeqnnumcols=\count88
\@IEEEeqncolcnt=\count89
\@IEEEsubeqnnumrollback=\count90
\@IEEEtmpitemindent=\dimen116
\c@IEEEbiography=\count91
\@IEEEtranrubishbin=\box26
) (/usr/share/texlive/texmf-dist/tex/latex/url/url.sty
\Urlmuskip=\muskip10
Package: url 2006/04/12  ver 3.3  Verb mode for urls, etc.
)
(/usr/share/texlive/texmf-dist/tex/latex/graphics/epsfig.sty
Package: epsfig 1999/02/16 v1.7a (e)psfig emulation (SPQR)

(/usr/share/texlive/texmf-dist/tex/latex/graphics/graphicx.sty
Package: graphicx 1999/02/16 v1.0f Enhanced LaTeX Graphics (DPC,SPQR)

(/usr/share/texlive/texmf-dist/tex/latex/graphics/keyval.sty
Package: keyval 1999/03/16 v1.13 key=value parser (DPC)
\KV@toks@=\toks15
)
(/usr/share/texlive/texmf-dist/tex/latex/graphics/graphics.sty
Package: graphics 2009/02/05 v1.0o Standard LaTeX Graphics (DPC,SPQR)

(/usr/share/texlive/texmf-dist/tex/latex/graphics/trig.sty
Package: trig 1999/03/16 v1.09 sin cos tan (DPC)
)
(/usr/share/texlive/texmf-dist/tex/latex/latexconfig/graphics.cfg
File: graphics.cfg 2010/04/23 v1.9 graphics configuration of TeX Live
)
Package graphics Info: Driver file: pdftex.def on input line 91.

(/usr/share/texlive/texmf-dist/tex/latex/pdftex-def/pdftex.def
File: pdftex.def 2011/05/27 v0.06d Graphics/color for pdfTeX

(/usr/share/texlive/texmf-dist/tex/generic/oberdiek/infwarerr.sty
Package: infwarerr 2010/04/08 v1.3 Providing info/warning/error messages (HO)
)
(/usr/share/texlive/texmf-dist/tex/generic/oberdiek/ltxcmds.sty
Package: ltxcmds 2011/11/09 v1.22 LaTeX kernel commands for general use (HO)
)
\Gread@gobject=\count92
))
\Gin@req@height=\dimen117
\Gin@req@width=\dimen118
)
\epsfxsize=\dimen119
\epsfysize=\dimen120
)
(/usr/share/texlive/texmf-dist/tex/latex/base/makeidx.sty
Package: makeidx 2000/03/29 v1.0m Standard LaTeX package
)
(/usr/share/texlive/texmf-dist/tex/latex/tools/multicol.sty
Package: multicol 2011/06/27 v1.7a multicolumn formatting (FMi)
\c@tracingmulticols=\count93
\mult@box=\box27
\multicol@leftmargin=\dimen121
\c@unbalance=\count94
\c@collectmore=\count95
\doublecol@number=\count96
\multicoltolerance=\count97
\multicolpretolerance=\count98
\full@width=\dimen122
\page@free=\dimen123
\premulticols=\dimen124
\postmulticols=\dimen125
\multicolsep=\skip44
\multicolbaselineskip=\skip45
\partial@page=\box28
\last@line=\box29
\mult@rightbox=\box30
\mult@grightbox=\box31
\mult@gfirstbox=\box32
\mult@firstbox=\box33
\@tempa=\box34
\@tempa=\box35
\@tempa=\box36
\@tempa=\box37
\@tempa=\box38
\@tempa=\box39
\@tempa=\box40
\@tempa=\box41
\@tempa=\box42
\@tempa=\box43
\@tempa=\box44
\@tempa=\box45
\@tempa=\box46
\@tempa=\box47
\@tempa=\box48
\@tempa=\box49
\@tempa=\box50
\c@columnbadness=\count99
\c@finalcolumnbadness=\count100
\last@try=\dimen126
\multicolovershoot=\dimen127
\multicolundershoot=\dimen128
\mult@nat@firstbox=\box51
\colbreak@box=\box52
\multicol@sort@counter=\count101
)
(/usr/share/texlive/texmf-dist/tex/latex/footmisc/footmisc.sty
Package: footmisc 2011/06/06 v5.5b a miscellany of footnote facilities
\FN@temptoken=\toks16
\footnotemargin=\dimen129
\c@pp@next@reset=\count102
Package footmisc Info: Declaring symbol style bringhurst on input line 855.
Package footmisc Info: Declaring symbol style chicago on input line 863.
Package footmisc Info: Declaring symbol style wiley on input line 872.
Package footmisc Info: Declaring symbol style lamport-robust on input line 883.

Package footmisc Info: Declaring symbol style lamport* on input line 903.
Package footmisc Info: Declaring symbol style lamport*-robust on input line 924
.
)
(/usr/share/texlive/texmf-dist/tex/latex/subfig/subfig.sty
Package: subfig 2005/06/28 ver: 1.3 subfig package

(/usr/share/texlive/texmf-dist/tex/latex/caption/caption.sty
Package: caption 2013/05/02 v3.3-89 Customizing captions (AR)

(/usr/share/texlive/texmf-dist/tex/latex/caption/caption3.sty
Package: caption3 2013/05/02 v1.6-88 caption3 kernel (AR)
Package caption3 Info: TeX engine: e-TeX on input line 57.
\captionmargin=\dimen130
\captionmargin@=\dimen131
\captionwidth=\dimen132
\caption@tempdima=\dimen133
\caption@indent=\dimen134
\caption@parindent=\dimen135
\caption@hangindent=\dimen136
Package caption Info: Unknown document class (or package),
(caption)             standard defaults will be used.
)

Package caption Warning: Unsupported document class (or package) detected,
(caption)                usage of the caption package is not recommended.
See the caption package documentation for explanation.

Package caption Info: \@makecaption = \long macro:#1#2->\ifx \@captype \@IEEEta
blestring \normalsize \bgroup \par \centering \@IEEEtabletopskipstrut {\normalf
ont \sffamily \normalsize #1}\\{\normalfont \sffamily \normalsize #2}\par \addv
space {0.5\baselineskip }\egroup \@IEEEtablecaptionsepspace \else \@IEEEfigurec
aptionsepspace \setbox \@tempboxa \hbox {\normalfont \sffamily \normalsize {#1.
}\nobreakspace #2}\ifdim \wd \@tempboxa >\hsize \setbox \@tempboxa \hbox {\norm
alfont \sffamily \normalsize {#1.}\nobreakspace }\parbox [t]{\hsize }{\normalfo
nt \sffamily \normalsize \noindent \unhbox \@tempboxa #2}\else \hbox to\hsize {
\normalfont \sffamily \normalsize \box \@tempboxa \hfil }\fi \fi .
\c@ContinuedFloat=\count103
)
\c@KVtest=\count104
\sf@farskip=\skip46
\sf@captopadj=\dimen137
\sf@capskip=\skip47
\sf@nearskip=\skip48
\c@subfigure=\count105
\c@subfigure@save=\count106
\c@lofdepth=\count107
\c@subtable=\count108
\c@subtable@save=\count109
\c@lotdepth=\count110
\sf@top=\skip49
\sf@bottom=\skip50
) (/usr/share/texlive/texmf-dist/tex/latex/tools/tabularx.sty
Package: tabularx 1999/01/07 v2.07 `tabularx' package (DPC)

(/usr/share/texlive/texmf-dist/tex/latex/tools/array.sty
Package: array 2008/09/09 v2.4c Tabular extension package (FMi)
\col@sep=\dimen138
\extrarowheight=\dimen139
\NC@list=\toks17
\extratabsurround=\skip51
\backup@length=\skip52
)
\TX@col@width=\dimen140
\TX@old@table=\dimen141
\TX@old@col=\dimen142
\TX@target=\dimen143
\TX@delta=\dimen144
\TX@cols=\count111
\TX@ftn=\toks18
)
(/usr/share/texlive/texmf-dist/tex/latex/ms/ragged2e.sty
Package: ragged2e 2009/05/21 v2.1 ragged2e Package (MS)

(/usr/share/texlive/texmf-dist/tex/latex/ms/everysel.sty
Package: everysel 2011/10/28 v1.2 EverySelectfont Package (MS)
)
\CenteringLeftskip=\skip53
\RaggedLeftLeftskip=\skip54
\RaggedRightLeftskip=\skip55
\CenteringRightskip=\skip56
\RaggedLeftRightskip=\skip57
\RaggedRightRightskip=\skip58
\CenteringParfillskip=\skip59
\RaggedLeftParfillskip=\skip60
\RaggedRightParfillskip=\skip61
\JustifyingParfillskip=\skip62
\CenteringParindent=\skip63
\RaggedLeftParindent=\skip64
\RaggedRightParindent=\skip65
\JustifyingParindent=\skip66
)
(/usr/share/texlive/texmf-dist/tex/latex/hyperref/hyperref.sty
Package: hyperref 2012/11/06 v6.83m Hypertext links for LaTeX

(/usr/share/texlive/texmf-dist/tex/generic/oberdiek/hobsub-hyperref.sty
Package: hobsub-hyperref 2012/05/28 v1.13 Bundle oberdiek, subset hyperref (HO)


(/usr/share/texlive/texmf-dist/tex/generic/oberdiek/hobsub-generic.sty
Package: hobsub-generic 2012/05/28 v1.13 Bundle oberdiek, subset generic (HO)
Package: hobsub 2012/05/28 v1.13 Construct package bundles (HO)
Package hobsub Info: Skipping package `infwarerr' (already loaded).
Package hobsub Info: Skipping package `ltxcmds' (already loaded).
Package: ifluatex 2010/03/01 v1.3 Provides the ifluatex switch (HO)
Package ifluatex Info: LuaTeX not detected.
Package: ifvtex 2010/03/01 v1.5 Detect VTeX and its facilities (HO)
Package ifvtex Info: VTeX not detected.
Package: intcalc 2007/09/27 v1.1 Expandable calculations with integers (HO)
Package: ifpdf 2011/01/30 v2.3 Provides the ifpdf switch (HO)
Package ifpdf Info: pdfTeX in PDF mode is detected.
Package: etexcmds 2011/02/16 v1.5 Avoid name clashes with e-TeX commands (HO)
Package etexcmds Info: Could not find \expanded.
(etexcmds)             That can mean that you are not using pdfTeX 1.50 or
(etexcmds)             that some package has redefined \expanded.
(etexcmds)             In the latter case, load this package earlier.
Package: kvsetkeys 2012/04/25 v1.16 Key value parser (HO)
Package: kvdefinekeys 2011/04/07 v1.3 Define keys (HO)
Package: pdftexcmds 2011/11/29 v0.20 Utility functions of pdfTeX for LuaTeX (HO
)
Package pdftexcmds Info: LuaTeX not detected.
Package pdftexcmds Info: \pdf@primitive is available.
Package pdftexcmds Info: \pdf@ifprimitive is available.
Package pdftexcmds Info: \pdfdraftmode found.
Package: pdfescape 2011/11/25 v1.13 Implements pdfTeX's escape features (HO)
Package: bigintcalc 2012/04/08 v1.3 Expandable calculations on big integers (HO
)
Package: bitset 2011/01/30 v1.1 Handle bit-vector datatype (HO)
Package: uniquecounter 2011/01/30 v1.2 Provide unlimited unique counter (HO)
)
Package hobsub Info: Skipping package `hobsub' (already loaded).
Package: letltxmacro 2010/09/02 v1.4 Let assignment for LaTeX macros (HO)
Package: hopatch 2012/05/28 v1.2 Wrapper for package hooks (HO)
Package: xcolor-patch 2011/01/30 xcolor patch
Package: atveryend 2011/06/30 v1.8 Hooks at the very end of document (HO)
Package atveryend Info: \enddocument detected (standard20110627).
Package: atbegshi 2011/10/05 v1.16 At begin shipout hook (HO)
Package: refcount 2011/10/16 v3.4 Data extraction from label references (HO)
Package: hycolor 2011/01/30 v1.7 Color options for hyperref/bookmark (HO)
)
(/usr/share/texlive/texmf-dist/tex/generic/ifxetex/ifxetex.sty
Package: ifxetex 2010/09/12 v0.6 Provides ifxetex conditional
)
(/usr/share/texlive/texmf-dist/tex/latex/oberdiek/auxhook.sty
Package: auxhook 2011/03/04 v1.3 Hooks for auxiliary files (HO)
)
(/usr/share/texlive/texmf-dist/tex/latex/oberdiek/kvoptions.sty
Package: kvoptions 2011/06/30 v3.11 Key value format for package options (HO)
)
\@linkdim=\dimen145
\Hy@linkcounter=\count112
\Hy@pagecounter=\count113

(/usr/share/texlive/texmf-dist/tex/latex/hyperref/pd1enc.def
File: pd1enc.def 2012/11/06 v6.83m Hyperref: PDFDocEncoding definition (HO)
)
\Hy@SavedSpaceFactor=\count114

(/usr/share/texlive/texmf-dist/tex/latex/latexconfig/hyperref.cfg
File: hyperref.cfg 2002/06/06 v1.2 hyperref configuration of TeXLive
)
Package hyperref Info: Hyper figures OFF on input line 4443.
Package hyperref Info: Link nesting OFF on input line 4448.
Package hyperref Info: Hyper index ON on input line 4451.
Package hyperref Info: Plain pages OFF on input line 4458.
Package hyperref Info: Backreferencing OFF on input line 4463.
Package hyperref Info: Implicit mode ON; LaTeX internals redefined.
Package hyperref Info: Bookmarks ON on input line 4688.
\c@Hy@tempcnt=\count115
LaTeX Info: Redefining \url on input line 5041.
\XeTeXLinkMargin=\dimen146
\Fld@menulength=\count116
\Field@Width=\dimen147
\Fld@charsize=\dimen148
Package hyperref Info: Hyper figures OFF on input line 6295.
Package hyperref Info: Link nesting OFF on input line 6300.
Package hyperref Info: Hyper index ON on input line 6303.
Package hyperref Info: backreferencing OFF on input line 6310.
Package hyperref Info: Link coloring OFF on input line 6315.
Package hyperref Info: Link coloring with OCG OFF on input line 6320.
Package hyperref Info: PDF/A mode OFF on input line 6325.
LaTeX Info: Redefining \ref on input line 6365.
LaTeX Info: Redefining \pageref on input line 6369.
\Hy@abspage=\count117
\c@Item=\count118
\c@Hfootnote=\count119
)

Package hyperref Message: Driver (autodetected): hpdftex.

(/usr/share/texlive/texmf-dist/tex/latex/hyperref/hpdftex.def
File: hpdftex.def 2012/11/06 v6.83m Hyperref driver for pdfTeX
\Fld@listcount=\count120
\c@bookmark@seq@number=\count121

(/usr/share/texlive/texmf-dist/tex/latex/oberdiek/rerunfilecheck.sty
Package: rerunfilecheck 2011/04/15 v1.7 Rerun checks for auxiliary files (HO)
Package uniquecounter Info: New unique counter `rerunfilecheck' on input line 2
82.
)
\Hy@SectionHShift=\skip67
)
(/usr/share/texlive/texmf-dist/tex/latex/float/float.sty
Package: float 2001/11/08 v1.3d Float enhancements (AL)
\c@float@type=\count122
\float@exts=\toks19
\float@box=\box53
\@float@everytoks=\toks20
\@floatcapt=\box54
)
(./Proposal_report_LaTeX.aux)
\openout1 = `Proposal_report_LaTeX.aux'.

LaTeX Font Info:    Checking defaults for OML/cmm/m/it on input line 33.
LaTeX Font Info:    ... okay on input line 33.
LaTeX Font Info:    Checking defaults for T1/cmr/m/n on input line 33.
LaTeX Font Info:    ... okay on input line 33.
LaTeX Font Info:    Checking defaults for OT1/cmr/m/n on input line 33.
LaTeX Font Info:    ... okay on input line 33.
LaTeX Font Info:    Checking defaults for OMS/cmsy/m/n on input line 33.
LaTeX Font Info:    ... okay on input line 33.
LaTeX Font Info:    Checking defaults for OMX/cmex/m/n on input line 33.
LaTeX Font Info:    ... okay on input line 33.
LaTeX Font Info:    Checking defaults for U/cmr/m/n on input line 33.
LaTeX Font Info:    ... okay on input line 33.
LaTeX Font Info:    Checking defaults for PD1/pdf/m/n on input line 33.
LaTeX Font Info:    ... okay on input line 33.

(/usr/share/texlive/texmf-dist/tex/context/base/supp-pdf.mkii
[Loading MPS to PDF converter (version 2006.09.02).]
\scratchcounter=\count123
\scratchdimen=\dimen149
\scratchbox=\box55
\nofMPsegments=\count124
\nofMParguments=\count125
\everyMPshowfont=\toks21
\MPscratchCnt=\count126
\MPscratchDim=\dimen150
\MPnumerator=\count127
\makeMPintoPDFobject=\count128
\everyMPtoPDFconversion=\toks22
) (/usr/share/texlive/texmf-dist/tex/latex/oberdiek/epstopdf-base.sty
Package: epstopdf-base 2010/02/09 v2.5 Base part for package epstopdf

(/usr/share/texlive/texmf-dist/tex/latex/oberdiek/grfext.sty
Package: grfext 2010/08/19 v1.1 Manage graphics extensions (HO)
)
Package grfext Info: Graphics extension search list:
(grfext)             [.png,.pdf,.jpg,.mps,.jpeg,.jbig2,.jb2,.PNG,.PDF,.JPG,.JPE
G,.JBIG2,.JB2,.eps]
(grfext)             \AppendGraphicsExtensions on input line 452.

(/usr/share/texlive/texmf-dist/tex/latex/latexconfig/epstopdf-sys.cfg
File: epstopdf-sys.cfg 2010/07/13 v1.3 Configuration of (r)epstopdf for TeX Liv
e
))
Package caption Info: Begin \AtBeginDocument code.
Package caption Info: subfig package v1.3 is loaded.
Package caption Info: float package is loaded.
Package caption Info: hyperref package is loaded.
Package caption Info: End \AtBeginDocument code.

ABD: EverySelectfont initializing macros
LaTeX Info: Redefining \selectfont on input line 33.
\AtBeginShipoutBox=\box56
Package hyperref Info: Link coloring OFF on input line 33.

(/usr/share/texlive/texmf-dist/tex/latex/hyperref/nameref.sty
Package: nameref 2012/10/27 v2.43 Cross-referencing by name of section

(/usr/share/texlive/texmf-dist/tex/generic/oberdiek/gettitlestring.sty
Package: gettitlestring 2010/12/03 v1.4 Cleanup title references (HO)
)
\c@section@level=\count129
)
LaTeX Info: Redefining \ref on input line 33.
LaTeX Info: Redefining \pageref on input line 33.
LaTeX Info: Redefining \nameref on input line 33.

(./Proposal_report_LaTeX.out) (./Proposal_report_LaTeX.out)
\@outlinefile=\write3
\openout3 = `Proposal_report_LaTeX.out'.

LaTeX Font Info:    Try loading font information for OT1+phv on input line 36.

(/usr/share/texlive/texmf-dist/tex/latex/psnfss/ot1phv.fd
File: ot1phv.fd 2001/06/04 scalable font definitions for OT1/phv.
)
LaTeX Font Info:    Calculating math sizes for size <11> on input line 36.
LaTeX Font Info:    External font `cmex10' loaded for size
(Font)              <11> on input line 36.
LaTeX Font Info:    External font `cmex10' loaded for size
(Font)              <7.69997> on input line 36.
LaTeX Font Info:    External font `cmex10' loaded for size
(Font)              <5.5> on input line 36.
LaTeX Font Info:    Try loading font information for U+pzd on input line 36.

(/usr/share/texlive/texmf-dist/tex/latex/psnfss/upzd.fd
File: upzd.fd 2001/06/04 font definitions for U/pzd.
)
LaTeX Font Info:    Font shape `OT1/phv/bx/n' in size <8> not available
(Font)              Font shape `OT1/phv/b/n' tried instead on input line 40.

Underfull \hbox (badness 10000) in paragraph at lines 40--42

 []

LaTeX Font Info:    Font shape `OT1/phv/bx/n' in size <12> not available
(Font)              Font shape `OT1/phv/b/n' tried instead on input line 48.
LaTeX Font Info:    Font shape `OT1/phv/bx/sc' in size <12> not available
(Font)              Font shape `OT1/phv/b/sc' tried instead on input line 48.

Underfull \hbox (badness 1968) in paragraph at lines 50--51
\OT1/ppl/m/n/10 ex-am-ples of how com-mu-nity can be lever-aged in
 []


Underfull \hbox (badness 4205) in paragraph at lines 50--51
\OT1/ppl/m/n/10 soft-ware de-vel-op-ment, groups are formed around
 []


Underfull \hbox (badness 1635) in paragraph at lines 50--51
\OT1/ppl/m/n/10 com-mu-ni-ties of in-ter-est, and de-pend on con-tin-ued
 []


Underfull \hbox (badness 10000) in paragraph at lines 50--51

 []


Underfull \hbox (badness 1584) in paragraph at lines 52--53
\OT1/ppl/m/n/10 Fork-ing, ei-ther as a vi-o-lent split when there is a
 []


Underfull \hbox (badness 10000) in paragraph at lines 52--53

 []


Underfull \hbox (badness 3219) in paragraph at lines 54--55
[]\OT1/ppl/m/n/10 Most re-cent stud-ies of FOSS com-mu-ni-ties have
 []


Underfull \hbox (badness 1377) in paragraph at lines 54--55
\OT1/ppl/m/n/10 in-ter-ested in, are those that lead FOSS projects to
 []


Underfull \hbox (badness 10000) in paragraph at lines 54--55

 []


Underfull \hbox (badness 10000) in paragraph at lines 56--59

 []


Underfull \hbox (badness 6944) in paragraph at lines 61--62
\OT1/ppl/m/n/10 struc-ture and dy-nam-ics of team com-mu-ni-ca-tions
 []


Underfull \hbox (badness 10000) in paragraph at lines 61--62
\OT1/ppl/m/n/10 [[]][[]][[]], iden-ti-fy-ing knowl-edge bro-kers and
 []


Underfull \hbox (badness 2418) in paragraph at lines 61--62
\OT1/ppl/m/n/10 as-so-ci-ated ac-tiv-i-ties [[]], project sus-tain-abil-ity [[]
],
 []


Underfull \hbox (badness 2158) in paragraph at lines 61--62
\OT1/ppl/m/n/10 fork-ing [[]], their topol-ogy [[]], their de-mo-graphic
 []


Underfull \hbox (badness 1424) in paragraph at lines 61--62
\OT1/ppl/m/n/10 di-ver-sity [[]], gen-der dif-fer-ences in the pro-cess of
 []


Underfull \hbox (badness 10000) in paragraph at lines 61--62

 []


Underfull \hbox (badness 10000) in paragraph at lines 63--64

 []

[1{/var/lib/texmf/fonts/map/pdftex/updmap/pdftex.map}


]
Underfull \hbox (badness 10000) in paragraph at lines 65--66

 []

LaTeX Font Info:    External font `cmex10' loaded for size
(Font)              <8> on input line 71.
LaTeX Font Info:    External font `cmex10' loaded for size
(Font)              <6> on input line 71.
LaTeX Font Info:    External font `cmex10' loaded for size
(Font)              <5> on input line 71.

Underfull \hbox (badness 10000) in paragraph at lines 75--75
[]|\OT1/ppl/m/n/8 Amarok & Clemen-tine
 []


Underfull \hbox (badness 7203) in paragraph at lines 78--78
[]|\OT1/ppl/m/n/8 Discontinuation of the orig-i-nal
 []


Underfull \hbox (badness 10000) in paragraph at lines 79--79
[]|\OT1/ppl/m/n/8 LibreOffice & OpenOf-
 []

<ForkingReasonsPieChart.png, id=116, 616.3025pt x 465.74pt>
File: ForkingReasonsPieChart.png Graphic file (type png)

<use ForkingReasonsPieChart.png>
Package pdftex.def Info: ForkingReasonsPieChart.png used on input line 89.
(pdftex.def)             Requested size: 252.0pt x 190.43585pt.

Underfull \hbox (badness 10000) in paragraph at lines 92--93

 []


Underfull \hbox (badness 2134) in paragraph at lines 109--110
[]\OT1/ppl/m/n/10 The com-mu-ni-ca-tion pat-terns of FOSS de-vel-op-ers
 []


Underfull \hbox (badness 1910) in paragraph at lines 109--110
\OT1/ppl/m/n/10 un-com-mon,'' par-tic-i-pa-tion across the com-mu-nity is
 []


Underfull \hbox (badness 1635) in paragraph at lines 109--110
\OT1/ppl/m/n/10 highly skewed, fol-low-ing a power-law dis-tri-bu-tion,
 []


Underfull \hbox (badness 10000) in paragraph at lines 109--110

 []


Underfull \hbox (badness 3098) in paragraph at lines 111--112
[]\OT1/ppl/m/n/10 The ten-sion be-tween di-ver-sity and ho-mo-gene-ity
 []


Underfull \hbox (badness 1484) in paragraph at lines 111--112
\OT1/ppl/m/n/10 of di-ver-sity shrunk as the net-works ma-tured over
 []


Underfull \hbox (badness 1460) in paragraph at lines 111--112
\OT1/ppl/m/n/10 their lifes-pan. Kunegis et al. [[]] ar-gued that one
 []


Underfull \hbox (badness 10000) in paragraph at lines 111--112

 []

[2 <./ForkingReasonsPieChart.png>]
Underfull \hbox (badness 10000) in paragraph at lines 131--132

 []


Underfull \hbox (badness 10000) in paragraph at lines 133--136

 []


Underfull \hbox (badness 10000) in paragraph at lines 139--140

 []


Underfull \hbox (badness 2951) in paragraph at lines 141--142
\OT1/ppl/m/n/10 as re-fer-ring to some un-con-struc-tive char-ac-ter-is-tics,
 []


Underfull \hbox (badness 4036) in paragraph at lines 141--142
\OT1/ppl/m/n/10 such as un-ob-structed exit, sus-cep-ti-ble, vul-ner-a-ble,
 []


Underfull \hbox (badness 2486) in paragraph at lines 141--142
\OT1/ppl/m/n/10 sus-cep-ti-bil-ity and vul-ner-a-bil-ity to herded ex-its by
 []


Underfull \hbox (badness 3635) in paragraph at lines 141--142
\OT1/ppl/m/n/10 is-sues can re-sult in some orig-i-nal core mem-bers
 []


Underfull \hbox (badness 10000) in paragraph at lines 141--142

 []


Underfull \hbox (badness 10000) in paragraph at lines 143--146

 []


Underfull \hbox (badness 2469) in paragraph at lines 149--150
\OT1/ppl/m/n/10 the changes the com-mu-nity goes through, and is
 []


Underfull \hbox (badness 10000) in paragraph at lines 149--150

 []


Underfull \hbox (badness 4279) in paragraph at lines 151--152
\OT1/ppl/m/n/10 be-cause of a de-sire for ``more community-driven
 []


Underfull \hbox (badness 1577) in paragraph at lines 151--152
\OT1/ppl/m/n/10 core that is hard to pen-e-trate for the rest of the
 []


Underfull \hbox (badness 10000) in paragraph at lines 151--152

 []


Underfull \hbox (badness 10000) in paragraph at lines 153--154

 []

LaTeX Font Info:    Font shape `OT1/phv/bx/n' in size <10> not available
(Font)              Font shape `OT1/phv/b/n' tried instead on input line 160.
LaTeX Font Info:    Font shape `OT1/phv/bx/sc' in size <10> not available
(Font)              Font shape `OT1/phv/b/sc' tried instead on input line 160.

Underfull \hbox (badness 2126) in paragraph at lines 160--160
 []\OT1/phv/b/sc/10 Research Ob-jec-tive 1: What are the so-cial
 []


Underfull \hbox (badness 2368) in paragraph at lines 160--160
\OT1/phv/b/sc/10 pat-terns as-so-ci-ated with dif-fer-ent types of
 []


Underfull \hbox (badness 10000) in paragraph at lines 160--160

 []

Missing character: There is no ‚ in font pplri7t!
Missing character: There is no Ä in font pplri7t!
Missing character: There is no ú in font pplri7t!
Missing character: There is no ‚ in font pplri7t!
Missing character: There is no Ä in font pplri7t!
Missing character: There is no ù in font pplri7t!

Underfull \hbox (badness 10000) in paragraph at lines 162--163

 []

Missing character: There is no ‚ in font pplri7t!
Missing character: There is no Ä in font pplri7t!
Missing character: There is no ú in font pplri7t!
Missing character: There is no ‚ in font pplri7t!
Missing character: There is no Ä in font pplri7t!
Missing character: There is no ù in font pplri7t!

Underfull \hbox (badness 10000) in paragraph at lines 164--165

 []

Missing character: There is no ‚ in font pplri7t!
Missing character: There is no Ä in font pplri7t!
Missing character: There is no ú in font pplri7t!
Missing character: There is no ‚ in font pplri7t!
Missing character: There is no Ä in font pplri7t!
Missing character: There is no ù in font pplri7t!
Missing character: There is no ‚ in font pplri7t!
Missing character: There is no Ä in font pplri7t!
Missing character: There is no ú in font pplri7t!
Missing character: There is no ‚ in font pplri7t!
Missing character: There is no Ä in font pplri7t!
Missing character: There is no ù in font pplri7t!

Underfull \hbox (badness 10000) in paragraph at lines 166--167

 []


Underfull \hbox (badness 2150) in paragraph at lines 168--169
\OT1/ppl/m/n/10 What es-tab-lishes an in-flec-tion point (fork)? Which
 []


Underfull \hbox (badness 10000) in paragraph at lines 168--169

 []


Underfull \hbox (badness 10000) in paragraph at lines 170--171

 []


Underfull \hbox (badness 10000) in paragraph at lines 172--173

 []


Underfull \hbox (badness 10000) in paragraph at lines 174--175

 []


Underfull \hbox (badness 5490) in paragraph at lines 176--176
 []\OT1/phv/b/sc/10 Research Ob-jec-tive 2: Match be-tween our
 []


Underfull \hbox (badness 1424) in paragraph at lines 176--176
\OT1/phv/b/sc/10 anal-y-sis and the real world? Or, does our
 []


Underfull \hbox (badness 10000) in paragraph at lines 176--176

 []


Underfull \hbox (badness 10000) in paragraph at lines 178--179

 []

[3]
LaTeX Font Info:    Font shape `OT1/phv/bx/it' in size <10> not available
(Font)              Font shape `OT1/phv/b/it' tried instead on input line 182.
LaTeX Font Info:    Font shape `OT1/phv/b/it' in size <10> not available
(Font)              Font shape `OT1/phv/b/sl' tried instead on input line 182.
Missing character: There is no ‚ in font pplri7t!
Missing character: There is no Ä in font pplri7t!
Missing character: There is no ¶ in font pplri7t!

Underfull \hbox (badness 10000) in paragraph at lines 184--185

 []


Underfull \hbox (badness 10000) in paragraph at lines 186--187

 []


Underfull \hbox (badness 10000) in paragraph at lines 199--200

 []


Overfull \hbox (7.96896pt too wide) in paragraph at lines 207--208
[]|\OT1/ppl/b/n/8 Collected?| 
 []


Overfull \hbox (7.96896pt too wide) in paragraph at lines 237--238
[]|\OT1/ppl/b/n/8 Collected?| 
 []


Underfull \hbox (badness 7030) in paragraph at lines 294--295
[]\OT1/ppl/m/n/10 Data col-lec-tion in-volved an-a-lyz-ing mail-ing list
 []


Underfull \hbox (badness 10000) in paragraph at lines 294--295

 []


Underfull \hbox (badness 2253) in paragraph at lines 298--299
\OT1/ppl/m/n/10 The nodes rep-re-sent ac-tors/players and the edges
 []


Underfull \hbox (badness 1365) in paragraph at lines 298--299
\OT1/ppl/m/n/10 new-com-ers start by send-ing their ques-tions to the
 []


Underfull \hbox (badness 10000) in paragraph at lines 298--299

 []


Underfull \hbox (badness 10000) in paragraph at lines 302--303

 []

Package epstopdf Info: Source file: <centrality.eps>
(epstopdf)                    date: 2013-05-05 12:19:38
(epstopdf)                    size: 1414850 bytes
(epstopdf)             Output file: <centrality-eps-converted-to.pdf>
(epstopdf)                    date: 2015-01-20 13:46:34
(epstopdf)                    size: 759320 bytes
(epstopdf)             Command: <repstopdf --outfile=centrality-eps-converted-t
o.pdf centrality.eps>
(epstopdf)             \includegraphics on input line 307.
Package epstopdf Info: Output file is already uptodate.
<centrality-eps-converted-to.pdf, id=165, 1004.75375pt x 998.73125pt>
File: centrality-eps-converted-to.pdf Graphic file (type pdf)

<use centrality-eps-converted-to.pdf>
Package pdftex.def Info: centrality-eps-converted-to.pdf used on input line 307
.
(pdftex.def)             Requested size: 252.0pt x 250.47464pt.

Underfull \hbox (badness 10000) in paragraph at lines 312--313

 []

[4] [5]
Underfull \hbox (badness 2103) in paragraph at lines 315--316
\OT1/ppl/m/n/10 This could oc-cur for in-stance when an in-flu-en-tial
 []


Underfull \hbox (badness 10000) in paragraph at lines 315--316

 []


Underfull \vbox (badness 2173) has occurred while \output is active []


Underfull \hbox (badness 10000) in paragraph at lines 318--322

 []

Package epstopdf Info: Source file: <NodesEdgesTime.eps>
(epstopdf)                    date: 2015-04-09 18:26:55
(epstopdf)                    size: 30957 bytes
(epstopdf)             Output file: <NodesEdgesTime-eps-converted-to.pdf>
(epstopdf)                    date: 2015-04-09 18:37:17
(epstopdf)                    size: 23445 bytes
(epstopdf)             Command: <repstopdf --outfile=NodesEdgesTime-eps-convert
ed-to.pdf NodesEdgesTime.eps>
(epstopdf)             \includegraphics on input line 327.
Package epstopdf Info: Output file is already uptodate.
<NodesEdgesTime-eps-converted-to.pdf, id=197, 744.7825pt x 697.60625pt>
File: NodesEdgesTime-eps-converted-to.pdf Graphic file (type pdf)

<use NodesEdgesTime-eps-converted-to.pdf>
Package pdftex.def Info: NodesEdgesTime-eps-converted-to.pdf used on input line
 327.
(pdftex.def)             Requested size: 252.0pt x 236.03337pt.
Package epstopdf Info: Source file: <DiameterTime.eps>
(epstopdf)                    date: 2015-04-09 18:28:35
(epstopdf)                    size: 23650 bytes
(epstopdf)             Output file: <DiameterTime-eps-converted-to.pdf>
(epstopdf)                    date: 2015-04-09 18:39:37
(epstopdf)                    size: 17890 bytes
(epstopdf)             Command: <repstopdf --outfile=DiameterTime-eps-converted
-to.pdf DiameterTime.eps>
(epstopdf)             \includegraphics on input line 328.
Package epstopdf Info: Output file is already uptodate.

<DiameterTime-eps-converted-to.pdf, id=198, 744.7825pt x 697.60625pt>
File: DiameterTime-eps-converted-to.pdf Graphic file (type pdf)

<use DiameterTime-eps-converted-to.pdf>
Package pdftex.def Info: DiameterTime-eps-converted-to.pdf used on input line 3
28.
(pdftex.def)             Requested size: 252.0pt x 236.03337pt.

Underfull \hbox (badness 10000) in paragraph at lines 335--336

 []


Underfull \hbox (badness 1748) in paragraph at lines 337--338
\OT1/ppl/m/n/10 node's tran-si-tions are hard to miss, as this ma-jor
 []


Underfull \hbox (badness 10000) in paragraph at lines 337--338

 []

<2.png, id=200, 502.87875pt x 520.94624pt> <use 2.png>
<3.png, id=201, 576.1525pt x 636.3775pt> <use 3.png>
<5.png, id=202, 591.20876pt x 576.1525pt> <use 5.png>
<7.png, id=203, 576.1525pt x 575.14874pt> <use 7.png> <use 2.png> <use 3.png>
<use 5.png> <use 7.png>
File: 2.png Graphic file (type png)
 <use 2.png>
Package pdftex.def Info: 2.png used on input line 352.
(pdftex.def)             Requested size: 125.9956pt x 125.99942pt.
File: 3.png Graphic file (type png)
 <use 3.png>
Package pdftex.def Info: 3.png used on input line 352.
(pdftex.def)             Requested size: 125.99788pt x 125.99147pt.
File: 5.png Graphic file (type png)
 <use 5.png>
Package pdftex.def Info: 5.png used on input line 352.
(pdftex.def)             Requested size: 125.9978pt x 125.99788pt.
File: 7.png Graphic file (type png)
 <use 7.png>
Package pdftex.def Info: 7.png used on input line 352.
(pdftex.def)             Requested size: 125.99788pt x 125.99777pt.

Overfull \hbox (41.98917pt too wide) in alignment at lines 352--352
[][][]
 []


LaTeX Warning: File `Kamailio_chart.eps' not found on input line 362.

Package epstopdf Info: Source file: <Kamailio_chart.eps>
(epstopdf)             Output file: <Kamailio_chart-eps-converted-to.pdf>
(epstopdf)                    date: 2013-11-29 15:51:49
(epstopdf)                    size: 268635 bytes
(epstopdf)             Command: <repstopdf --outfile=Kamailio_chart-eps-convert
ed-to.pdf Kamailio_chart.eps>
(epstopdf)             \includegraphics on input line 362.
Package epstopdf Info: Output file is already uptodate.
<Kamailio_chart-eps-converted-to.pdf, id=204, 1229.59375pt x 506.89375pt>
File: Kamailio_chart-eps-converted-to.pdf Graphic file (type pdf)

<use Kamailio_chart-eps-converted-to.pdf>
Package pdftex.def Info: Kamailio_chart-eps-converted-to.pdf used on input line
 362.
(pdftex.def)             Requested size: 516.0pt x 212.71603pt.
Package epstopdf Info: Source file: <Kamailio_diameter.eps>
(epstopdf)                    date: 2013-11-30 00:54:50
(epstopdf)                    size: 73893 bytes
(epstopdf)             Output file: <Kamailio_diameter-eps-converted-to.pdf>
(epstopdf)                    date: 2013-11-30 00:57:21
(epstopdf)                    size: 11882 bytes
(epstopdf)             Command: <repstopdf --outfile=Kamailio_diameter-eps-conv
erted-to.pdf Kamailio_diameter.eps>
(epstopdf)             \includegraphics on input line 364.
Package epstopdf Info: Output file is already uptodate.

<Kamailio_diameter-eps-converted-to.pdf, id=205, 1229.59375pt x 145.54375pt>
File: Kamailio_diameter-eps-converted-to.pdf Graphic file (type pdf)

<use Kamailio_diameter-eps-converted-to.pdf>
Package pdftex.def Info: Kamailio_diameter-eps-converted-to.pdf used on input l
ine 364.
(pdftex.def)             Requested size: 469.56189pt x 55.58035pt.

Underfull \hbox (badness 1616) in paragraph at lines 369--370
\OT1/ppl/m/n/10 mark rep-re-sents a 3-month time win-dow with 1.5
 []


Underfull \hbox (badness 10000) in paragraph at lines 369--370

 []

[6 <./centrality-eps-converted-to.pdf>]
Underfull \hbox (badness 10000) in paragraph at lines 371--372

 []


Underfull \vbox (badness 2393) has occurred while \output is active []


Underfull \hbox (badness 10000) in paragraph at lines 374--374
[][][]\OT1/ppl/m/n/8 Video vi-su-al-iza-tions avail-able at
 []


Underfull \hbox (badness 6220) in paragraph at lines 374--375
\OT1/ppl/m/n/10 of the be-tween-ness cen-tral-i-ties and the net-work
 []


Underfull \hbox (badness 10000) in paragraph at lines 374--375

 []

[7 <./2.png (PNG copy)> <./3.png (PNG copy)> <./5.png (PNG copy)> <./7.png (PNG
 copy)> <./Kamailio_chart-eps-converted-to.pdf> <./Kamailio_diameter-eps-conver
ted-to.pdf>]

LaTeX Warning: File `Amarok_chart.eps' not found on input line 378.

Package epstopdf Info: Source file: <Amarok_chart.eps>
(epstopdf)             Output file: <Amarok_chart-eps-converted-to.pdf>
(epstopdf)                    date: 2013-11-29 15:42:22
(epstopdf)                    size: 348509 bytes
(epstopdf)             Command: <repstopdf --outfile=Amarok_chart-eps-converted
-to.pdf Amarok_chart.eps>
(epstopdf)             \includegraphics on input line 378.
Package epstopdf Info: Output file is already uptodate.
<Amarok_chart-eps-converted-to.pdf, id=242, 1233.60875pt x 521.95pt>
File: Amarok_chart-eps-converted-to.pdf Graphic file (type pdf)

<use Amarok_chart-eps-converted-to.pdf>
Package pdftex.def Info: Amarok_chart-eps-converted-to.pdf used on input line 3
78.
(pdftex.def)             Requested size: 516.0pt x 218.3255pt.
Package epstopdf Info: Source file: <Amarok_diameter.eps>
(epstopdf)                    date: 2013-11-30 00:54:20
(epstopdf)                    size: 77479 bytes
(epstopdf)             Output file: <Amarok_diameter-eps-converted-to.pdf>
(epstopdf)                    date: 2013-11-30 00:55:16
(epstopdf)                    size: 12377 bytes
(epstopdf)             Command: <repstopdf --outfile=Amarok_diameter-eps-conver
ted-to.pdf Amarok_diameter.eps>
(epstopdf)             \includegraphics on input line 380.
Package epstopdf Info: Output file is already uptodate.

<Amarok_diameter-eps-converted-to.pdf, id=243, 1229.59375pt x 145.54375pt>
File: Amarok_diameter-eps-converted-to.pdf Graphic file (type pdf)

<use Amarok_diameter-eps-converted-to.pdf>
Package pdftex.def Info: Amarok_diameter-eps-converted-to.pdf used on input lin
e 380.
(pdftex.def)             Requested size: 477.30157pt x 56.49754pt.

Underfull \hbox (badness 10000) in paragraph at lines 386--387

 []


LaTeX Warning: File `Asterisk_chart.eps' not found on input line 390.

Package epstopdf Info: Source file: <Asterisk_chart.eps>
(epstopdf)             Output file: <Asterisk_chart-eps-converted-to.pdf>
(epstopdf)                    date: 2013-11-29 15:51:47
(epstopdf)                    size: 304010 bytes
(epstopdf)             Command: <repstopdf --outfile=Asterisk_chart-eps-convert
ed-to.pdf Asterisk_chart.eps>
(epstopdf)             \includegraphics on input line 390.
Package epstopdf Info: Output file is already uptodate.
<Asterisk_chart-eps-converted-to.pdf, id=245, 1223.57124pt x 523.9575pt>
File: Asterisk_chart-eps-converted-to.pdf Graphic file (type pdf)

<use Asterisk_chart-eps-converted-to.pdf>
Package pdftex.def Info: Asterisk_chart-eps-converted-to.pdf used on input line
 390.
(pdftex.def)             Requested size: 516.0pt x 220.95609pt.
Package epstopdf Info: Source file: <Asterisk_diameter.eps>
(epstopdf)                    date: 2013-11-30 02:12:15
(epstopdf)                    size: 80121 bytes
(epstopdf)             Output file: <Asterisk_diameter-eps-converted-to.pdf>
(epstopdf)                    date: 2013-11-30 02:12:41
(epstopdf)                    size: 12112 bytes
(epstopdf)             Command: <repstopdf --outfile=Asterisk_diameter-eps-conv
erted-to.pdf Asterisk_diameter.eps>
(epstopdf)             \includegraphics on input line 392.
Package epstopdf Info: Output file is already uptodate.

<Asterisk_diameter-eps-converted-to.pdf, id=246, 1230.5975pt x 145.54375pt>
File: Asterisk_diameter-eps-converted-to.pdf Graphic file (type pdf)

<use Asterisk_diameter-eps-converted-to.pdf>
Package pdftex.def Info: Asterisk_diameter-eps-converted-to.pdf used on input l
ine 392.
(pdftex.def)             Requested size: 485.04126pt x 57.36589pt.

Underfull \hbox (badness 1596) in paragraph at lines 405--406
\OT1/ppl/m/n/10 pa-pers by Rob-les and Gonzalez-Barahona [[]] and
 []


Underfull \hbox (badness 10000) in paragraph at lines 405--406

 []


Underfull \hbox (badness 1472) in paragraph at lines 407--408
[]\OT1/ppl/m/n/10 We also vi-su-al-ized the dy-namic graph (avail-able
 []


Underfull \hbox (badness 1442) in paragraph at lines 407--408
\OT1/ppl/m/n/10 on-line) and as stacked area charts over time. The
 []


Underfull \hbox (badness 3635) in paragraph at lines 407--408
\OT1/ppl/m/n/10 vi-su-al-iza-tions and the quan-ti-ta-tive re-sults showed
 []


Underfull \hbox (badness 6220) in paragraph at lines 407--408
\OT1/ppl/m/n/10 the dif-fer-ences among the projects in the three
 []


Underfull \hbox (badness 2253) in paragraph at lines 407--408
\OT1/ppl/m/n/10 fork-ing rea-sons of per-sonal dif-fer-ences among the
 []


Underfull \hbox (badness 3354) in paragraph at lines 407--408
\OT1/ppl/m/n/10 de-vel-oper teams, tech-ni-cal dif-fer-ences (ad-di-tion of
 []


Underfull \hbox (badness 10000) in paragraph at lines 407--408
\OT1/ppl/m/n/10 new func-tion-al-ity) and more community-driven
 []


Underfull \hbox (badness 10000) in paragraph at lines 407--408

 []


Underfull \hbox (badness 1527) in paragraph at lines 413--414
\OT1/ppl/m/n/10 The pre-sented find-ings may not be gen-er-al-ized to
 []


Underfull \hbox (badness 3769) in paragraph at lines 413--414
\OT1/ppl/m/n/10 were se-lected from a pool of can-di-date projects,
 []


Underfull \hbox (badness 1389) in paragraph at lines 413--414
\OT1/ppl/m/n/10 which could re-sult in a more ro-bust in-ves-ti-ga-tion.
 []


Underfull \hbox (badness 3098) in paragraph at lines 413--414
\OT1/ppl/m/n/10 from on-line com-mu-ni-ca-tions. The as-sump-tion that
 []


Underfull \hbox (badness 1460) in paragraph at lines 413--414
\OT1/ppl/m/n/10 all the com-mu-ni-ca-tion can be cap-tured by min-ing
 []


Underfull \hbox (badness 3209) in paragraph at lines 413--414
\OT1/ppl/m/n/10 repos-i-to-ries is in-tu-itively im-per-fect, but in-evitable.
 []


Underfull \hbox (badness 10000) in paragraph at lines 413--414

 []


Underfull \hbox (badness 10000) in paragraph at lines 423--425

 []

[8 <./NodesEdgesTime-eps-converted-to.pdf> <./DiameterTime-eps-converted-to.pdf
>] [9 <./Amarok_chart-eps-converted-to.pdf> <./Amarok_diameter-eps-converted-to
.pdf> <./Asterisk_chart-eps-converted-to.pdf> <./Asterisk_diameter-eps-converte
d-to.pdf>] (./referenc.tex
Missing character: There is no ‚ in font pplr7t!
Missing character: There is no Ä in font pplr7t!
Missing character: There is no ì in font pplr7t!
Missing character: There is no ‚ in font pplr7t!
Missing character: There is no Ä in font pplr7t!
Missing character: There is no ì in font pplr7t!
Missing character: There is no ‚ in font pplr7t!
Missing character: There is no Ä in font pplr7t!
Missing character: There is no ì in font pplr7t!
)
Package atveryend Info: Empty hook `BeforeClearDocument' on input line 433.
 [10]
Package atveryend Info: Empty hook `AfterLastShipout' on input line 433.
 (./Proposal_report_LaTeX.aux)
Package atveryend Info: Executing hook `AtVeryEndDocument' on input line 433.
Package atveryend Info: Executing hook `AtEndAfterFileList' on input line 433.
Package rerunfilecheck Info: File `Proposal_report_LaTeX.out' has not changed.
(rerunfilecheck)             Checksum: 9B2E59F1D3E76F16246CFE65F788EFE8;1046.
Package atveryend Info: Empty hook `AtVeryVeryEnd' on input line 433.
 ) 
Here is how much of TeX's memory you used:
 7672 strings out of 493307
 122335 string characters out of 6139905
 247744 words of memory out of 5000000
 10952 multiletter control sequences out of 15000+600000
 44391 words of font info for 92 fonts, out of 8000000 for 9000
 957 hyphenation exceptions out of 8191
 44i,21n,49p,1791b,529s stack positions out of 5000i,500n,10000p,200000b,80000s
{/usr/share/texlive/texmf-dist/fonts/enc/dvips/base/8r.enc}</usr/share/texliv
e/texmf-dist/fonts/type1/urw/helvetic/uhvb8a.pfb></usr/share/texlive/texmf-dist
/fonts/type1/urw/helvetic/uhvbo8a.pfb></usr/share/texlive/texmf-dist/fonts/type
1/urw/helvetic/uhvr8a.pfb></usr/share/texlive/texmf-dist/fonts/type1/urw/palati
no/uplb8a.pfb></usr/share/texlive/texmf-dist/fonts/type1/urw/palatino/uplr8a.pf
b></usr/share/texlive/texmf-dist/fonts/type1/urw/palatino/uplri8a.pfb></usr/sha
re/texlive/texmf-dist/fonts/type1/urw/zapfding/uzdr.pfb>
Output written on Proposal_report_LaTeX.pdf (10 pages, 2630025 bytes).
PDF statistics:
 341 PDF objects out of 1000 (max. 8388607)
 284 compressed objects within 3 object streams
 77 named destinations out of 1000 (max. 500000)
 207 words of extra memory for PDF output out of 10000 (max. 10000000)

