This is pdfTeX, Version 3.1415926-2.5-1.40.14 (TeX Live 2013/Debian) (format=pdflatex 2015.5.16)  21 MAY 2015 16:29
entering extended mode
 restricted \write18 enabled.
 %&-line parsing enabled.
**Proposal_report_Amir_ACM.tex
(./Proposal_report_Amir_ACM.tex
LaTeX2e <2011/06/27>
Babel <3.9h> and hyphenation patterns for 4 languages loaded.
(./acm_proc_article-sp.cls
(/usr/share/texlive/texmf-dist/tex/latex/graphics/epsfig.sty
Package: epsfig 1999/02/16 v1.7a (e)psfig emulation (SPQR)

(/usr/share/texlive/texmf-dist/tex/latex/graphics/graphicx.sty
Package: graphicx 1999/02/16 v1.0f Enhanced LaTeX Graphics (DPC,SPQR)

(/usr/share/texlive/texmf-dist/tex/latex/graphics/keyval.sty
Package: keyval 1999/03/16 v1.13 key=value parser (DPC)
\KV@toks@=\toks14
)
(/usr/share/texlive/texmf-dist/tex/latex/graphics/graphics.sty
Package: graphics 2009/02/05 v1.0o Standard LaTeX Graphics (DPC,SPQR)

(/usr/share/texlive/texmf-dist/tex/latex/graphics/trig.sty
Package: trig 1999/03/16 v1.09 sin cos tan (DPC)
)
(/usr/share/texlive/texmf-dist/tex/latex/latexconfig/graphics.cfg
File: graphics.cfg 2010/04/23 v1.9 graphics configuration of TeX Live
)
Package graphics Info: Driver file: pdftex.def on input line 91.

(/usr/share/texlive/texmf-dist/tex/latex/pdftex-def/pdftex.def
File: pdftex.def 2011/05/27 v0.06d Graphics/color for pdfTeX

(/usr/share/texlive/texmf-dist/tex/generic/oberdiek/infwarerr.sty
Package: infwarerr 2010/04/08 v1.3 Providing info/warning/error messages (HO)
)
(/usr/share/texlive/texmf-dist/tex/generic/oberdiek/ltxcmds.sty
Package: ltxcmds 2011/11/09 v1.22 LaTeX kernel commands for general use (HO)
)
\Gread@gobject=\count79
))
\Gin@req@height=\dimen102
\Gin@req@width=\dimen103
)
\epsfxsize=\dimen104
\epsfysize=\dimen105
)
(/usr/share/texlive/texmf-dist/tex/latex/amsfonts/amssymb.sty
Package: amssymb 2013/01/14 v3.01 AMS font symbols

(/usr/share/texlive/texmf-dist/tex/latex/amsfonts/amsfonts.sty
Package: amsfonts 2013/01/14 v3.01 Basic AMSFonts support
\@emptytoks=\toks15
\symAMSa=\mathgroup4
\symAMSb=\mathgroup5
LaTeX Font Info:    Overwriting math alphabet `\mathfrak' in version `bold'
(Font)                  U/euf/m/n --> U/euf/b/n on input line 106.
))
(/usr/share/texlive/texmf-dist/tex/latex/amsmath/amsmath.sty
Package: amsmath 2013/01/14 v2.14 AMS math features
\@mathmargin=\skip41

For additional information on amsmath, use the `?' option.
(/usr/share/texlive/texmf-dist/tex/latex/amsmath/amstext.sty
Package: amstext 2000/06/29 v2.01

(/usr/share/texlive/texmf-dist/tex/latex/amsmath/amsgen.sty
File: amsgen.sty 1999/11/30 v2.0
\@emptytoks=\toks16
\ex@=\dimen106
))
(/usr/share/texlive/texmf-dist/tex/latex/amsmath/amsbsy.sty
Package: amsbsy 1999/11/29 v1.2d
\pmbraise@=\dimen107
)
(/usr/share/texlive/texmf-dist/tex/latex/amsmath/amsopn.sty
Package: amsopn 1999/12/14 v2.01 operator names
)
\inf@bad=\count80
LaTeX Info: Redefining \frac on input line 210.
\uproot@=\count81
\leftroot@=\count82
LaTeX Info: Redefining \overline on input line 306.
\classnum@=\count83
\DOTSCASE@=\count84
LaTeX Info: Redefining \ldots on input line 378.
LaTeX Info: Redefining \dots on input line 381.
LaTeX Info: Redefining \cdots on input line 466.
\Mathstrutbox@=\box26
\strutbox@=\box27
\big@size=\dimen108
LaTeX Font Info:    Redeclaring font encoding OML on input line 566.
LaTeX Font Info:    Redeclaring font encoding OMS on input line 567.
\macc@depth=\count85
\c@MaxMatrixCols=\count86
\dotsspace@=\muskip10
\c@parentequation=\count87
\dspbrk@lvl=\count88
\tag@help=\toks17
\row@=\count89
\column@=\count90
\maxfields@=\count91
\andhelp@=\toks18
\eqnshift@=\dimen109
\alignsep@=\dimen110
\tagshift@=\dimen111
\tagwidth@=\dimen112
\totwidth@=\dimen113
\lineht@=\dimen114
\@envbody=\toks19
\multlinegap=\skip42
\multlinetaggap=\skip43
\mathdisplay@stack=\toks20
LaTeX Info: Redefining \[ on input line 2665.
LaTeX Info: Redefining \] on input line 2666.
)
Document Class 'acm_proc_article-sp' <22nd. April '09>. Modified by G.K.M. Tobi
n
Based in part upon document Style `acmconf' <22 May 89>. Hacked 4/91 by
shivers@cs.cmu.edu, 4/93 by theobald@cs.mcgill.ca
Excerpts were taken from (Journal Style) 'esub2acm.cls'.
****** Bugs/comments/suggestions to Gerry Murray -- murray@hq.acm.org ******
\footheight=\dimen115
\@maxsep=\dimen116
\@dblmaxsep=\dimen117
\aucount=\count92
\originalaucount=\count93
\auwidth=\dimen118
\auskip=\dimen119
\auskipcount=\count94
\auskip=\dimen120
\allauboxes=\dimen121
\addauthors=\toks21
\addauflag=\count95
\subtitletext=\toks22
\savesection=\count96
\sectioncntr=\count97
\c@figure=\count98
\c@table=\count99
\titleboxnotes=\toks23
\titleboxnoteflag=\count100
Document Class: acm_proc_article-sp 2009/04/22 - V3.2SP - based on esub2acm.sty
 <23 April 96>
(/usr/share/texlive/texmf-dist/tex/latex/base/latexsym.sty
Package: latexsym 1998/08/17 v2.2e Standard LaTeX package (lasy symbols)
\symlasy=\mathgroup6
LaTeX Font Info:    Overwriting symbol font `lasy' in version `bold'
(Font)                  U/lasy/m/n --> U/lasy/b/n on input line 47.
)
\@acmtitlebox=\box28
\titlenotecount=\count101
\tntoks=\toks24
\tntokstwo=\toks25
\tntoksthree=\toks26
\tntoksfour=\toks27
\tntoksfive=\toks28
\catcount=\count102
\copyrightnotice=\toks29
\conf=\toks30
\confinfo=\toks31
\c@part=\count103
\c@section=\count104
\c@subsection=\count105
\c@subsubsection=\count106
\c@paragraph=\count107

Using 'Abbrev' bibliography style
LaTeX Info: Redefining \cite on input line 1236.
\bibindent=\dimen122
\colcntr=\count108
\saveb@x=\box29
\copyrtyr=\toks32
\acmcopyr=\toks33
\boilerplate=\toks34
\copyrightetc=\toks35
(/usr/share/texlive/texmf-dist/tex/latex/base/fontenc.sty
Package: fontenc 2005/09/27 v1.99g Standard LaTeX package

(/usr/share/texlive/texmf-dist/tex/latex/base/t1enc.def
File: t1enc.def 2005/09/27 v1.99g Standard LaTeX file
LaTeX Font Info:    Redeclaring font encoding T1 on input line 43.
)
LaTeX Font Info:    Try loading font information for T1+aer on input line 100.

(/usr/share/texlive/texmf-dist/tex/latex/ae/t1aer.fd
File: t1aer.fd 1997/11/16 Font definitions for T1/aer.
)))
(/usr/share/texlive/texmf-dist/tex/latex/url/url.sty
\Urlmuskip=\muskip11
Package: url 2013/09/16  ver 3.4  Verb mode for urls, etc.
)
(/usr/share/texlive/texmf-dist/tex/latex/base/makeidx.sty
Package: makeidx 2000/03/29 v1.0m Standard LaTeX package
)
(/usr/share/texlive/texmf-dist/tex/latex/tools/multicol.sty
Package: multicol 2011/06/27 v1.7a multicolumn formatting (FMi)
\c@tracingmulticols=\count109
\mult@box=\box30
\multicol@leftmargin=\dimen123
\c@unbalance=\count110
\c@collectmore=\count111
\doublecol@number=\count112
\multicoltolerance=\count113
\multicolpretolerance=\count114
\full@width=\dimen124
\page@free=\dimen125
\premulticols=\dimen126
\postmulticols=\dimen127
\multicolsep=\skip44
\multicolbaselineskip=\skip45
\partial@page=\box31
\last@line=\box32
\mult@rightbox=\box33
\mult@grightbox=\box34
\mult@gfirstbox=\box35
\mult@firstbox=\box36
\@tempa=\box37
\@tempa=\box38
\@tempa=\box39
\@tempa=\box40
\@tempa=\box41
\@tempa=\box42
\@tempa=\box43
\@tempa=\box44
\@tempa=\box45
\@tempa=\box46
\@tempa=\box47
\@tempa=\box48
\@tempa=\box49
\@tempa=\box50
\@tempa=\box51
\@tempa=\box52
\@tempa=\box53
\c@columnbadness=\count115
\c@finalcolumnbadness=\count116
\last@try=\dimen128
\multicolovershoot=\dimen129
\multicolundershoot=\dimen130
\mult@nat@firstbox=\box54
\colbreak@box=\box55
\multicol@sort@counter=\count117
)
(/usr/share/texlive/texmf-dist/tex/latex/footmisc/footmisc.sty
Package: footmisc 2011/06/06 v5.5b a miscellany of footnote facilities
\FN@temptoken=\toks36
\footnotemargin=\dimen131


LaTeX Warning: Command \@makecol  has changed.
               Check if current package is valid.

\c@pp@next@reset=\count118
Package footmisc Info: Declaring symbol style bringhurst on input line 855.
Package footmisc Info: Declaring symbol style chicago on input line 863.
Package footmisc Info: Declaring symbol style wiley on input line 872.
Package footmisc Info: Declaring symbol style lamport-robust on input line 883.

Package footmisc Info: Declaring symbol style lamport* on input line 903.
Package footmisc Info: Declaring symbol style lamport*-robust on input line 924
.
) (/usr/share/texlive/texmf-dist/tex/latex/subfig/subfig.sty
Package: subfig 2005/06/28 ver: 1.3 subfig package

(/usr/share/texlive/texmf-dist/tex/latex/caption/caption.sty
Package: caption 2013/05/02 v3.3-89 Customizing captions (AR)

(/usr/share/texlive/texmf-dist/tex/latex/caption/caption3.sty
Package: caption3 2013/05/02 v1.6-88 caption3 kernel (AR)
Package caption3 Info: TeX engine: e-TeX on input line 57.
\captionmargin=\dimen132
\captionmargin@=\dimen133
\captionwidth=\dimen134
\caption@tempdima=\dimen135
\caption@indent=\dimen136
\caption@parindent=\dimen137
\caption@hangindent=\dimen138
\abovecaptionskip=\skip46
\belowcaptionskip=\skip47
Package caption Info: Unknown document class (or package),
(caption)             standard defaults will be used.
)

Package caption Warning: Unsupported document class (or package) detected,
(caption)                usage of the caption package is not recommended.
See the caption package documentation for explanation.

Package caption Info: \@makecaption = \long macro:#1#2-> \vskip \baselineskip \
setbox \@tempboxa \hbox {\textbf {#1: #2}} \ifdim \wd \@tempboxa >\hsize \textb
f {#1: #2}\par \else \hbox to\hsize {\hfil \box \@tempboxa \hfil }\par \fi .
\c@ContinuedFloat=\count119
)
\c@KVtest=\count120
\sf@farskip=\skip48
\sf@captopadj=\dimen139
\sf@capskip=\skip49
\sf@nearskip=\skip50
\c@subfigure=\count121
\c@subfigure@save=\count122
\c@lofdepth=\count123
\c@subtable=\count124
\c@subtable@save=\count125
\c@lotdepth=\count126
\sf@top=\skip51
\sf@bottom=\skip52
) (/usr/share/texlive/texmf-dist/tex/latex/tools/tabularx.sty
Package: tabularx 1999/01/07 v2.07 `tabularx' package (DPC)

(/usr/share/texlive/texmf-dist/tex/latex/tools/array.sty
Package: array 2008/09/09 v2.4c Tabular extension package (FMi)
\col@sep=\dimen140
\extrarowheight=\dimen141
\NC@list=\toks37
\extratabsurround=\skip53
\backup@length=\skip54
)
\TX@col@width=\dimen142
\TX@old@table=\dimen143
\TX@old@col=\dimen144
\TX@target=\dimen145
\TX@delta=\dimen146
\TX@cols=\count127
\TX@ftn=\toks38
)
(/usr/share/texlive/texmf-dist/tex/latex/ms/ragged2e.sty
Package: ragged2e 2009/05/21 v2.1 ragged2e Package (MS)

(/usr/share/texlive/texmf-dist/tex/latex/ms/everysel.sty
Package: everysel 2011/10/28 v1.2 EverySelectfont Package (MS)
)
\CenteringLeftskip=\skip55
\RaggedLeftLeftskip=\skip56
\RaggedRightLeftskip=\skip57
\CenteringRightskip=\skip58
\RaggedLeftRightskip=\skip59
\RaggedRightRightskip=\skip60
\CenteringParfillskip=\skip61
\RaggedLeftParfillskip=\skip62
\RaggedRightParfillskip=\skip63
\JustifyingParfillskip=\skip64
\CenteringParindent=\skip65
\RaggedLeftParindent=\skip66
\RaggedRightParindent=\skip67
\JustifyingParindent=\skip68
)
(/usr/share/texlive/texmf-dist/tex/latex/hyperref/hyperref.sty
Package: hyperref 2012/11/06 v6.83m Hypertext links for LaTeX

(/usr/share/texlive/texmf-dist/tex/generic/oberdiek/hobsub-hyperref.sty
Package: hobsub-hyperref 2012/05/28 v1.13 Bundle oberdiek, subset hyperref (HO)


(/usr/share/texlive/texmf-dist/tex/generic/oberdiek/hobsub-generic.sty
Package: hobsub-generic 2012/05/28 v1.13 Bundle oberdiek, subset generic (HO)
Package: hobsub 2012/05/28 v1.13 Construct package bundles (HO)
Package hobsub Info: Skipping package `infwarerr' (already loaded).
Package hobsub Info: Skipping package `ltxcmds' (already loaded).
Package: ifluatex 2010/03/01 v1.3 Provides the ifluatex switch (HO)
Package ifluatex Info: LuaTeX not detected.
Package: ifvtex 2010/03/01 v1.5 Detect VTeX and its facilities (HO)
Package ifvtex Info: VTeX not detected.
Package: intcalc 2007/09/27 v1.1 Expandable calculations with integers (HO)
Package: ifpdf 2011/01/30 v2.3 Provides the ifpdf switch (HO)
Package ifpdf Info: pdfTeX in PDF mode is detected.
Package: etexcmds 2011/02/16 v1.5 Avoid name clashes with e-TeX commands (HO)
Package etexcmds Info: Could not find \expanded.
(etexcmds)             That can mean that you are not using pdfTeX 1.50 or
(etexcmds)             that some package has redefined \expanded.
(etexcmds)             In the latter case, load this package earlier.
Package: kvsetkeys 2012/04/25 v1.16 Key value parser (HO)
Package: kvdefinekeys 2011/04/07 v1.3 Define keys (HO)
Package: pdftexcmds 2011/11/29 v0.20 Utility functions of pdfTeX for LuaTeX (HO
)
Package pdftexcmds Info: LuaTeX not detected.
Package pdftexcmds Info: \pdf@primitive is available.
Package pdftexcmds Info: \pdf@ifprimitive is available.
Package pdftexcmds Info: \pdfdraftmode found.
Package: pdfescape 2011/11/25 v1.13 Implements pdfTeX's escape features (HO)
Package: bigintcalc 2012/04/08 v1.3 Expandable calculations on big integers (HO
)
Package: bitset 2011/01/30 v1.1 Handle bit-vector datatype (HO)
Package: uniquecounter 2011/01/30 v1.2 Provide unlimited unique counter (HO)
)
Package hobsub Info: Skipping package `hobsub' (already loaded).
Package: letltxmacro 2010/09/02 v1.4 Let assignment for LaTeX macros (HO)
Package: hopatch 2012/05/28 v1.2 Wrapper for package hooks (HO)
Package: xcolor-patch 2011/01/30 xcolor patch
Package: atveryend 2011/06/30 v1.8 Hooks at the very end of document (HO)
Package atveryend Info: \enddocument detected (standard20110627).
Package: atbegshi 2011/10/05 v1.16 At begin shipout hook (HO)
Package: refcount 2011/10/16 v3.4 Data extraction from label references (HO)
Package: hycolor 2011/01/30 v1.7 Color options for hyperref/bookmark (HO)
)
(/usr/share/texlive/texmf-dist/tex/generic/ifxetex/ifxetex.sty
Package: ifxetex 2010/09/12 v0.6 Provides ifxetex conditional
)
(/usr/share/texlive/texmf-dist/tex/latex/oberdiek/auxhook.sty
Package: auxhook 2011/03/04 v1.3 Hooks for auxiliary files (HO)
)
(/usr/share/texlive/texmf-dist/tex/latex/oberdiek/kvoptions.sty
Package: kvoptions 2011/06/30 v3.11 Key value format for package options (HO)
)
\@linkdim=\dimen147
\Hy@linkcounter=\count128
\Hy@pagecounter=\count129

(/usr/share/texlive/texmf-dist/tex/latex/hyperref/pd1enc.def
File: pd1enc.def 2012/11/06 v6.83m Hyperref: PDFDocEncoding definition (HO)
)
\Hy@SavedSpaceFactor=\count130

(/usr/share/texlive/texmf-dist/tex/latex/latexconfig/hyperref.cfg
File: hyperref.cfg 2002/06/06 v1.2 hyperref configuration of TeXLive
)
Package hyperref Info: Hyper figures OFF on input line 4443.
Package hyperref Info: Link nesting OFF on input line 4448.
Package hyperref Info: Hyper index ON on input line 4451.
Package hyperref Info: Plain pages OFF on input line 4458.
Package hyperref Info: Backreferencing OFF on input line 4463.
Package hyperref Info: Implicit mode ON; LaTeX internals redefined.
Package hyperref Info: Bookmarks ON on input line 4688.
\c@Hy@tempcnt=\count131
LaTeX Info: Redefining \url on input line 5041.
\XeTeXLinkMargin=\dimen148
\Fld@menulength=\count132
\Field@Width=\dimen149
\Fld@charsize=\dimen150
Package hyperref Info: Hyper figures OFF on input line 6295.
Package hyperref Info: Link nesting OFF on input line 6300.
Package hyperref Info: Hyper index ON on input line 6303.
Package hyperref Info: backreferencing OFF on input line 6310.
Package hyperref Info: Link coloring OFF on input line 6315.
Package hyperref Info: Link coloring with OCG OFF on input line 6320.
Package hyperref Info: PDF/A mode OFF on input line 6325.
LaTeX Info: Redefining \ref on input line 6365.
LaTeX Info: Redefining \pageref on input line 6369.


Package hyperref Warning: Option `pdfpagelabels' is turned off
(hyperref)                because \thepage is undefined.

\c@Item=\count133
\c@Hfootnote=\count134
)

Package hyperref Message: Driver (autodetected): hpdftex.

(/usr/share/texlive/texmf-dist/tex/latex/hyperref/hpdftex.def
File: hpdftex.def 2012/11/06 v6.83m Hyperref driver for pdfTeX
\Fld@listcount=\count135
\c@bookmark@seq@number=\count136

(/usr/share/texlive/texmf-dist/tex/latex/oberdiek/rerunfilecheck.sty
Package: rerunfilecheck 2011/04/15 v1.7 Rerun checks for auxiliary files (HO)
Package uniquecounter Info: New unique counter `rerunfilecheck' on input line 2
82.
)
\Hy@SectionHShift=\skip69
)
(/usr/share/texlive/texmf-dist/tex/latex/float/float.sty
Package: float 2001/11/08 v1.3d Float enhancements (AL)
\c@float@type=\count137
\float@exts=\toks39
\float@box=\box56
\@float@everytoks=\toks40
\@floatcapt=\box57
)
(/usr/share/texlive/texmf-dist/tex/latex/mh/mathtools.sty
Package: mathtools 2013/02/12 v1.13 mathematical typesetting tools

(/usr/share/texlive/texmf-dist/tex/latex/tools/calc.sty
Package: calc 2007/08/22 v4.3 Infix arithmetic (KKT,FJ)
\calc@Acount=\count138
\calc@Bcount=\count139
\calc@Adimen=\dimen151
\calc@Bdimen=\dimen152
\calc@Askip=\skip70
\calc@Bskip=\skip71
LaTeX Info: Redefining \setlength on input line 76.
LaTeX Info: Redefining \addtolength on input line 77.
\calc@Ccount=\count140
\calc@Cskip=\skip72
)
(/usr/share/texlive/texmf-dist/tex/latex/mh/mhsetup.sty
Package: mhsetup 2010/01/21 v1.2a programming setup (MH)
)
LaTeX Info: Thecontrolsequence`\['isalreadyrobust on input line 129.
LaTeX Info: Thecontrolsequence`\]'isalreadyrobust on input line 129.
\g_MT_multlinerow_int=\count141
\l_MT_multwidth_dim=\dimen153
\origjot=\skip73
\l_MT_shortvdotswithinadjustabove_dim=\dimen154
\l_MT_shortvdotswithinadjustbelow_dim=\dimen155
\l_MT_above_intertext_sep=\dimen156
\l_MT_below_intertext_sep=\dimen157
\l_MT_above_shortintertext_sep=\dimen158
\l_MT_below_shortintertext_sep=\dimen159
)
(/usr/share/texlive/texmf-dist/tex/latex/booktabs/booktabs.sty
Package: booktabs 2005/04/14 v1.61803 publication quality tables
\heavyrulewidth=\dimen160
\lightrulewidth=\dimen161
\cmidrulewidth=\dimen162
\belowrulesep=\dimen163
\belowbottomsep=\dimen164
\aboverulesep=\dimen165
\abovetopsep=\dimen166
\cmidrulesep=\dimen167
\cmidrulekern=\dimen168
\defaultaddspace=\dimen169
\@cmidla=\count142
\@cmidlb=\count143
\@aboverulesep=\dimen170
\@belowrulesep=\dimen171
\@thisruleclass=\count144
\@lastruleclass=\count145
\@thisrulewidth=\dimen172
)
(/usr/share/texmf/tex/latex/xcolor/xcolor.sty
Package: xcolor 2007/01/21 v2.11 LaTeX color extensions (UK)

(/usr/share/texlive/texmf-dist/tex/latex/latexconfig/color.cfg
File: color.cfg 2007/01/18 v1.5 color configuration of teTeX/TeXLive
)
Package xcolor Info: Driver file: pdftex.def on input line 225.
Package xcolor Info: Model `cmy' substituted by `cmy0' on input line 1337.
Package xcolor Info: Model `hsb' substituted by `rgb' on input line 1341.
Package xcolor Info: Model `RGB' extended on input line 1353.
Package xcolor Info: Model `HTML' substituted by `rgb' on input line 1355.
Package xcolor Info: Model `Hsb' substituted by `hsb' on input line 1356.
Package xcolor Info: Model `tHsb' substituted by `hsb' on input line 1357.
Package xcolor Info: Model `HSB' substituted by `hsb' on input line 1358.
Package xcolor Info: Model `Gray' substituted by `gray' on input line 1359.
Package xcolor Info: Model `wave' substituted by `hsb' on input line 1360.

(/usr/share/texmf/tex/latex/xcolor/x11nam.def
File: x11nam.def 2007/01/21 v2.11 Predefined colors according to Unix/X11 (UK)
))
(/usr/share/texlive/texmf-dist/tex/latex/colortbl/colortbl.sty
Package: colortbl 2012/02/13 v1.0a Color table columns (DPC)
\everycr=\toks41
\minrowclearance=\skip74
)
(./Proposal_report_Amir_ACM.aux

LaTeX Warning: Label `timeline' multiply defined.

)
\openout1 = `Proposal_report_Amir_ACM.aux'.

LaTeX Font Info:    Checking defaults for OML/cmm/m/it on input line 41.
LaTeX Font Info:    ... okay on input line 41.
LaTeX Font Info:    Checking defaults for T1/cmr/m/n on input line 41.
LaTeX Font Info:    ... okay on input line 41.
LaTeX Font Info:    Checking defaults for OT1/cmr/m/n on input line 41.
LaTeX Font Info:    ... okay on input line 41.
LaTeX Font Info:    Checking defaults for OMS/cmsy/m/n on input line 41.
LaTeX Font Info:    ... okay on input line 41.
LaTeX Font Info:    Checking defaults for OMX/cmex/m/n on input line 41.
LaTeX Font Info:    ... okay on input line 41.
LaTeX Font Info:    Checking defaults for U/cmr/m/n on input line 41.
LaTeX Font Info:    ... okay on input line 41.
LaTeX Font Info:    Checking defaults for PD1/pdf/m/n on input line 41.
LaTeX Font Info:    ... okay on input line 41.
 (/usr/share/texlive/texmf-dist/tex/context/base/supp-pdf.mkii
[Loading MPS to PDF converter (version 2006.09.02).]
\scratchcounter=\count146
\scratchdimen=\dimen173
\scratchbox=\box58
\nofMPsegments=\count147
\nofMParguments=\count148
\everyMPshowfont=\toks42
\MPscratchCnt=\count149
\MPscratchDim=\dimen174
\MPnumerator=\count150
\makeMPintoPDFobject=\count151
\everyMPtoPDFconversion=\toks43
) (/usr/share/texlive/texmf-dist/tex/latex/oberdiek/epstopdf-base.sty
Package: epstopdf-base 2010/02/09 v2.5 Base part for package epstopdf

(/usr/share/texlive/texmf-dist/tex/latex/oberdiek/grfext.sty
Package: grfext 2010/08/19 v1.1 Manage graphics extensions (HO)
)
Package grfext Info: Graphics extension search list:
(grfext)             [.png,.pdf,.jpg,.mps,.jpeg,.jbig2,.jb2,.PNG,.PDF,.JPG,.JPE
G,.JBIG2,.JB2,.eps]
(grfext)             \AppendGraphicsExtensions on input line 452.

(/usr/share/texlive/texmf-dist/tex/latex/latexconfig/epstopdf-sys.cfg
File: epstopdf-sys.cfg 2010/07/13 v1.3 Configuration of (r)epstopdf for TeX Liv
e
))
Package caption Info: Begin \AtBeginDocument code.
Package caption Info: subfig package v1.3 is loaded.
Package caption Info: float package is loaded.
Package caption Info: hyperref package is loaded.
Package caption Info: End \AtBeginDocument code.

ABD: EverySelectfont initializing macros
LaTeX Info: Redefining \selectfont on input line 41.
\AtBeginShipoutBox=\box59


Package hyperref Warning: Height of page (\paperheight) is invalid (0.0pt),
(hyperref)                using 11in.

Package hyperref Info: Link coloring OFF on input line 41.
(/usr/share/texlive/texmf-dist/tex/latex/hyperref/nameref.sty
Package: nameref 2012/10/27 v2.43 Cross-referencing by name of section

(/usr/share/texlive/texmf-dist/tex/generic/oberdiek/gettitlestring.sty
Package: gettitlestring 2010/12/03 v1.4 Cleanup title references (HO)
)
\c@section@level=\count152
)
LaTeX Info: Redefining \ref on input line 41.
LaTeX Info: Redefining \pageref on input line 41.
LaTeX Info: Redefining \nameref on input line 41.

(./Proposal_report_Amir_ACM.out) (./Proposal_report_Amir_ACM.out)
\@outlinefile=\write3
\openout3 = `Proposal_report_Amir_ACM.out'.

LaTeX Font Info:    Try loading font information for U+msa on input line 147.

(/usr/share/texlive/texmf-dist/tex/latex/amsfonts/umsa.fd
File: umsa.fd 2013/01/14 v3.01 AMS symbols A
)
LaTeX Font Info:    Try loading font information for U+msb on input line 147.

(/usr/share/texlive/texmf-dist/tex/latex/amsfonts/umsb.fd
File: umsb.fd 2013/01/14 v3.01 AMS symbols B
)
LaTeX Font Info:    Try loading font information for U+lasy on input line 147.

(/usr/share/texlive/texmf-dist/tex/latex/base/ulasy.fd
File: ulasy.fd 1998/08/17 v2.2e LaTeX symbol font definitions
)
Underfull \vbox (badness 10000) has occurred while \output is active []

 [1{/var/lib/texmf/fonts/map/pdftex/updmap/pdftex.map}


]
Underfull \hbox (badness 1460) in paragraph at lines 187--187
[]|\T1/aer/m/n/9 More community-driven de-
 []

<ForkingReasonsPieChart.png, id=154, 862.22125pt x 636.3775pt>
File: ForkingReasonsPieChart.png Graphic file (type png)

<use ForkingReasonsPieChart.png>
Package pdftex.def Info: ForkingReasonsPieChart.png used on input line 201.
(pdftex.def)             Requested size: 240.0pt x 177.13577pt.

Overfull \hbox (6.5587pt too wide) in paragraph at lines 204--206
[]\T1/aer/m/n/9 This pro-posal re-port is or-ga-nized as fol-lows: Sec-tion []2
[] presents
 []

pdfTeX warning (ext4): destination with the same identifier (name{page.}) has b
een already used, duplicate ignored
<to be read again> 
                   \relax 
l.215 
       [2 <./ForkingReasonsPieChart.png>]
Underfull \hbox (badness 2707) in paragraph at lines 230--231
[]|\T1/aer/m/n/9 Number of nodes in a clus-ter (how
 []


Underfull \hbox (badness 10000) in paragraph at lines 270--270

 []


Underfull \hbox (badness 10000) in paragraph at lines 272--272

 []


Package hyperref Warning: Token not allowed in a PDF string (PDFDocEncoding):
(hyperref)                removing `\\' on input line 272.

pdfTeX warning (ext4): destination with the same identifier (name{page.}) has b
een already used, duplicate ignored
<to be read again> 
                   \relax 
l.272 ... in the period leading up to the fork?\\}
                                                   [3]
Underfull \hbox (badness 10000) in paragraph at lines 278--279

 []


Overfull \hbox (7.13417pt too wide) in paragraph at lines 282--282
[]\subsecfnt Do dif-fer-ences types of forks leave dif-fer-ent types
 []


Underfull \hbox (badness 10000) in paragraph at lines 282--282

 []


Package hyperref Warning: Token not allowed in a PDF string (PDFDocEncoding):
(hyperref)                removing `\\' on input line 282.


Underfull \hbox (badness 10000) in paragraph at lines 288--288

 []


Package hyperref Warning: Token not allowed in a PDF string (PDFDocEncoding):
(hyperref)                removing `\\' on input line 288.


Underfull \hbox (badness 10000) in paragraph at lines 297--297

 []


Package hyperref Warning: Token not allowed in a PDF string (PDFDocEncoding):
(hyperref)                removing `\\' on input line 297.

pdfTeX warning (ext4): destination with the same identifier (name{page.}) has b
een already used, duplicate ignored
<to be read again> 
                   \relax 
l.351 
       [4]pdfTeX warning (ext4): destination with the same identifier (name{pag
e.}) has been already used, duplicate ignored
<to be read again> 
                   \relax 
l.438 
       [5]
Underfull \vbox (badness 10000) has occurred while \output is active []


Underfull \vbox (badness 10000) has occurred while \output is active []

pdfTeX warning (ext4): destination with the same identifier (name{page.}) has b
een already used, duplicate ignored
<to be read again> 
                   \relax 
l.441 \subsubsection{The statistical model}
                                            [6]
Overfull \hbox (2.79501pt too wide) in paragraph at lines 479--480
\T1/aer/m/n/9 ex-pect to see a de-crease in 3-cycles, which in-di-cates a stron
ger
 []

pdfTeX warning (ext4): destination with the same identifier (name{page.}) has b
een already used, duplicate ignored
<to be read again> 
                   \relax 
l.518 
       [7]
Underfull \vbox (badness 10000) has occurred while \output is active []


Overfull \hbox (22.52536pt too wide) in paragraph at lines 521--522
[]\T1/aer/m/n/9 We may ex-plain U.F. forked projects be-cause of ``more communi
ty-
 []


Underfull \vbox (badness 10000) has occurred while \output is active []

pdfTeX warning (ext4): destination with the same identifier (name{page.}) has b
een already used, duplicate ignored
<to be read again> 
                   \relax 
l.522 
       [8]
Underfull \hbox (badness 10000) in paragraph at lines 542--542
[]|\T1/aer/m/n/9 Preferential At-tach-
 []


Overfull \hbox (15.47673pt too wide) in paragraph at lines 549--549
[]\secfnt INITIAL STUDY: TEM-PO-RAL NETWORK-
 []

Package epstopdf Info: Source file: <centrality.eps>
(epstopdf)                    date: 2013-05-05 12:19:38
(epstopdf)                    size: 1414850 bytes
(epstopdf)             Output file: <centrality-eps-converted-to.pdf>
(epstopdf)                    date: 2015-01-20 13:46:34
(epstopdf)                    size: 759320 bytes
(epstopdf)             Command: <repstopdf --outfile=centrality-eps-converted-t
o.pdf centrality.eps>
(epstopdf)             \includegraphics on input line 555.
Package epstopdf Info: Output file is already uptodate.
<centrality-eps-converted-to.pdf, id=313, 1004.75375pt x 998.73125pt>
File: centrality-eps-converted-to.pdf Graphic file (type pdf)

<use centrality-eps-converted-to.pdf>
Package pdftex.def Info: centrality-eps-converted-to.pdf used on input line 555
.
(pdftex.def)             Requested size: 240.0pt x 238.55743pt.

Underfull \hbox (badness 10000) in paragraph at lines 566--566
[][][][]\T1/aer/m/n/9 Video vi-su-al-iza-tions avail-able at
 []

Package epstopdf Info: Source file: <NodesEdgesTime.eps>
(epstopdf)                    date: 2015-04-09 18:26:55
(epstopdf)                    size: 30957 bytes
(epstopdf)             Output file: <NodesEdgesTime-eps-converted-to.pdf>
(epstopdf)                    date: 2015-04-09 18:37:17
(epstopdf)                    size: 23445 bytes
(epstopdf)             Command: <repstopdf --outfile=NodesEdgesTime-eps-convert
ed-to.pdf NodesEdgesTime.eps>
(epstopdf)             \includegraphics on input line 574.
Package epstopdf Info: Output file is already uptodate.
<NodesEdgesTime-eps-converted-to.pdf, id=326, 744.7825pt x 697.60625pt>
File: NodesEdgesTime-eps-converted-to.pdf Graphic file (type pdf)

<use NodesEdgesTime-eps-converted-to.pdf>
Package pdftex.def Info: NodesEdgesTime-eps-converted-to.pdf used on input line
 574.
(pdftex.def)             Requested size: 240.0pt x 224.79266pt.
Package epstopdf Info: Source file: <DiameterTime.eps>
(epstopdf)                    date: 2015-04-09 18:28:35
(epstopdf)                    size: 23650 bytes
(epstopdf)             Output file: <DiameterTime-eps-converted-to.pdf>
(epstopdf)                    date: 2015-04-09 18:39:37
(epstopdf)                    size: 17890 bytes
(epstopdf)             Command: <repstopdf --outfile=DiameterTime-eps-converted
-to.pdf DiameterTime.eps>
(epstopdf)             \includegraphics on input line 581.
Package epstopdf Info: Output file is already uptodate.

<DiameterTime-eps-converted-to.pdf, id=327, 744.7825pt x 697.60625pt>
File: DiameterTime-eps-converted-to.pdf Graphic file (type pdf)

<use DiameterTime-eps-converted-to.pdf>
Package pdftex.def Info: DiameterTime-eps-converted-to.pdf used on input line 5
81.
(pdftex.def)             Requested size: 240.0pt x 224.79266pt.
pdfTeX warning (ext4): destination with the same identifier (name{page.}) has b
een already used, duplicate ignored
<to be read again> 
                   \relax 
l.588 
       [9 <./centrality-eps-converted-to.pdf>]
Overfull \hbox (2.00558pt too wide) in paragraph at lines 589--590
[]\T1/aer/m/n/9 The com-mu-nity starts with the Gen-er-al-List as the the bigge
st
 []


Underfull \vbox (badness 6173) has occurred while \output is active []


<2.png, id=352, 502.87875pt x 520.94624pt> <use 2.png>
<3.png, id=353, 576.1525pt x 636.3775pt> <use 3.png>
<5.png, id=354, 591.20876pt x 576.1525pt> <use 5.png>
<7.png, id=355, 576.1525pt x 575.14874pt> <use 7.png> <use 2.png> <use 3.png>
<use 5.png> <use 7.png>
File: 2.png Graphic file (type png)
 <use 2.png>
Package pdftex.def Info: 2.png used on input line 604.
(pdftex.def)             Requested size: 119.99509pt x 119.99794pt.
File: 3.png Graphic file (type png)
 <use 3.png>
Package pdftex.def Info: 3.png used on input line 604.
(pdftex.def)             Requested size: 119.99338pt x 119.9905pt.
File: 5.png Graphic file (type png)
 <use 5.png>
Package pdftex.def Info: 5.png used on input line 604.
(pdftex.def)             Requested size: 119.99876pt x 119.99338pt.
File: 7.png Graphic file (type png)
 <use 7.png>
Package pdftex.def Info: 7.png used on input line 604.
(pdftex.def)             Requested size: 119.99338pt x 119.99495pt.

Overfull \hbox (24.58055pt too wide) in alignment at lines 604--604
[][][]
 []


LaTeX Warning: File `Kamailio_chart.eps' not found on input line 611.

Package epstopdf Info: Source file: <Kamailio_chart.eps>
(epstopdf)             Output file: <Kamailio_chart-eps-converted-to.pdf>
(epstopdf)                    date: 2013-11-29 15:51:49
(epstopdf)                    size: 268635 bytes
(epstopdf)             Command: <repstopdf --outfile=Kamailio_chart-eps-convert
ed-to.pdf Kamailio_chart.eps>
(epstopdf)             \includegraphics on input line 611.
Package epstopdf Info: Output file is already uptodate.
<Kamailio_chart-eps-converted-to.pdf, id=356, 1229.59375pt x 506.89375pt>
File: Kamailio_chart-eps-converted-to.pdf Graphic file (type pdf)

<use Kamailio_chart-eps-converted-to.pdf>
Package pdftex.def Info: Kamailio_chart-eps-converted-to.pdf used on input line
 611.
(pdftex.def)             Requested size: 504.0pt x 207.77364pt.
Package epstopdf Info: Source file: <Kamailio_diameter.eps>
(epstopdf)                    date: 2013-11-30 00:54:50
(epstopdf)                    size: 73893 bytes
(epstopdf)             Output file: <Kamailio_diameter-eps-converted-to.pdf>
(epstopdf)                    date: 2013-11-30 00:57:21
(epstopdf)                    size: 11882 bytes
(epstopdf)             Command: <repstopdf --outfile=Kamailio_diameter-eps-conv
erted-to.pdf Kamailio_diameter.eps>
(epstopdf)             \includegraphics on input line 613.
Package epstopdf Info: Output file is already uptodate.

<Kamailio_diameter-eps-converted-to.pdf, id=357, 1229.59375pt x 145.54375pt>
File: Kamailio_diameter-eps-converted-to.pdf Graphic file (type pdf)

<use Kamailio_diameter-eps-converted-to.pdf>
Package pdftex.def Info: Kamailio_diameter-eps-converted-to.pdf used on input l
ine 613.
(pdftex.def)             Requested size: 458.64185pt x 54.28783pt.

Underfull \vbox (badness 6173) has occurred while \output is active []

pdfTeX warning (ext4): destination with the same identifier (name{page.}) has b
een already used, duplicate ignored
<to be read again> 
                   \relax 
l.619 
       [10 <./NodesEdgesTime-eps-converted-to.pdf> <./DiameterTime-eps-converte
d-to.pdf>]
Underfull \vbox (badness 10000) has occurred while \output is active []



LaTeX Warning: File `Amarok_chart.eps' not found on input line 625.

Package epstopdf Info: Source file: <Amarok_chart.eps>
(epstopdf)             Output file: <Amarok_chart-eps-converted-to.pdf>
(epstopdf)                    date: 2013-11-29 15:42:22
(epstopdf)                    size: 348509 bytes
(epstopdf)             Command: <repstopdf --outfile=Amarok_chart-eps-converted
-to.pdf Amarok_chart.eps>
(epstopdf)             \includegraphics on input line 625.
Package epstopdf Info: Output file is already uptodate.
<Amarok_chart-eps-converted-to.pdf, id=384, 1233.60875pt x 521.95pt>
File: Amarok_chart-eps-converted-to.pdf Graphic file (type pdf)

<use Amarok_chart-eps-converted-to.pdf>
Package pdftex.def Info: Amarok_chart-eps-converted-to.pdf used on input line 6
25.
(pdftex.def)             Requested size: 504.0pt x 213.24426pt.
Package epstopdf Info: Source file: <Amarok_diameter.eps>
(epstopdf)                    date: 2013-11-30 00:54:20
(epstopdf)                    size: 77479 bytes
(epstopdf)             Output file: <Amarok_diameter-eps-converted-to.pdf>
(epstopdf)                    date: 2013-11-30 00:55:16
(epstopdf)                    size: 12377 bytes
(epstopdf)             Command: <repstopdf --outfile=Amarok_diameter-eps-conver
ted-to.pdf Amarok_diameter.eps>
(epstopdf)             \includegraphics on input line 627.
Package epstopdf Info: Output file is already uptodate.

<Amarok_diameter-eps-converted-to.pdf, id=385, 1229.59375pt x 145.54375pt>
File: Amarok_diameter-eps-converted-to.pdf Graphic file (type pdf)

<use Amarok_diameter-eps-converted-to.pdf>
Package pdftex.def Info: Amarok_diameter-eps-converted-to.pdf used on input lin
e 627.
(pdftex.def)             Requested size: 466.20154pt x 55.18282pt.

Underfull \hbox (badness 10000) in paragraph at lines 632--632
[][][]\T1/aer/m/n/9 Video vi-su-al-iza-tions avail-able at
 []

pdfTeX warning (ext4): destination with the same identifier (name{page.}) has b
een already used, duplicate ignored
<to be read again> 
                   \relax 
l.633 
       [11 <./2.png (PNG copy)> <./3.png (PNG copy)> <./5.png (PNG copy)> <./7.
png (PNG copy)> <./Kamailio_chart-eps-converted-to.pdf> <./Kamailio_diameter-ep
s-converted-to.pdf>]

LaTeX Warning: File `Asterisk_chart.eps' not found on input line 637.

Package epstopdf Info: Source file: <Asterisk_chart.eps>
(epstopdf)             Output file: <Asterisk_chart-eps-converted-to.pdf>
(epstopdf)                    date: 2013-11-29 15:51:47
(epstopdf)                    size: 304010 bytes
(epstopdf)             Command: <repstopdf --outfile=Asterisk_chart-eps-convert
ed-to.pdf Asterisk_chart.eps>
(epstopdf)             \includegraphics on input line 637.
Package epstopdf Info: Output file is already uptodate.
<Asterisk_chart-eps-converted-to.pdf, id=403, 1223.57124pt x 523.9575pt>
File: Asterisk_chart-eps-converted-to.pdf Graphic file (type pdf)

<use Asterisk_chart-eps-converted-to.pdf>
Package pdftex.def Info: Asterisk_chart-eps-converted-to.pdf used on input line
 637.
(pdftex.def)             Requested size: 504.0pt x 215.82333pt.
Package epstopdf Info: Source file: <Asterisk_diameter.eps>
(epstopdf)                    date: 2013-11-30 02:12:15
(epstopdf)                    size: 80121 bytes
(epstopdf)             Output file: <Asterisk_diameter-eps-converted-to.pdf>
(epstopdf)                    date: 2013-11-30 02:12:41
(epstopdf)                    size: 12112 bytes
(epstopdf)             Command: <repstopdf --outfile=Asterisk_diameter-eps-conv
erted-to.pdf Asterisk_diameter.eps>
(epstopdf)             \includegraphics on input line 639.
Package epstopdf Info: Output file is already uptodate.

<Asterisk_diameter-eps-converted-to.pdf, id=404, 1230.5975pt x 145.54375pt>
File: Asterisk_diameter-eps-converted-to.pdf Graphic file (type pdf)

<use Asterisk_diameter-eps-converted-to.pdf>
Package pdftex.def Info: Asterisk_diameter-eps-converted-to.pdf used on input l
ine 639.
(pdftex.def)             Requested size: 473.76123pt x 56.03117pt.

Overfull \hbox (3.16516pt too wide) in paragraph at lines 647--648
\T1/aer/m/n/9 We stud-ied the col-lab-o-ra-tion net-works of three FOSS project
s
 []

pdfTeX warning (ext4): destination with the same identifier (name{page.}) has b
een already used, duplicate ignored
<to be read again> 
                   \relax 
l.658 
       [12 <./Amarok_chart-eps-converted-to.pdf> <./Amarok_diameter-eps-convert
ed-to.pdf>]
Overfull \hbox (4.22816pt too wide) in paragraph at lines 664--665
\T1/aer/m/n/9 shows the map-ping be-tween re-search ques-tions and the phases
 []

LaTeX Font Info:    Try loading font information for OMS+aer on input line 673.

(/usr/share/texmf/tex/latex/R/tex/latex/omsaer.fd
File: omsaer.fd 1999/12/27
)
LaTeX Font Info:    Font shape `OMS/aer/m/n' in size <9> not available
(Font)              Font shape `OMS/cmsy/m/n' tried instead on input line 673.

Underfull \hbox (badness 10000) in paragraph at lines 680--681
[]|\T1/aer/m/n/9 RQ
 []


Overfull \hbox (6.4834pt too wide) in paragraph at lines 670--687
[][]
 []

pdfTeX warning (ext4): destination with the same identifier (name{page.}) has b
een already used, duplicate ignored
<to be read again> 
                   \relax 
l.693 
       [13 <./Asterisk_chart-eps-converted-to.pdf> <./Asterisk_diameter-eps-con
verted-to.pdf>]
Underfull \hbox (badness 10000) in paragraph at lines 697--699

 []

(./referenc.tex
Underfull \vbox (badness 10000) has occurred while \output is active []

pdfTeX warning (ext4): destination with the same identifier (name{page.}) has b
een already used, duplicate ignored
<to be read again> 
                   \relax 
l.95 
      [14]
Underfull \vbox (badness 10000) has occurred while \output is active []

)
No file Proposal_report_Amir_ACM.bbl.
Package atveryend Info: Empty hook `BeforeClearDocument' on input line 771.
pdfTeX warning (ext4): destination with the same identifier (name{page.}) has b
een already used, duplicate ignored
<to be read again> 
                   \relax 
l.771 \end{document}
                     [15]
Package atveryend Info: Empty hook `AfterLastShipout' on input line 771.
 (./Proposal_report_Amir_ACM.aux)
Package atveryend Info: Empty hook `AtVeryEndDocument' on input line 771.
Package atveryend Info: Executing hook `AtEndAfterFileList' on input line 771.
Package rerunfilecheck Info: File `Proposal_report_Amir_ACM.out' has not change
d.
(rerunfilecheck)             Checksum: A11A9282F0068A164410958DEB7178F1;2153.


LaTeX Warning: There were multiply-defined labels.

Package atveryend Info: Empty hook `AtVeryVeryEnd' on input line 771.
 ) 
Here is how much of TeX's memory you used:
 9577 strings out of 494985
 142654 string characters out of 6180356
 292842 words of memory out of 5000000
 12499 multiletter control sequences out of 15000+600000
 53540 words of font info for 73 fonts, out of 8000000 for 9000
 36 hyphenation exceptions out of 8191
 44i,24n,49p,2886b,616s stack positions out of 5000i,500n,10000p,200000b,80000s
{/usr/share/texlive/texmf-dist/fonts/enc/dvips/base/8r.enc}</usr/share/texliv
e/texmf-dist/fonts/type1/public/amsfonts/cm/cmbx9.pfb></usr/share/texlive/texmf
-dist/fonts/type1/public/amsfonts/cm/cmcsc10.pfb></usr/share/texlive/texmf-dist
/fonts/type1/public/amsfonts/cmextra/cmex9.pfb></usr/share/texlive/texmf-dist/f
onts/type1/public/amsfonts/cm/cmmi6.pfb></usr/share/texlive/texmf-dist/fonts/ty
pe1/public/amsfonts/cm/cmmi9.pfb></usr/share/texlive/texmf-dist/fonts/type1/pub
lic/amsfonts/cm/cmr6.pfb></usr/share/texlive/texmf-dist/fonts/type1/public/amsf
onts/cm/cmr9.pfb></usr/share/texlive/texmf-dist/fonts/type1/public/amsfonts/cm/
cmsy6.pfb></usr/share/texlive/texmf-dist/fonts/type1/public/amsfonts/cm/cmsy9.p
fb></usr/share/texlive/texmf-dist/fonts/type1/public/amsfonts/cm/cmti9.pfb></us
r/share/texlive/texmf-dist/fonts/type1/urw/helvetic/uhvb8a.pfb></usr/share/texl
ive/texmf-dist/fonts/type1/urw/helvetic/uhvr8a.pfb></usr/share/texlive/texmf-di
st/fonts/type1/urw/times/utmb8a.pfb></usr/share/texlive/texmf-dist/fonts/type1/
urw/times/utmri8a.pfb>
Output written on Proposal_report_Amir_ACM.pdf (15 pages, 2763413 bytes).
PDF statistics:
 513 PDF objects out of 1000 (max. 8388607)
 442 compressed objects within 5 object streams
 112 named destinations out of 1000 (max. 500000)
 287 words of extra memory for PDF output out of 10000 (max. 10000000)

