\BOOKMARK [1][-]{section.0.1}{Abstract}{}% 1
\BOOKMARK [1][-]{section.0.2}{Introduction}{}% 2
\BOOKMARK [1][-]{section.0.3}{Related Work}{}% 3
\BOOKMARK [1][-]{section.0.4}{Research Goals}{}% 4
\BOOKMARK [1][-]{section.0.5}{Methodology}{}% 5
\BOOKMARK [2][-]{subsection.0.5.1}{Phase 1: Data Collection}{section.0.5}% 6
\BOOKMARK [2][-]{subsection.0.5.2}{Phase 2: Sociogram Formation and Statistical Study}{section.0.5}% 7
\BOOKMARK [2][-]{subsection.0.5.3}{The Statistical Model}{section.0.5}% 8
\BOOKMARK [2][-]{subsection.0.5.4}{Model Specification}{section.0.5}% 9
\BOOKMARK [2][-]{subsection.0.5.5}{Markov Chain Monte Carlo \(MCMC\) Estimation}{section.0.5}% 10
\BOOKMARK [2][-]{subsection.0.5.6}{Hypothesis Testing}{section.0.5}% 11
\BOOKMARK [2][-]{subsection.0.5.7}{Research Questions and Hypotheses}{section.0.5}% 12
\BOOKMARK [2][-]{subsection.0.5.8}{Predictions}{section.0.5}% 13
\BOOKMARK [1][-]{section.0.6}{To Be Done}{}% 14
\BOOKMARK [1][-]{section.0.7}{Timeline}{}% 15
\BOOKMARK [1][-]{section.0.8}{Threats to Validity}{}% 16
\BOOKMARK [0][-]{section*.15}{Appendices}{}% 17
\BOOKMARK [1][-]{section.1..1}{Appendix A: List of all projects forked in socially-related Undesirable Forking \(U.F.\) Category}{section*.15}% 18
\BOOKMARK [1][-]{section.1..2}{Appendix B: Initial study: Temporal analysis using the network-specific measurement approach}{section*.15}% 19
\BOOKMARK [2][-]{subsection.1..2.1}{Visualization}{section.1..2}% 20
\BOOKMARK [2][-]{subsection.1..2.2}{Initial study results and discussion}{section.1..2}% 21
\BOOKMARK [1][-]{section.1..3}{Appendix C: Mathematical Definition of Effects in the Statistical Model}{section*.15}% 22
\BOOKMARK [2][-]{subsection.1..3.1}{Structural Effects for the Objective Function}{section.1..3}% 23
\BOOKMARK [2][-]{subsection.1..3.2}{Behavior-related Effects}{section.1..3}% 24
