This is pdfTeX, Version 3.1415926-2.5-1.40.14 (TeX Live 2013/Debian) (format=pdflatex 2015.5.16)  4 NOV 2015 16:00
entering extended mode
 restricted \write18 enabled.
 %&-line parsing enabled.
**reportDocumentClass.tex
(./reportDocumentClass.tex
LaTeX2e <2011/06/27>
Babel <3.9h> and hyphenation patterns for 4 languages loaded.
(/usr/share/texlive/texmf-dist/tex/latex/base/report.cls
Document Class: report 2007/10/19 v1.4h Standard LaTeX document class
(/usr/share/texlive/texmf-dist/tex/latex/base/size10.clo
File: size10.clo 2007/10/19 v1.4h Standard LaTeX file (size option)
)
\c@part=\count79
\c@chapter=\count80
\c@section=\count81
\c@subsection=\count82
\c@subsubsection=\count83
\c@paragraph=\count84
\c@subparagraph=\count85
\c@figure=\count86
\c@table=\count87
\abovecaptionskip=\skip41
\belowcaptionskip=\skip42
\bibindent=\dimen102
)
(/usr/share/texlive/texmf-dist/tex/latex/url/url.sty
\Urlmuskip=\muskip10
Package: url 2013/09/16  ver 3.4  Verb mode for urls, etc.
)
(/usr/share/texlive/texmf-dist/tex/latex/graphics/epsfig.sty
Package: epsfig 1999/02/16 v1.7a (e)psfig emulation (SPQR)

(/usr/share/texlive/texmf-dist/tex/latex/graphics/graphicx.sty
Package: graphicx 1999/02/16 v1.0f Enhanced LaTeX Graphics (DPC,SPQR)

(/usr/share/texlive/texmf-dist/tex/latex/graphics/keyval.sty
Package: keyval 1999/03/16 v1.13 key=value parser (DPC)
\KV@toks@=\toks14
)
(/usr/share/texlive/texmf-dist/tex/latex/graphics/graphics.sty
Package: graphics 2009/02/05 v1.0o Standard LaTeX Graphics (DPC,SPQR)

(/usr/share/texlive/texmf-dist/tex/latex/graphics/trig.sty
Package: trig 1999/03/16 v1.09 sin cos tan (DPC)
)
(/usr/share/texlive/texmf-dist/tex/latex/latexconfig/graphics.cfg
File: graphics.cfg 2010/04/23 v1.9 graphics configuration of TeX Live
)
Package graphics Info: Driver file: pdftex.def on input line 91.

(/usr/share/texlive/texmf-dist/tex/latex/pdftex-def/pdftex.def
File: pdftex.def 2011/05/27 v0.06d Graphics/color for pdfTeX

(/usr/share/texlive/texmf-dist/tex/generic/oberdiek/infwarerr.sty
Package: infwarerr 2010/04/08 v1.3 Providing info/warning/error messages (HO)
)
(/usr/share/texlive/texmf-dist/tex/generic/oberdiek/ltxcmds.sty
Package: ltxcmds 2011/11/09 v1.22 LaTeX kernel commands for general use (HO)
)
\Gread@gobject=\count88
))
\Gin@req@height=\dimen103
\Gin@req@width=\dimen104
)
\epsfxsize=\dimen105
\epsfysize=\dimen106
)
(/usr/share/texlive/texmf-dist/tex/latex/base/makeidx.sty
Package: makeidx 2000/03/29 v1.0m Standard LaTeX package
)
(/usr/share/texlive/texmf-dist/tex/latex/tools/multicol.sty
Package: multicol 2011/06/27 v1.7a multicolumn formatting (FMi)
\c@tracingmulticols=\count89
\mult@box=\box26
\multicol@leftmargin=\dimen107
\c@unbalance=\count90
\c@collectmore=\count91
\doublecol@number=\count92
\multicoltolerance=\count93
\multicolpretolerance=\count94
\full@width=\dimen108
\page@free=\dimen109
\premulticols=\dimen110
\postmulticols=\dimen111
\multicolsep=\skip43
\multicolbaselineskip=\skip44
\partial@page=\box27
\last@line=\box28
\mult@rightbox=\box29
\mult@grightbox=\box30
\mult@gfirstbox=\box31
\mult@firstbox=\box32
\@tempa=\box33
\@tempa=\box34
\@tempa=\box35
\@tempa=\box36
\@tempa=\box37
\@tempa=\box38
\@tempa=\box39
\@tempa=\box40
\@tempa=\box41
\@tempa=\box42
\@tempa=\box43
\@tempa=\box44
\@tempa=\box45
\@tempa=\box46
\@tempa=\box47
\@tempa=\box48
\@tempa=\box49
\c@columnbadness=\count95
\c@finalcolumnbadness=\count96
\last@try=\dimen112
\multicolovershoot=\dimen113
\multicolundershoot=\dimen114
\mult@nat@firstbox=\box50
\colbreak@box=\box51
\multicol@sort@counter=\count97
)
(/usr/share/texlive/texmf-dist/tex/latex/footmisc/footmisc.sty
Package: footmisc 2011/06/06 v5.5b a miscellany of footnote facilities
\FN@temptoken=\toks15
\footnotemargin=\dimen115
\c@pp@next@reset=\count98
Package footmisc Info: Declaring symbol style bringhurst on input line 855.
Package footmisc Info: Declaring symbol style chicago on input line 863.
Package footmisc Info: Declaring symbol style wiley on input line 872.
Package footmisc Info: Declaring symbol style lamport-robust on input line 883.

Package footmisc Info: Declaring symbol style lamport* on input line 903.
Package footmisc Info: Declaring symbol style lamport*-robust on input line 924
.
)
(/usr/share/texlive/texmf-dist/tex/latex/subfig/subfig.sty
Package: subfig 2005/06/28 ver: 1.3 subfig package

(/usr/share/texlive/texmf-dist/tex/latex/caption/caption.sty
Package: caption 2013/05/02 v3.3-89 Customizing captions (AR)

(/usr/share/texlive/texmf-dist/tex/latex/caption/caption3.sty
Package: caption3 2013/05/02 v1.6-88 caption3 kernel (AR)
Package caption3 Info: TeX engine: e-TeX on input line 57.
\captionmargin=\dimen116
\captionmargin@=\dimen117
\captionwidth=\dimen118
\caption@tempdima=\dimen119
\caption@indent=\dimen120
\caption@parindent=\dimen121
\caption@hangindent=\dimen122
)
\c@ContinuedFloat=\count99
)
\c@KVtest=\count100
\sf@farskip=\skip45
\sf@captopadj=\dimen123
\sf@capskip=\skip46
\sf@nearskip=\skip47
\c@subfigure=\count101
\c@subfigure@save=\count102
\c@lofdepth=\count103
\c@subtable=\count104
\c@subtable@save=\count105
\c@lotdepth=\count106
\sf@top=\skip48
\sf@bottom=\skip49
)
(/usr/share/texlive/texmf-dist/tex/latex/tools/tabularx.sty
Package: tabularx 1999/01/07 v2.07 `tabularx' package (DPC)

(/usr/share/texlive/texmf-dist/tex/latex/tools/array.sty
Package: array 2008/09/09 v2.4c Tabular extension package (FMi)
\col@sep=\dimen124
\extrarowheight=\dimen125
\NC@list=\toks16
\extratabsurround=\skip50
\backup@length=\skip51
)
\TX@col@width=\dimen126
\TX@old@table=\dimen127
\TX@old@col=\dimen128
\TX@target=\dimen129
\TX@delta=\dimen130
\TX@cols=\count107
\TX@ftn=\toks17
)
(/usr/share/texlive/texmf-dist/tex/latex/ms/ragged2e.sty
Package: ragged2e 2009/05/21 v2.1 ragged2e Package (MS)

(/usr/share/texlive/texmf-dist/tex/latex/ms/everysel.sty
Package: everysel 2011/10/28 v1.2 EverySelectfont Package (MS)
)
\CenteringLeftskip=\skip52
\RaggedLeftLeftskip=\skip53
\RaggedRightLeftskip=\skip54
\CenteringRightskip=\skip55
\RaggedLeftRightskip=\skip56
\RaggedRightRightskip=\skip57
\CenteringParfillskip=\skip58
\RaggedLeftParfillskip=\skip59
\RaggedRightParfillskip=\skip60
\JustifyingParfillskip=\skip61
\CenteringParindent=\skip62
\RaggedLeftParindent=\skip63
\RaggedRightParindent=\skip64
\JustifyingParindent=\skip65
)
(/usr/share/texlive/texmf-dist/tex/latex/hyperref/hyperref.sty
Package: hyperref 2012/11/06 v6.83m Hypertext links for LaTeX

(/usr/share/texlive/texmf-dist/tex/generic/oberdiek/hobsub-hyperref.sty
Package: hobsub-hyperref 2012/05/28 v1.13 Bundle oberdiek, subset hyperref (HO)


(/usr/share/texlive/texmf-dist/tex/generic/oberdiek/hobsub-generic.sty
Package: hobsub-generic 2012/05/28 v1.13 Bundle oberdiek, subset generic (HO)
Package: hobsub 2012/05/28 v1.13 Construct package bundles (HO)
Package hobsub Info: Skipping package `infwarerr' (already loaded).
Package hobsub Info: Skipping package `ltxcmds' (already loaded).
Package: ifluatex 2010/03/01 v1.3 Provides the ifluatex switch (HO)
Package ifluatex Info: LuaTeX not detected.
Package: ifvtex 2010/03/01 v1.5 Detect VTeX and its facilities (HO)
Package ifvtex Info: VTeX not detected.
Package: intcalc 2007/09/27 v1.1 Expandable calculations with integers (HO)
Package: ifpdf 2011/01/30 v2.3 Provides the ifpdf switch (HO)
Package ifpdf Info: pdfTeX in PDF mode is detected.
Package: etexcmds 2011/02/16 v1.5 Avoid name clashes with e-TeX commands (HO)
Package etexcmds Info: Could not find \expanded.
(etexcmds)             That can mean that you are not using pdfTeX 1.50 or
(etexcmds)             that some package has redefined \expanded.
(etexcmds)             In the latter case, load this package earlier.
Package: kvsetkeys 2012/04/25 v1.16 Key value parser (HO)
Package: kvdefinekeys 2011/04/07 v1.3 Define keys (HO)
Package: pdftexcmds 2011/11/29 v0.20 Utility functions of pdfTeX for LuaTeX (HO
)
Package pdftexcmds Info: LuaTeX not detected.
Package pdftexcmds Info: \pdf@primitive is available.
Package pdftexcmds Info: \pdf@ifprimitive is available.
Package pdftexcmds Info: \pdfdraftmode found.
Package: pdfescape 2011/11/25 v1.13 Implements pdfTeX's escape features (HO)
Package: bigintcalc 2012/04/08 v1.3 Expandable calculations on big integers (HO
)
Package: bitset 2011/01/30 v1.1 Handle bit-vector datatype (HO)
Package: uniquecounter 2011/01/30 v1.2 Provide unlimited unique counter (HO)
)
Package hobsub Info: Skipping package `hobsub' (already loaded).
Package: letltxmacro 2010/09/02 v1.4 Let assignment for LaTeX macros (HO)
Package: hopatch 2012/05/28 v1.2 Wrapper for package hooks (HO)
Package: xcolor-patch 2011/01/30 xcolor patch
Package: atveryend 2011/06/30 v1.8 Hooks at the very end of document (HO)
Package atveryend Info: \enddocument detected (standard20110627).
Package: atbegshi 2011/10/05 v1.16 At begin shipout hook (HO)
Package: refcount 2011/10/16 v3.4 Data extraction from label references (HO)
Package: hycolor 2011/01/30 v1.7 Color options for hyperref/bookmark (HO)
)
(/usr/share/texlive/texmf-dist/tex/generic/ifxetex/ifxetex.sty
Package: ifxetex 2010/09/12 v0.6 Provides ifxetex conditional
)
(/usr/share/texlive/texmf-dist/tex/latex/oberdiek/auxhook.sty
Package: auxhook 2011/03/04 v1.3 Hooks for auxiliary files (HO)
)
(/usr/share/texlive/texmf-dist/tex/latex/oberdiek/kvoptions.sty
Package: kvoptions 2011/06/30 v3.11 Key value format for package options (HO)
)
\@linkdim=\dimen131
\Hy@linkcounter=\count108
\Hy@pagecounter=\count109

(/usr/share/texlive/texmf-dist/tex/latex/hyperref/pd1enc.def
File: pd1enc.def 2012/11/06 v6.83m Hyperref: PDFDocEncoding definition (HO)
)
\Hy@SavedSpaceFactor=\count110

(/usr/share/texlive/texmf-dist/tex/latex/latexconfig/hyperref.cfg
File: hyperref.cfg 2002/06/06 v1.2 hyperref configuration of TeXLive
)
Package hyperref Info: Hyper figures OFF on input line 4443.
Package hyperref Info: Link nesting OFF on input line 4448.
Package hyperref Info: Hyper index ON on input line 4451.
Package hyperref Info: Plain pages OFF on input line 4458.
Package hyperref Info: Backreferencing OFF on input line 4463.
Package hyperref Info: Implicit mode ON; LaTeX internals redefined.
Package hyperref Info: Bookmarks ON on input line 4688.
\c@Hy@tempcnt=\count111
LaTeX Info: Redefining \url on input line 5041.
\XeTeXLinkMargin=\dimen132
\Fld@menulength=\count112
\Field@Width=\dimen133
\Fld@charsize=\dimen134
Package hyperref Info: Hyper figures OFF on input line 6295.
Package hyperref Info: Link nesting OFF on input line 6300.
Package hyperref Info: Hyper index ON on input line 6303.
Package hyperref Info: backreferencing OFF on input line 6310.
Package hyperref Info: Link coloring OFF on input line 6315.
Package hyperref Info: Link coloring with OCG OFF on input line 6320.
Package hyperref Info: PDF/A mode OFF on input line 6325.
LaTeX Info: Redefining \ref on input line 6365.
LaTeX Info: Redefining \pageref on input line 6369.
\Hy@abspage=\count113
\c@Item=\count114
\c@Hfootnote=\count115
)

Package hyperref Message: Driver (autodetected): hpdftex.

(/usr/share/texlive/texmf-dist/tex/latex/hyperref/hpdftex.def
File: hpdftex.def 2012/11/06 v6.83m Hyperref driver for pdfTeX
\Fld@listcount=\count116
\c@bookmark@seq@number=\count117

(/usr/share/texlive/texmf-dist/tex/latex/oberdiek/rerunfilecheck.sty
Package: rerunfilecheck 2011/04/15 v1.7 Rerun checks for auxiliary files (HO)
Package uniquecounter Info: New unique counter `rerunfilecheck' on input line 2
82.
)
\Hy@SectionHShift=\skip66
)
(/usr/share/texlive/texmf-dist/tex/latex/float/float.sty
Package: float 2001/11/08 v1.3d Float enhancements (AL)
\c@float@type=\count118
\float@exts=\toks18
\float@box=\box52
\@float@everytoks=\toks19
\@floatcapt=\box53
)
(/usr/share/texlive/texmf-dist/tex/latex/mh/mathtools.sty
Package: mathtools 2013/02/12 v1.13 mathematical typesetting tools

(/usr/share/texlive/texmf-dist/tex/latex/tools/calc.sty
Package: calc 2007/08/22 v4.3 Infix arithmetic (KKT,FJ)
\calc@Acount=\count119
\calc@Bcount=\count120
\calc@Adimen=\dimen135
\calc@Bdimen=\dimen136
\calc@Askip=\skip67
\calc@Bskip=\skip68
LaTeX Info: Redefining \setlength on input line 76.
LaTeX Info: Redefining \addtolength on input line 77.
\calc@Ccount=\count121
\calc@Cskip=\skip69
)
(/usr/share/texlive/texmf-dist/tex/latex/mh/mhsetup.sty
Package: mhsetup 2010/01/21 v1.2a programming setup (MH)
)
(/usr/share/texlive/texmf-dist/tex/latex/amsmath/amsmath.sty
Package: amsmath 2013/01/14 v2.14 AMS math features
\@mathmargin=\skip70

For additional information on amsmath, use the `?' option.
(/usr/share/texlive/texmf-dist/tex/latex/amsmath/amstext.sty
Package: amstext 2000/06/29 v2.01

(/usr/share/texlive/texmf-dist/tex/latex/amsmath/amsgen.sty
File: amsgen.sty 1999/11/30 v2.0
\@emptytoks=\toks20
\ex@=\dimen137
))
(/usr/share/texlive/texmf-dist/tex/latex/amsmath/amsbsy.sty
Package: amsbsy 1999/11/29 v1.2d
\pmbraise@=\dimen138
)
(/usr/share/texlive/texmf-dist/tex/latex/amsmath/amsopn.sty
Package: amsopn 1999/12/14 v2.01 operator names
)
\inf@bad=\count122
LaTeX Info: Redefining \frac on input line 210.
\uproot@=\count123
\leftroot@=\count124
LaTeX Info: Redefining \overline on input line 306.
\classnum@=\count125
\DOTSCASE@=\count126
LaTeX Info: Redefining \ldots on input line 378.
LaTeX Info: Redefining \dots on input line 381.
LaTeX Info: Redefining \cdots on input line 466.
\Mathstrutbox@=\box54
\strutbox@=\box55
\big@size=\dimen139
LaTeX Font Info:    Redeclaring font encoding OML on input line 566.
LaTeX Font Info:    Redeclaring font encoding OMS on input line 567.
\macc@depth=\count127
\c@MaxMatrixCols=\count128
\dotsspace@=\muskip11
\c@parentequation=\count129
\dspbrk@lvl=\count130
\tag@help=\toks21
\row@=\count131
\column@=\count132
\maxfields@=\count133
\andhelp@=\toks22
\eqnshift@=\dimen140
\alignsep@=\dimen141
\tagshift@=\dimen142
\tagwidth@=\dimen143
\totwidth@=\dimen144
\lineht@=\dimen145
\@envbody=\toks23
\multlinegap=\skip71
\multlinetaggap=\skip72
\mathdisplay@stack=\toks24
LaTeX Info: Redefining \[ on input line 2665.
LaTeX Info: Redefining \] on input line 2666.
)
LaTeX Info: Thecontrolsequence`\['isalreadyrobust on input line 129.
LaTeX Info: Thecontrolsequence`\]'isalreadyrobust on input line 129.
\g_MT_multlinerow_int=\count134
\l_MT_multwidth_dim=\dimen146
\origjot=\skip73
\l_MT_shortvdotswithinadjustabove_dim=\dimen147
\l_MT_shortvdotswithinadjustbelow_dim=\dimen148
\l_MT_above_intertext_sep=\dimen149
\l_MT_below_intertext_sep=\dimen150
\l_MT_above_shortintertext_sep=\dimen151
\l_MT_below_shortintertext_sep=\dimen152
)
(/usr/share/texlive/texmf-dist/tex/latex/booktabs/booktabs.sty
Package: booktabs 2005/04/14 v1.61803 publication quality tables
\heavyrulewidth=\dimen153
\lightrulewidth=\dimen154
\cmidrulewidth=\dimen155
\belowrulesep=\dimen156
\belowbottomsep=\dimen157
\aboverulesep=\dimen158
\abovetopsep=\dimen159
\cmidrulesep=\dimen160
\cmidrulekern=\dimen161
\defaultaddspace=\dimen162
\@cmidla=\count135
\@cmidlb=\count136
\@aboverulesep=\dimen163
\@belowrulesep=\dimen164
\@thisruleclass=\count137
\@lastruleclass=\count138
\@thisrulewidth=\dimen165
)
(/usr/share/texmf/tex/latex/xcolor/xcolor.sty
Package: xcolor 2007/01/21 v2.11 LaTeX color extensions (UK)

(/usr/share/texlive/texmf-dist/tex/latex/latexconfig/color.cfg
File: color.cfg 2007/01/18 v1.5 color configuration of teTeX/TeXLive
)
Package xcolor Info: Driver file: pdftex.def on input line 225.
Package xcolor Info: Model `cmy' substituted by `cmy0' on input line 1337.
Package xcolor Info: Model `hsb' substituted by `rgb' on input line 1341.
Package xcolor Info: Model `RGB' extended on input line 1353.
Package xcolor Info: Model `HTML' substituted by `rgb' on input line 1355.
Package xcolor Info: Model `Hsb' substituted by `hsb' on input line 1356.
Package xcolor Info: Model `tHsb' substituted by `hsb' on input line 1357.
Package xcolor Info: Model `HSB' substituted by `hsb' on input line 1358.
Package xcolor Info: Model `Gray' substituted by `gray' on input line 1359.
Package xcolor Info: Model `wave' substituted by `hsb' on input line 1360.

(/usr/share/texmf/tex/latex/xcolor/x11nam.def
File: x11nam.def 2007/01/21 v2.11 Predefined colors according to Unix/X11 (UK)
))
(/usr/share/texlive/texmf-dist/tex/latex/colortbl/colortbl.sty
Package: colortbl 2012/02/13 v1.0a Color table columns (DPC)
\everycr=\toks25
\minrowclearance=\skip74
)
(/usr/share/texlive/texmf-dist/tex/latex/tabto-ltx/tabto.sty
Package: tabto 2013/03/25  v 1.3  Another tabbing mechanism
\CurrentLineWidth=\dimen166
)
(./reportDocumentClass.aux)
\openout1 = `reportDocumentClass.aux'.

LaTeX Font Info:    Checking defaults for OML/cmm/m/it on input line 47.
LaTeX Font Info:    ... okay on input line 47.
LaTeX Font Info:    Checking defaults for T1/cmr/m/n on input line 47.
LaTeX Font Info:    ... okay on input line 47.
LaTeX Font Info:    Checking defaults for OT1/cmr/m/n on input line 47.
LaTeX Font Info:    ... okay on input line 47.
LaTeX Font Info:    Checking defaults for OMS/cmsy/m/n on input line 47.
LaTeX Font Info:    ... okay on input line 47.
LaTeX Font Info:    Checking defaults for OMX/cmex/m/n on input line 47.
LaTeX Font Info:    ... okay on input line 47.
LaTeX Font Info:    Checking defaults for U/cmr/m/n on input line 47.
LaTeX Font Info:    ... okay on input line 47.
LaTeX Font Info:    Checking defaults for PD1/pdf/m/n on input line 47.
LaTeX Font Info:    ... okay on input line 47.

(/usr/share/texlive/texmf-dist/tex/context/base/supp-pdf.mkii
[Loading MPS to PDF converter (version 2006.09.02).]
\scratchcounter=\count139
\scratchdimen=\dimen167
\scratchbox=\box56
\nofMPsegments=\count140
\nofMParguments=\count141
\everyMPshowfont=\toks26
\MPscratchCnt=\count142
\MPscratchDim=\dimen168
\MPnumerator=\count143
\makeMPintoPDFobject=\count144
\everyMPtoPDFconversion=\toks27
) (/usr/share/texlive/texmf-dist/tex/latex/oberdiek/epstopdf-base.sty
Package: epstopdf-base 2010/02/09 v2.5 Base part for package epstopdf

(/usr/share/texlive/texmf-dist/tex/latex/oberdiek/grfext.sty
Package: grfext 2010/08/19 v1.1 Manage graphics extensions (HO)
)
Package grfext Info: Graphics extension search list:
(grfext)             [.png,.pdf,.jpg,.mps,.jpeg,.jbig2,.jb2,.PNG,.PDF,.JPG,.JPE
G,.JBIG2,.JB2,.eps]
(grfext)             \AppendGraphicsExtensions on input line 452.

(/usr/share/texlive/texmf-dist/tex/latex/latexconfig/epstopdf-sys.cfg
File: epstopdf-sys.cfg 2010/07/13 v1.3 Configuration of (r)epstopdf for TeX Liv
e
))
Package caption Info: Begin \AtBeginDocument code.
Package caption Info: subfig package v1.3 is loaded.
Package caption Info: float package is loaded.
Package caption Info: hyperref package is loaded.
Package caption Info: End \AtBeginDocument code.

ABD: EverySelectfont initializing macros
LaTeX Info: Redefining \selectfont on input line 47.
\AtBeginShipoutBox=\box57
Package hyperref Info: Link coloring OFF on input line 47.

(/usr/share/texlive/texmf-dist/tex/latex/hyperref/nameref.sty
Package: nameref 2012/10/27 v2.43 Cross-referencing by name of section

(/usr/share/texlive/texmf-dist/tex/generic/oberdiek/gettitlestring.sty
Package: gettitlestring 2010/12/03 v1.4 Cleanup title references (HO)
)
\c@section@level=\count145
)
LaTeX Info: Redefining \ref on input line 47.
LaTeX Info: Redefining \pageref on input line 47.
LaTeX Info: Redefining \nameref on input line 47.

(./reportDocumentClass.out) (./reportDocumentClass.out)
\@outlinefile=\write3
\openout3 = `reportDocumentClass.out'.

 [1

{/var/lib/texmf/fonts/map/pdftex/updmap/pdftex.map}]pdfTeX warning (ext4): dest
ination with the same identifier (name{page.1}) has been already used, duplicat
e ignored
<to be read again> 
                   \relax 
l.80 
      [1]
Underfull \hbox (badness 10000) in paragraph at lines 85--86

 []


Underfull \hbox (badness 10000) in paragraph at lines 87--88

 []

[2] <ForkingReasonsPieChart.png, id=110, 877.2775pt x 641.39626pt>
File: ForkingReasonsPieChart.png Graphic file (type png)

<use ForkingReasonsPieChart.png>
Package pdftex.def Info: ForkingReasonsPieChart.png used on input line 112.
(pdftex.def)             Requested size: 345.0pt x 252.23793pt.

Underfull \hbox (badness 10000) in paragraph at lines 115--117

 []

[3 <./ForkingReasonsPieChart.png>] [4]
Underfull \hbox (badness 1769) in paragraph at lines 157--157
[]|\OT1/cmr/bx/n/10 Network is di-verse
 []


Underfull \hbox (badness 10000) in paragraph at lines 162--162
[]|\OT1/cmr/m/n/10 Random walks have
 []


Underfull \hbox (badness 10000) in paragraph at lines 162--162
\OT1/cmr/m/n/10 high prob-a-bil-ity of
 []


Overfull \hbox (1.50316pt too wide) in paragraph at lines 154--166
 [][] 
 []

[5] [6]
Underfull \hbox (badness 10000) in paragraph at lines 181--181

 []


Underfull \hbox (badness 10000) in paragraph at lines 183--183

 []


Underfull \hbox (badness 10000) in paragraph at lines 187--187

 []


Underfull \hbox (badness 10000) in paragraph at lines 193--193

 []

[7]
Underfull \hbox (badness 10000) in paragraph at lines 236--236
[]|\OT1/cmr/bx/n/10 Year
 []


Overfull \hbox (1.5765pt too wide) in paragraph at lines 236--237
[]|\OT1/cmr/bx/n/10 Type| 
 []


Overfull \hbox (77.32205pt too wide) in paragraph at lines 234--253
 [][] 
 []

[8]
Overfull \hbox (17.88652pt too wide) in paragraph at lines 263--264
[]|\OT1/cmr/bx/n/10 Collected?| 
 []


Overfull \hbox (42.74895pt too wide) in paragraph at lines 261--283
 [][] 
 []


Underfull \hbox (badness 10000) in paragraph at lines 292--292
[]|\OT1/cmr/bx/n/10 M.L. data
 []


Underfull \hbox (badness 10000) in paragraph at lines 296--296
[]|\OT1/cmr/m/n/10 2001,
 []


Underfull \hbox (badness 10000) in paragraph at lines 297--297
[]|\OT1/cmr/m/n/10 2001,
 []


Underfull \hbox (badness 10000) in paragraph at lines 298--298
[]|\OT1/cmr/m/n/10 2002,
 []


Overfull \hbox (1.43175pt too wide) in paragraph at lines 299--299
[]|\OT1/cmr/m/n/10 GraphicsMagick| 
 []


Underfull \hbox (badness 10000) in paragraph at lines 299--299
[]|\OT1/cmr/m/n/10 2002,
 []


Underfull \hbox (badness 10000) in paragraph at lines 300--300
[]|\OT1/cmr/m/n/10 2004,
 []


Underfull \hbox (badness 10000) in paragraph at lines 301--301
[]|\OT1/cmr/m/n/10 2005,
 []


Underfull \hbox (badness 10000) in paragraph at lines 302--302
[]|\OT1/cmr/m/n/10 2005,
 []


Underfull \hbox (badness 10000) in paragraph at lines 303--303
[]|\OT1/cmr/m/n/10 2005,
 []


Underfull \hbox (badness 10000) in paragraph at lines 304--304
[]|\OT1/cmr/m/n/10 2006,
 []


Underfull \hbox (badness 10000) in paragraph at lines 305--305
[]|\OT1/cmr/m/n/10 2006,
 []


Underfull \hbox (badness 10000) in paragraph at lines 306--306
[]|\OT1/cmr/m/n/10 2006,
 []


Underfull \hbox (badness 10000) in paragraph at lines 307--307
[]|\OT1/cmr/m/n/10 2006,
 []


Underfull \hbox (badness 10000) in paragraph at lines 308--308
[]|\OT1/cmr/m/n/10 2007,
 []


Underfull \hbox (badness 10000) in paragraph at lines 309--309
[]|\OT1/cmr/m/n/10 2007,
 []


Underfull \hbox (badness 10000) in paragraph at lines 310--310
[]|\OT1/cmr/m/n/10 2007,
 []


Underfull \hbox (badness 10000) in paragraph at lines 311--311
[]|\OT1/cmr/m/n/10 2008,
 []


Underfull \hbox (badness 10000) in paragraph at lines 312--312
[]|\OT1/cmr/m/n/10 2008,
 []


Underfull \hbox (badness 10000) in paragraph at lines 313--313
[]|\OT1/cmr/m/n/10 2009,
 []


Underfull \hbox (badness 6825) in paragraph at lines 313--313
[]|\OT1/cmr/m/n/10 Yes, but too
 []


Underfull \hbox (badness 10000) in paragraph at lines 314--314
[]|\OT1/cmr/m/n/10 2009,
 []


Underfull \hbox (badness 10000) in paragraph at lines 315--315
[]|\OT1/cmr/m/n/10 Project Dark-
 []


Underfull \hbox (badness 10000) in paragraph at lines 315--315
[]|\OT1/cmr/m/n/10 2010,
 []


Underfull \hbox (badness 10000) in paragraph at lines 316--316
[]|\OT1/cmr/m/n/10 2010,
 []


Underfull \hbox (badness 10000) in paragraph at lines 317--317
[]|\OT1/cmr/m/n/10 2010,
 []


Underfull \hbox (badness 10000) in paragraph at lines 318--318
[]|\OT1/cmr/m/n/10 2010,
 []


Underfull \hbox (badness 10000) in paragraph at lines 319--319
[]|\OT1/cmr/m/n/10 2010,
 []


Underfull \hbox (badness 10000) in paragraph at lines 320--320
[]|\OT1/cmr/m/n/10 2010,
 []


Underfull \hbox (badness 10000) in paragraph at lines 321--321
[]|\OT1/cmr/m/n/10 2011,
 []


Overfull \hbox (25.4979pt too wide) in paragraph at lines 290--324
 [][] 
 []

[9] [10]
Overfull \hbox (11.20383pt too wide) in paragraph at lines 346--346
 \OT1/cmr/bx/n/10 5.2.1.2 [] \OT1/cmr/m/n/10 The tra-di-tional \OT1/cmr/m/it/10
 network-specific \OT1/cmr/m/n/10 ap-proach as-sumes edges in so-ciograms
 []

[11] [12] [13]
Underfull \hbox (badness 10000) in paragraph at lines 411--412

 []


Overfull \hbox (7.91727pt too wide) in paragraph at lines 428--429
\OT1/cmr/m/n/10 The com-po-nents of the actor-oriented model, de-scribed above,
 de-fine a continuous-
 []


Underfull \hbox (badness 10000) in paragraph at lines 436--437

 []

[14] [15]
Underfull \hbox (badness 10000) in paragraph at lines 538--538
[]|\OT1/cmr/bx/n/10 Network
 []


Underfull \hbox (badness 10000) in paragraph at lines 545--545
[]|\OT1/cmr/m/n/10 Transitive
 []


Underfull \hbox (badness 2057) in paragraph at lines 549--549
[]|\OT1/cmr/m/n/10 Actors at dis-
 []


Overfull \hbox (5.33488pt too wide) detected at line 549
[]\OT1/cmr/m/n/10 (1 \OMS/cmsy/m/n/10 ^^@ \OML/cmm/m/it/10 x[]\OT1/cmr/m/n/10 )
\OML/cmm/m/it/10 max[]\OT1/cmr/m/n/10 (\OML/cmm/m/it/10 x[]x[]\OT1/cmr/m/n/10 )

 []


Overfull \hbox (36.0pt too wide) in paragraph at lines 536--552
 [][] 
 []


LaTeX Warning: Float too large for page by 69.63768pt on input line 552.


LaTeX Warning: Reference `figureAmarokStachedAreaChart' on page 16 undefined on
 input line 555.


LaTeX Warning: Reference `figureAsteriskStackedAreaChart' on page 16 undefined 
on input line 555.

Package epstopdf Info: Source file: <centrality.eps>
(epstopdf)                    date: 2015-11-02 10:36:39
(epstopdf)                    size: 1414850 bytes
(epstopdf)             Output file: <centrality-eps-converted-to.pdf>
(epstopdf)                    date: 2015-11-02 10:36:39
(epstopdf)                    size: 759320 bytes
(epstopdf)             Command: <repstopdf --outfile=centrality-eps-converted-t
o.pdf centrality.eps>
(epstopdf)             \includegraphics on input line 559.
Package epstopdf Info: Output file is already uptodate.
<centrality-eps-converted-to.pdf, id=326, 1004.75375pt x 998.73125pt>
File: centrality-eps-converted-to.pdf Graphic file (type pdf)

<use centrality-eps-converted-to.pdf>
Package pdftex.def Info: centrality-eps-converted-to.pdf used on input line 559
.
(pdftex.def)             Requested size: 241.49895pt x 240.0509pt.

Overfull \hbox (2.61179pt too wide) in paragraph at lines 564--565
[]\OT1/cmr/m/n/10 There are many ways of look-ing at an in-di-vid-ual's im-por-
tance/prestige/status
 []

[16 <./centrality-eps-converted-to.pdf>]
Package epstopdf Info: Source file: <NodesEdgesTime.eps>
(epstopdf)                    date: 2015-11-02 10:36:39
(epstopdf)                    size: 30957 bytes
(epstopdf)             Output file: <NodesEdgesTime-eps-converted-to.pdf>
(epstopdf)                    date: 2015-11-02 10:36:39
(epstopdf)                    size: 23445 bytes
(epstopdf)             Command: <repstopdf --outfile=NodesEdgesTime-eps-convert
ed-to.pdf NodesEdgesTime.eps>
(epstopdf)             \includegraphics on input line 578.
Package epstopdf Info: Output file is already uptodate.

<NodesEdgesTime-eps-converted-to.pdf, id=353, 744.7825pt x 697.60625pt>
File: NodesEdgesTime-eps-converted-to.pdf Graphic file (type pdf)

<use NodesEdgesTime-eps-converted-to.pdf>
Package pdftex.def Info: NodesEdgesTime-eps-converted-to.pdf used on input line
 578.
(pdftex.def)             Requested size: 345.0pt x 323.15942pt.
 [17]
Package epstopdf Info: Source file: <DiameterTime.eps>
(epstopdf)                    date: 2015-11-02 10:36:39
(epstopdf)                    size: 23650 bytes
(epstopdf)             Output file: <DiameterTime-eps-converted-to.pdf>
(epstopdf)                    date: 2015-11-02 10:36:39
(epstopdf)                    size: 17890 bytes
(epstopdf)             Command: <repstopdf --outfile=DiameterTime-eps-converted
-to.pdf DiameterTime.eps>
(epstopdf)             \includegraphics on input line 585.
Package epstopdf Info: Output file is already uptodate.

<DiameterTime-eps-converted-to.pdf, id=366, 744.7825pt x 697.60625pt>
File: DiameterTime-eps-converted-to.pdf Graphic file (type pdf)

<use DiameterTime-eps-converted-to.pdf>
Package pdftex.def Info: DiameterTime-eps-converted-to.pdf used on input line 5
85.
(pdftex.def)             Requested size: 345.0pt x 323.15942pt.
 [18 <./NodesEdgesTime-eps-converted-to.pdf>] <2.png, id=385, 502.87875pt x 520
.94624pt> <use 2.png>
<3.png, id=386, 576.1525pt x 636.3775pt> <use 3.png>
<5.png, id=387, 591.20876pt x 576.1525pt> <use 5.png>
<7.png, id=388, 576.1525pt x 575.14874pt> <use 7.png> <use 2.png> <use 3.png>
<use 5.png> <use 7.png>
File: 2.png Graphic file (type png)
 <use 2.png>
Package pdftex.def Info: 2.png used on input line 606.
(pdftex.def)             Requested size: 86.24791pt x 86.24652pt.
File: 3.png Graphic file (type png)
 <use 3.png>
Package pdftex.def Info: 3.png used on input line 606.
(pdftex.def)             Requested size: 86.24332pt x 86.24712pt.
File: 5.png Graphic file (type png)
 <use 5.png>
Package pdftex.def Info: 5.png used on input line 606.
(pdftex.def)             Requested size: 86.24178pt x 86.24332pt.
File: 7.png Graphic file (type png)
 <use 7.png>
Package pdftex.def Info: 7.png used on input line 606.
(pdftex.def)             Requested size: 86.24332pt x 86.24225pt.

Overfull \hbox (53.97632pt too wide) in alignment at lines 606--606
[][][]
 []


LaTeX Warning: File `Kamailio_chart.eps' not found on input line 613.

Package epstopdf Info: Source file: <Kamailio_chart.eps>
(epstopdf)             Output file: <Kamailio_chart-eps-converted-to.pdf>
(epstopdf)                    date: 2015-11-02 10:36:39
(epstopdf)                    size: 268635 bytes
(epstopdf)             Command: <repstopdf --outfile=Kamailio_chart-eps-convert
ed-to.pdf Kamailio_chart.eps>
(epstopdf)             \includegraphics on input line 613.
Package epstopdf Info: Output file is already uptodate.
<Kamailio_chart-eps-converted-to.pdf, id=389, 1229.59375pt x 506.89375pt>
File: Kamailio_chart-eps-converted-to.pdf Graphic file (type pdf)

<use Kamailio_chart-eps-converted-to.pdf>
Package pdftex.def Info: Kamailio_chart-eps-converted-to.pdf used on input line
 613.
(pdftex.def)             Requested size: 345.0pt x 142.22319pt.
Package epstopdf Info: Source file: <Kamailio_diameter.eps>
(epstopdf)                    date: 2015-11-02 10:36:39
(epstopdf)                    size: 73893 bytes
(epstopdf)             Output file: <Kamailio_diameter-eps-converted-to.pdf>
(epstopdf)                    date: 2015-11-02 10:36:39
(epstopdf)                    size: 11882 bytes
(epstopdf)             Command: <repstopdf --outfile=Kamailio_diameter-eps-conv
erted-to.pdf Kamailio_diameter.eps>
(epstopdf)             \includegraphics on input line 615.
Package epstopdf Info: Output file is already uptodate.

<Kamailio_diameter-eps-converted-to.pdf, id=390, 1229.59375pt x 145.54375pt>
File: Kamailio_diameter-eps-converted-to.pdf Graphic file (type pdf)

<use Kamailio_diameter-eps-converted-to.pdf>
Package pdftex.def Info: Kamailio_diameter-eps-converted-to.pdf used on input l
ine 615.
(pdftex.def)             Requested size: 345.0pt x 40.83635pt.
 [19 <./DiameterTime-eps-converted-to.pdf>] [20 <./2.png (PNG copy)> <./3.png (
PNG copy)> <./5.png (PNG copy)> <./7.png (PNG copy)> <./Kamailio_chart-eps-conv
erted-to.pdf> <./Kamailio_diameter-eps-converted-to.pdf>]

LaTeX Warning: File `Amarok_chart.eps' not found on input line 627.

Package epstopdf Info: Source file: <Amarok_chart.eps>
(epstopdf)             Output file: <Amarok_chart-eps-converted-to.pdf>
(epstopdf)                    date: 2015-11-02 10:36:39
(epstopdf)                    size: 348509 bytes
(epstopdf)             Command: <repstopdf --outfile=Amarok_chart-eps-converted
-to.pdf Amarok_chart.eps>
(epstopdf)             \includegraphics on input line 627.
Package epstopdf Info: Output file is already uptodate.
<Amarok_chart-eps-converted-to.pdf, id=422, 1233.60875pt x 521.95pt>
File: Amarok_chart-eps-converted-to.pdf Graphic file (type pdf)

<use Amarok_chart-eps-converted-to.pdf>
Package pdftex.def Info: Amarok_chart-eps-converted-to.pdf used on input line 6
27.
(pdftex.def)             Requested size: 345.0pt x 145.96979pt.
Package epstopdf Info: Source file: <Amarok_diameter.eps>
(epstopdf)                    date: 2015-11-02 10:36:39
(epstopdf)                    size: 77479 bytes
(epstopdf)             Output file: <Amarok_diameter-eps-converted-to.pdf>
(epstopdf)                    date: 2015-11-02 10:36:39
(epstopdf)                    size: 12377 bytes
(epstopdf)             Command: <repstopdf --outfile=Amarok_diameter-eps-conver
ted-to.pdf Amarok_diameter.eps>
(epstopdf)             \includegraphics on input line 629.
Package epstopdf Info: Output file is already uptodate.

<Amarok_diameter-eps-converted-to.pdf, id=423, 1229.59375pt x 145.54375pt>
File: Amarok_diameter-eps-converted-to.pdf Graphic file (type pdf)

<use Amarok_diameter-eps-converted-to.pdf>
Package pdftex.def Info: Amarok_diameter-eps-converted-to.pdf used on input lin
e 629.
(pdftex.def)             Requested size: 319.12605pt x 37.77385pt.


LaTeX Warning: Reference `figureAmarokStachedAreaChart' on page 21 undefined on
 input line 634.


LaTeX Warning: File `Asterisk_chart.eps' not found on input line 639.

Package epstopdf Info: Source file: <Asterisk_chart.eps>
(epstopdf)             Output file: <Asterisk_chart-eps-converted-to.pdf>
(epstopdf)                    date: 2015-11-02 10:36:39
(epstopdf)                    size: 304010 bytes
(epstopdf)             Command: <repstopdf --outfile=Asterisk_chart-eps-convert
ed-to.pdf Asterisk_chart.eps>
(epstopdf)             \includegraphics on input line 639.
Package epstopdf Info: Output file is already uptodate.
<Asterisk_chart-eps-converted-to.pdf, id=426, 1223.57124pt x 523.9575pt>
File: Asterisk_chart-eps-converted-to.pdf Graphic file (type pdf)

<use Asterisk_chart-eps-converted-to.pdf>
Package pdftex.def Info: Asterisk_chart-eps-converted-to.pdf used on input line
 639.
(pdftex.def)             Requested size: 345.0pt x 147.73045pt.
Package epstopdf Info: Source file: <Asterisk_diameter.eps>
(epstopdf)                    date: 2015-11-02 10:36:39
(epstopdf)                    size: 80121 bytes
(epstopdf)             Output file: <Asterisk_diameter-eps-converted-to.pdf>
(epstopdf)                    date: 2015-11-02 10:36:39
(epstopdf)                    size: 12112 bytes
(epstopdf)             Command: <repstopdf --outfile=Asterisk_diameter-eps-conv
erted-to.pdf Asterisk_diameter.eps>
(epstopdf)             \includegraphics on input line 641.
Package epstopdf Info: Output file is already uptodate.

<Asterisk_diameter-eps-converted-to.pdf, id=427, 1230.5975pt x 145.54375pt>
File: Asterisk_diameter-eps-converted-to.pdf Graphic file (type pdf)

<use Asterisk_diameter-eps-converted-to.pdf>
Package pdftex.def Info: Asterisk_diameter-eps-converted-to.pdf used on input l
ine 641.
(pdftex.def)             Requested size: 324.30084pt x 38.35349pt.


LaTeX Warning: Reference `figureAsteriskStackedAreaChart' on page 21 undefined 
on input line 646.

[21]
LaTeX Font Info:    Try loading font information for OMS+cmr on input line 676.

 (/usr/share/texlive/texmf-dist/tex/latex/base/omscmr.fd
File: omscmr.fd 1999/05/25 v2.5h Standard LaTeX font definitions
)
LaTeX Font Info:    Font shape `OMS/cmr/m/n' in size <10> not available
(Font)              Font shape `OMS/cmsy/m/n' tried instead on input line 676.

Overfull \hbox (5.6929pt too wide) in paragraph at lines 673--690
[][]
 []

[22]
Underfull \hbox (badness 10000) in paragraph at lines 698--700

 []

(./referenc.tex [23] [24] [25

] [26] [27] [28])
No file reportDocumentClass.bbl.
Package atveryend Info: Empty hook `BeforeClearDocument' on input line 772.
[29]
Package atveryend Info: Empty hook `AfterLastShipout' on input line 772.
 (./reportDocumentClass.aux)
Package atveryend Info: Executing hook `AtVeryEndDocument' on input line 772.
Package atveryend Info: Executing hook `AtEndAfterFileList' on input line 772.
Package rerunfilecheck Info: File `reportDocumentClass.out' has not changed.
(rerunfilecheck)             Checksum: 52B6101375BB0FADF1FA562503BB1ACF;963.


LaTeX Warning: There were undefined references.

Package atveryend Info: Empty hook `AtVeryVeryEnd' on input line 772.
 ) 
Here is how much of TeX's memory you used:
 9044 strings out of 494985
 137426 string characters out of 6180356
 277792 words of memory out of 5000000
 11976 multiletter control sequences out of 15000+600000
 10276 words of font info for 37 fonts, out of 8000000 for 9000
 36 hyphenation exceptions out of 8191
 44i,24n,49p,2252b,618s stack positions out of 5000i,500n,10000p,200000b,80000s
</usr/share/texlive/texmf-dist/fonts/type1/public/amsfonts/cm/cmbx10.pfb></us
r/share/texlive/texmf-dist/fonts/type1/public/amsfonts/cm/cmbx12.pfb></usr/shar
e/texlive/texmf-dist/fonts/type1/public/amsfonts/cm/cmcsc10.pfb></usr/share/tex
live/texmf-dist/fonts/type1/public/amsfonts/cm/cmex10.pfb></usr/share/texlive/t
exmf-dist/fonts/type1/public/amsfonts/cm/cmmi10.pfb></usr/share/texlive/texmf-d
ist/fonts/type1/public/amsfonts/cm/cmmi5.pfb></usr/share/texlive/texmf-dist/fon
ts/type1/public/amsfonts/cm/cmmi7.pfb></usr/share/texlive/texmf-dist/fonts/type
1/public/amsfonts/cm/cmr10.pfb></usr/share/texlive/texmf-dist/fonts/type1/publi
c/amsfonts/cm/cmr12.pfb></usr/share/texlive/texmf-dist/fonts/type1/public/amsfo
nts/cm/cmr17.pfb></usr/share/texlive/texmf-dist/fonts/type1/public/amsfonts/cm/
cmr5.pfb></usr/share/texlive/texmf-dist/fonts/type1/public/amsfonts/cm/cmr6.pfb
></usr/share/texlive/texmf-dist/fonts/type1/public/amsfonts/cm/cmr7.pfb></usr/s
hare/texlive/texmf-dist/fonts/type1/public/amsfonts/cm/cmr8.pfb></usr/share/tex
live/texmf-dist/fonts/type1/public/amsfonts/cm/cmsy10.pfb></usr/share/texlive/t
exmf-dist/fonts/type1/public/amsfonts/cm/cmsy7.pfb></usr/share/texlive/texmf-di
st/fonts/type1/public/amsfonts/cm/cmti10.pfb>
Output written on reportDocumentClass.pdf (30 pages, 2136541 bytes).
PDF statistics:
 578 PDF objects out of 1000 (max. 8388607)
 492 compressed objects within 5 object streams
 158 named destinations out of 1000 (max. 500000)
 191 words of extra memory for PDF output out of 10000 (max. 10000000)

