This is pdfTeX, Version 3.1415926-2.5-1.40.14 (TeX Live 2013/Debian) (format=pdflatex 2014.4.18)  14 APR 2015 14:55
entering extended mode
 restricted \write18 enabled.
 %&-line parsing enabled.
**sigproc-sp.tex
(./sigproc-sp.tex
LaTeX2e <2011/06/27>
Babel <3.9f> and hyphenation patterns for 78 languages loaded.
(./acm_proc_article-sp.cls
(/usr/share/texlive/texmf-dist/tex/latex/graphics/epsfig.sty
Package: epsfig 1999/02/16 v1.7a (e)psfig emulation (SPQR)

(/usr/share/texlive/texmf-dist/tex/latex/graphics/graphicx.sty
Package: graphicx 1999/02/16 v1.0f Enhanced LaTeX Graphics (DPC,SPQR)

(/usr/share/texlive/texmf-dist/tex/latex/graphics/keyval.sty
Package: keyval 1999/03/16 v1.13 key=value parser (DPC)
\KV@toks@=\toks14
)
(/usr/share/texlive/texmf-dist/tex/latex/graphics/graphics.sty
Package: graphics 2009/02/05 v1.0o Standard LaTeX Graphics (DPC,SPQR)

(/usr/share/texlive/texmf-dist/tex/latex/graphics/trig.sty
Package: trig 1999/03/16 v1.09 sin cos tan (DPC)
)
(/usr/share/texlive/texmf-dist/tex/latex/latexconfig/graphics.cfg
File: graphics.cfg 2010/04/23 v1.9 graphics configuration of TeX Live
)
Package graphics Info: Driver file: pdftex.def on input line 91.

(/usr/share/texlive/texmf-dist/tex/latex/pdftex-def/pdftex.def
File: pdftex.def 2011/05/27 v0.06d Graphics/color for pdfTeX

(/usr/share/texlive/texmf-dist/tex/generic/oberdiek/infwarerr.sty
Package: infwarerr 2010/04/08 v1.3 Providing info/warning/error messages (HO)
)
(/usr/share/texlive/texmf-dist/tex/generic/oberdiek/ltxcmds.sty
Package: ltxcmds 2011/11/09 v1.22 LaTeX kernel commands for general use (HO)
)
\Gread@gobject=\count79
))
\Gin@req@height=\dimen102
\Gin@req@width=\dimen103
)
\epsfxsize=\dimen104
\epsfysize=\dimen105
)
(/usr/share/texlive/texmf-dist/tex/latex/amsfonts/amssymb.sty
Package: amssymb 2013/01/14 v3.01 AMS font symbols

(/usr/share/texlive/texmf-dist/tex/latex/amsfonts/amsfonts.sty
Package: amsfonts 2013/01/14 v3.01 Basic AMSFonts support
\@emptytoks=\toks15
\symAMSa=\mathgroup4
\symAMSb=\mathgroup5
LaTeX Font Info:    Overwriting math alphabet `\mathfrak' in version `bold'
(Font)                  U/euf/m/n --> U/euf/b/n on input line 106.
))
(/usr/share/texlive/texmf-dist/tex/latex/amsmath/amsmath.sty
Package: amsmath 2013/01/14 v2.14 AMS math features
\@mathmargin=\skip41

For additional information on amsmath, use the `?' option.
(/usr/share/texlive/texmf-dist/tex/latex/amsmath/amstext.sty
Package: amstext 2000/06/29 v2.01

(/usr/share/texlive/texmf-dist/tex/latex/amsmath/amsgen.sty
File: amsgen.sty 1999/11/30 v2.0
\@emptytoks=\toks16
\ex@=\dimen106
))
(/usr/share/texlive/texmf-dist/tex/latex/amsmath/amsbsy.sty
Package: amsbsy 1999/11/29 v1.2d
\pmbraise@=\dimen107
)
(/usr/share/texlive/texmf-dist/tex/latex/amsmath/amsopn.sty
Package: amsopn 1999/12/14 v2.01 operator names
)
\inf@bad=\count80
LaTeX Info: Redefining \frac on input line 210.
\uproot@=\count81
\leftroot@=\count82
LaTeX Info: Redefining \overline on input line 306.
\classnum@=\count83
\DOTSCASE@=\count84
LaTeX Info: Redefining \ldots on input line 378.
LaTeX Info: Redefining \dots on input line 381.
LaTeX Info: Redefining \cdots on input line 466.
\Mathstrutbox@=\box26
\strutbox@=\box27
\big@size=\dimen108
LaTeX Font Info:    Redeclaring font encoding OML on input line 566.
LaTeX Font Info:    Redeclaring font encoding OMS on input line 567.
\macc@depth=\count85
\c@MaxMatrixCols=\count86
\dotsspace@=\muskip10
\c@parentequation=\count87
\dspbrk@lvl=\count88
\tag@help=\toks17
\row@=\count89
\column@=\count90
\maxfields@=\count91
\andhelp@=\toks18
\eqnshift@=\dimen109
\alignsep@=\dimen110
\tagshift@=\dimen111
\tagwidth@=\dimen112
\totwidth@=\dimen113
\lineht@=\dimen114
\@envbody=\toks19
\multlinegap=\skip42
\multlinetaggap=\skip43
\mathdisplay@stack=\toks20
LaTeX Info: Redefining \[ on input line 2665.
LaTeX Info: Redefining \] on input line 2666.
)
Document Class 'acm_proc_article-sp' <22nd. April '09>. Modified by G.K.M. Tobi
n
Based in part upon document Style `acmconf' <22 May 89>. Hacked 4/91 by
shivers@cs.cmu.edu, 4/93 by theobald@cs.mcgill.ca
Excerpts were taken from (Journal Style) 'esub2acm.cls'.
****** Bugs/comments/suggestions to Gerry Murray -- murray@hq.acm.org ******
\footheight=\dimen115
\@maxsep=\dimen116
\@dblmaxsep=\dimen117
\aucount=\count92
\originalaucount=\count93
\auwidth=\dimen118
\auskip=\dimen119
\auskipcount=\count94
\auskip=\dimen120
\allauboxes=\dimen121
\addauthors=\toks21
\addauflag=\count95
\subtitletext=\toks22
\savesection=\count96
\sectioncntr=\count97
\c@figure=\count98
\c@table=\count99
\titleboxnotes=\toks23
\titleboxnoteflag=\count100
Document Class: acm_proc_article-sp 2009/04/22 - V3.2SP - based on esub2acm.sty
 <23 April 96>
(/usr/share/texlive/texmf-dist/tex/latex/base/latexsym.sty
Package: latexsym 1998/08/17 v2.2e Standard LaTeX package (lasy symbols)
\symlasy=\mathgroup6
LaTeX Font Info:    Overwriting symbol font `lasy' in version `bold'
(Font)                  U/lasy/m/n --> U/lasy/b/n on input line 47.
)
\@acmtitlebox=\box28
\titlenotecount=\count101
\tntoks=\toks24
\tntokstwo=\toks25
\tntoksthree=\toks26
\tntoksfour=\toks27
\tntoksfive=\toks28
\catcount=\count102
\copyrightnotice=\toks29
\conf=\toks30
\confinfo=\toks31
\c@part=\count103
\c@section=\count104
\c@subsection=\count105
\c@subsubsection=\count106
\c@paragraph=\count107

Using 'Abbrev' bibliography style
LaTeX Info: Redefining \cite on input line 1236.
\bibindent=\dimen122
\colcntr=\count108
\saveb@x=\box29
\copyrtyr=\toks32
\acmcopyr=\toks33
\boilerplate=\toks34
\copyrightetc=\toks35
(/usr/share/texlive/texmf-dist/tex/latex/base/fontenc.sty
Package: fontenc 2005/09/27 v1.99g Standard LaTeX package

(/usr/share/texlive/texmf-dist/tex/latex/base/t1enc.def
File: t1enc.def 2005/09/27 v1.99g Standard LaTeX file
LaTeX Font Info:    Redeclaring font encoding T1 on input line 43.
)
LaTeX Font Info:    Try loading font information for T1+aer on input line 100.

(/usr/share/texlive/texmf-dist/tex/latex/ae/t1aer.fd
File: t1aer.fd 1997/11/16 Font definitions for T1/aer.
)))
(/usr/share/texlive/texmf-dist/tex/latex/url/url.sty
\Urlmuskip=\muskip11
Package: url 2006/04/12  ver 3.3  Verb mode for urls, etc.
)
(/usr/share/texlive/texmf-dist/tex/latex/base/makeidx.sty
Package: makeidx 2000/03/29 v1.0m Standard LaTeX package
)
(/usr/share/texlive/texmf-dist/tex/latex/tools/multicol.sty
Package: multicol 2011/06/27 v1.7a multicolumn formatting (FMi)
\c@tracingmulticols=\count109
\mult@box=\box30
\multicol@leftmargin=\dimen123
\c@unbalance=\count110
\c@collectmore=\count111
\doublecol@number=\count112
\multicoltolerance=\count113
\multicolpretolerance=\count114
\full@width=\dimen124
\page@free=\dimen125
\premulticols=\dimen126
\postmulticols=\dimen127
\multicolsep=\skip44
\multicolbaselineskip=\skip45
\partial@page=\box31
\last@line=\box32
\mult@rightbox=\box33
\mult@grightbox=\box34
\mult@gfirstbox=\box35
\mult@firstbox=\box36
\@tempa=\box37
\@tempa=\box38
\@tempa=\box39
\@tempa=\box40
\@tempa=\box41
\@tempa=\box42
\@tempa=\box43
\@tempa=\box44
\@tempa=\box45
\@tempa=\box46
\@tempa=\box47
\@tempa=\box48
\@tempa=\box49
\@tempa=\box50
\@tempa=\box51
\@tempa=\box52
\@tempa=\box53
\c@columnbadness=\count115
\c@finalcolumnbadness=\count116
\last@try=\dimen128
\multicolovershoot=\dimen129
\multicolundershoot=\dimen130
\mult@nat@firstbox=\box54
\colbreak@box=\box55
\multicol@sort@counter=\count117
)
(/usr/share/texlive/texmf-dist/tex/latex/footmisc/footmisc.sty
Package: footmisc 2011/06/06 v5.5b a miscellany of footnote facilities
\FN@temptoken=\toks36
\footnotemargin=\dimen131


LaTeX Warning: Command \@makecol  has changed.
               Check if current package is valid.

\c@pp@next@reset=\count118
Package footmisc Info: Declaring symbol style bringhurst on input line 855.
Package footmisc Info: Declaring symbol style chicago on input line 863.
Package footmisc Info: Declaring symbol style wiley on input line 872.
Package footmisc Info: Declaring symbol style lamport-robust on input line 883.

Package footmisc Info: Declaring symbol style lamport* on input line 903.
Package footmisc Info: Declaring symbol style lamport*-robust on input line 924
.
) (/usr/share/texlive/texmf-dist/tex/latex/subfig/subfig.sty
Package: subfig 2005/06/28 ver: 1.3 subfig package

(/usr/share/texlive/texmf-dist/tex/latex/caption/caption.sty
Package: caption 2013/05/02 v3.3-89 Customizing captions (AR)

(/usr/share/texlive/texmf-dist/tex/latex/caption/caption3.sty
Package: caption3 2013/05/02 v1.6-88 caption3 kernel (AR)
Package caption3 Info: TeX engine: e-TeX on input line 57.
\captionmargin=\dimen132
\captionmargin@=\dimen133
\captionwidth=\dimen134
\caption@tempdima=\dimen135
\caption@indent=\dimen136
\caption@parindent=\dimen137
\caption@hangindent=\dimen138
\abovecaptionskip=\skip46
\belowcaptionskip=\skip47
Package caption Info: Unknown document class (or package),
(caption)             standard defaults will be used.
)

Package caption Warning: Unsupported document class (or package) detected,
(caption)                usage of the caption package is not recommended.
See the caption package documentation for explanation.

Package caption Info: \@makecaption = \long macro:#1#2-> \vskip \baselineskip \
setbox \@tempboxa \hbox {\textbf {#1: #2}} \ifdim \wd \@tempboxa >\hsize \textb
f {#1: #2}\par \else \hbox to\hsize {\hfil \box \@tempboxa \hfil }\par \fi .
\c@ContinuedFloat=\count119
)
\c@KVtest=\count120
\sf@farskip=\skip48
\sf@captopadj=\dimen139
\sf@capskip=\skip49
\sf@nearskip=\skip50
\c@subfigure=\count121
\c@subfigure@save=\count122
\c@lofdepth=\count123
\c@subtable=\count124
\c@subtable@save=\count125
\c@lotdepth=\count126
\sf@top=\skip51
\sf@bottom=\skip52
) (/usr/share/texlive/texmf-dist/tex/latex/tools/tabularx.sty
Package: tabularx 1999/01/07 v2.07 `tabularx' package (DPC)

(/usr/share/texlive/texmf-dist/tex/latex/tools/array.sty
Package: array 2008/09/09 v2.4c Tabular extension package (FMi)
\col@sep=\dimen140
\extrarowheight=\dimen141
\NC@list=\toks37
\extratabsurround=\skip53
\backup@length=\skip54
)
\TX@col@width=\dimen142
\TX@old@table=\dimen143
\TX@old@col=\dimen144
\TX@target=\dimen145
\TX@delta=\dimen146
\TX@cols=\count127
\TX@ftn=\toks38
)
(/usr/share/texlive/texmf-dist/tex/latex/ms/ragged2e.sty
Package: ragged2e 2009/05/21 v2.1 ragged2e Package (MS)

(/usr/share/texlive/texmf-dist/tex/latex/ms/everysel.sty
Package: everysel 2011/10/28 v1.2 EverySelectfont Package (MS)
)
\CenteringLeftskip=\skip55
\RaggedLeftLeftskip=\skip56
\RaggedRightLeftskip=\skip57
\CenteringRightskip=\skip58
\RaggedLeftRightskip=\skip59
\RaggedRightRightskip=\skip60
\CenteringParfillskip=\skip61
\RaggedLeftParfillskip=\skip62
\RaggedRightParfillskip=\skip63
\JustifyingParfillskip=\skip64
\CenteringParindent=\skip65
\RaggedLeftParindent=\skip66
\RaggedRightParindent=\skip67
\JustifyingParindent=\skip68
)
(/usr/share/texlive/texmf-dist/tex/latex/hyperref/hyperref.sty
Package: hyperref 2012/11/06 v6.83m Hypertext links for LaTeX

(/usr/share/texlive/texmf-dist/tex/generic/oberdiek/hobsub-hyperref.sty
Package: hobsub-hyperref 2012/05/28 v1.13 Bundle oberdiek, subset hyperref (HO)


(/usr/share/texlive/texmf-dist/tex/generic/oberdiek/hobsub-generic.sty
Package: hobsub-generic 2012/05/28 v1.13 Bundle oberdiek, subset generic (HO)
Package: hobsub 2012/05/28 v1.13 Construct package bundles (HO)
Package hobsub Info: Skipping package `infwarerr' (already loaded).
Package hobsub Info: Skipping package `ltxcmds' (already loaded).
Package: ifluatex 2010/03/01 v1.3 Provides the ifluatex switch (HO)
Package ifluatex Info: LuaTeX not detected.
Package: ifvtex 2010/03/01 v1.5 Detect VTeX and its facilities (HO)
Package ifvtex Info: VTeX not detected.
Package: intcalc 2007/09/27 v1.1 Expandable calculations with integers (HO)
Package: ifpdf 2011/01/30 v2.3 Provides the ifpdf switch (HO)
Package ifpdf Info: pdfTeX in PDF mode is detected.
Package: etexcmds 2011/02/16 v1.5 Avoid name clashes with e-TeX commands (HO)
Package etexcmds Info: Could not find \expanded.
(etexcmds)             That can mean that you are not using pdfTeX 1.50 or
(etexcmds)             that some package has redefined \expanded.
(etexcmds)             In the latter case, load this package earlier.
Package: kvsetkeys 2012/04/25 v1.16 Key value parser (HO)
Package: kvdefinekeys 2011/04/07 v1.3 Define keys (HO)
Package: pdftexcmds 2011/11/29 v0.20 Utility functions of pdfTeX for LuaTeX (HO
)
Package pdftexcmds Info: LuaTeX not detected.
Package pdftexcmds Info: \pdf@primitive is available.
Package pdftexcmds Info: \pdf@ifprimitive is available.
Package pdftexcmds Info: \pdfdraftmode found.
Package: pdfescape 2011/11/25 v1.13 Implements pdfTeX's escape features (HO)
Package: bigintcalc 2012/04/08 v1.3 Expandable calculations on big integers (HO
)
Package: bitset 2011/01/30 v1.1 Handle bit-vector datatype (HO)
Package: uniquecounter 2011/01/30 v1.2 Provide unlimited unique counter (HO)
)
Package hobsub Info: Skipping package `hobsub' (already loaded).
Package: letltxmacro 2010/09/02 v1.4 Let assignment for LaTeX macros (HO)
Package: hopatch 2012/05/28 v1.2 Wrapper for package hooks (HO)
Package: xcolor-patch 2011/01/30 xcolor patch
Package: atveryend 2011/06/30 v1.8 Hooks at the very end of document (HO)
Package atveryend Info: \enddocument detected (standard20110627).
Package: atbegshi 2011/10/05 v1.16 At begin shipout hook (HO)
Package: refcount 2011/10/16 v3.4 Data extraction from label references (HO)
Package: hycolor 2011/01/30 v1.7 Color options for hyperref/bookmark (HO)
)
(/usr/share/texlive/texmf-dist/tex/generic/ifxetex/ifxetex.sty
Package: ifxetex 2010/09/12 v0.6 Provides ifxetex conditional
)
(/usr/share/texlive/texmf-dist/tex/latex/oberdiek/auxhook.sty
Package: auxhook 2011/03/04 v1.3 Hooks for auxiliary files (HO)
)
(/usr/share/texlive/texmf-dist/tex/latex/oberdiek/kvoptions.sty
Package: kvoptions 2011/06/30 v3.11 Key value format for package options (HO)
)
\@linkdim=\dimen147
\Hy@linkcounter=\count128
\Hy@pagecounter=\count129

(/usr/share/texlive/texmf-dist/tex/latex/hyperref/pd1enc.def
File: pd1enc.def 2012/11/06 v6.83m Hyperref: PDFDocEncoding definition (HO)
)
\Hy@SavedSpaceFactor=\count130

(/usr/share/texlive/texmf-dist/tex/latex/latexconfig/hyperref.cfg
File: hyperref.cfg 2002/06/06 v1.2 hyperref configuration of TeXLive
)
Package hyperref Info: Hyper figures OFF on input line 4443.
Package hyperref Info: Link nesting OFF on input line 4448.
Package hyperref Info: Hyper index ON on input line 4451.
Package hyperref Info: Plain pages OFF on input line 4458.
Package hyperref Info: Backreferencing OFF on input line 4463.
Package hyperref Info: Implicit mode ON; LaTeX internals redefined.
Package hyperref Info: Bookmarks ON on input line 4688.
\c@Hy@tempcnt=\count131
LaTeX Info: Redefining \url on input line 5041.
\XeTeXLinkMargin=\dimen148
\Fld@menulength=\count132
\Field@Width=\dimen149
\Fld@charsize=\dimen150
Package hyperref Info: Hyper figures OFF on input line 6295.
Package hyperref Info: Link nesting OFF on input line 6300.
Package hyperref Info: Hyper index ON on input line 6303.
Package hyperref Info: backreferencing OFF on input line 6310.
Package hyperref Info: Link coloring OFF on input line 6315.
Package hyperref Info: Link coloring with OCG OFF on input line 6320.
Package hyperref Info: PDF/A mode OFF on input line 6325.
LaTeX Info: Redefining \ref on input line 6365.
LaTeX Info: Redefining \pageref on input line 6369.


Package hyperref Warning: Option `pdfpagelabels' is turned off
(hyperref)                because \thepage is undefined.

\c@Item=\count133
\c@Hfootnote=\count134
)

Package hyperref Message: Driver (autodetected): hpdftex.

(/usr/share/texlive/texmf-dist/tex/latex/hyperref/hpdftex.def
File: hpdftex.def 2012/11/06 v6.83m Hyperref driver for pdfTeX
\Fld@listcount=\count135
\c@bookmark@seq@number=\count136

(/usr/share/texlive/texmf-dist/tex/latex/oberdiek/rerunfilecheck.sty
Package: rerunfilecheck 2011/04/15 v1.7 Rerun checks for auxiliary files (HO)
Package uniquecounter Info: New unique counter `rerunfilecheck' on input line 2
82.
)
\Hy@SectionHShift=\skip69
)
(/usr/share/texlive/texmf-dist/tex/latex/float/float.sty
Package: float 2001/11/08 v1.3d Float enhancements (AL)
\c@float@type=\count137
\float@exts=\toks39
\float@box=\box56
\@float@everytoks=\toks40
\@floatcapt=\box57
) (./sigproc-sp.aux)
\openout1 = `sigproc-sp.aux'.

LaTeX Font Info:    Checking defaults for OML/cmm/m/it on input line 51.
LaTeX Font Info:    ... okay on input line 51.
LaTeX Font Info:    Checking defaults for T1/cmr/m/n on input line 51.
LaTeX Font Info:    ... okay on input line 51.
LaTeX Font Info:    Checking defaults for OT1/cmr/m/n on input line 51.
LaTeX Font Info:    ... okay on input line 51.
LaTeX Font Info:    Checking defaults for OMS/cmsy/m/n on input line 51.
LaTeX Font Info:    ... okay on input line 51.
LaTeX Font Info:    Checking defaults for OMX/cmex/m/n on input line 51.
LaTeX Font Info:    ... okay on input line 51.
LaTeX Font Info:    Checking defaults for U/cmr/m/n on input line 51.
LaTeX Font Info:    ... okay on input line 51.
LaTeX Font Info:    Checking defaults for PD1/pdf/m/n on input line 51.
LaTeX Font Info:    ... okay on input line 51.

(/usr/share/texlive/texmf-dist/tex/context/base/supp-pdf.mkii
[Loading MPS to PDF converter (version 2006.09.02).]
\scratchcounter=\count138
\scratchdimen=\dimen151
\scratchbox=\box58
\nofMPsegments=\count139
\nofMParguments=\count140
\everyMPshowfont=\toks41
\MPscratchCnt=\count141
\MPscratchDim=\dimen152
\MPnumerator=\count142
\makeMPintoPDFobject=\count143
\everyMPtoPDFconversion=\toks42
) (/usr/share/texlive/texmf-dist/tex/latex/oberdiek/epstopdf-base.sty
Package: epstopdf-base 2010/02/09 v2.5 Base part for package epstopdf

(/usr/share/texlive/texmf-dist/tex/latex/oberdiek/grfext.sty
Package: grfext 2010/08/19 v1.1 Manage graphics extensions (HO)
)
Package grfext Info: Graphics extension search list:
(grfext)             [.png,.pdf,.jpg,.mps,.jpeg,.jbig2,.jb2,.PNG,.PDF,.JPG,.JPE
G,.JBIG2,.JB2,.eps]
(grfext)             \AppendGraphicsExtensions on input line 452.

(/usr/share/texlive/texmf-dist/tex/latex/latexconfig/epstopdf-sys.cfg
File: epstopdf-sys.cfg 2010/07/13 v1.3 Configuration of (r)epstopdf for TeX Liv
e
))
Package caption Info: Begin \AtBeginDocument code.
Package caption Info: subfig package v1.3 is loaded.
Package caption Info: float package is loaded.
Package caption Info: hyperref package is loaded.
Package caption Info: End \AtBeginDocument code.

ABD: EverySelectfont initializing macros
LaTeX Info: Redefining \selectfont on input line 51.
\AtBeginShipoutBox=\box59


Package hyperref Warning: Height of page (\paperheight) is invalid (0.0pt),
(hyperref)                using 11in.

Package hyperref Info: Link coloring OFF on input line 51.
(/usr/share/texlive/texmf-dist/tex/latex/hyperref/nameref.sty
Package: nameref 2012/10/27 v2.43 Cross-referencing by name of section

(/usr/share/texlive/texmf-dist/tex/generic/oberdiek/gettitlestring.sty
Package: gettitlestring 2010/12/03 v1.4 Cleanup title references (HO)
)
\c@section@level=\count144
)
LaTeX Info: Redefining \ref on input line 51.
LaTeX Info: Redefining \pageref on input line 51.
LaTeX Info: Redefining \nameref on input line 51.

(./sigproc-sp.out) (./sigproc-sp.out)
\@outlinefile=\write3
\openout3 = `sigproc-sp.out'.

LaTeX Font Info:    Try loading font information for U+msa on input line 155.

(/usr/share/texlive/texmf-dist/tex/latex/amsfonts/umsa.fd
File: umsa.fd 2013/01/14 v3.01 AMS symbols A
)
LaTeX Font Info:    Try loading font information for U+msb on input line 155.

(/usr/share/texlive/texmf-dist/tex/latex/amsfonts/umsb.fd
File: umsb.fd 2013/01/14 v3.01 AMS symbols B
)
LaTeX Font Info:    Try loading font information for U+lasy on input line 155.

(/usr/share/texlive/texmf-dist/tex/latex/base/ulasy.fd
File: ulasy.fd 1998/08/17 v2.2e LaTeX symbol font definitions
)
Underfull \hbox (badness 10000) in paragraph at lines 158--159

 []


Overfull \hbox (7.19482pt too wide) in paragraph at lines 169--170
\T1/aer/m/n/9 Free/Open Source Soft-ware, So-cial Dy-nam-ics, Tem-po-ral Anal-
 []


Underfull \hbox (badness 10000) in paragraph at lines 174--175

 []


Underfull \hbox (badness 10000) in paragraph at lines 176--177

 []


Underfull \hbox (badness 10000) in paragraph at lines 178--179

 []


Underfull \hbox (badness 10000) in paragraph at lines 180--183

 []


Overfull \hbox (9.14003pt too wide) in paragraph at lines 185--186
\T1/aer/m/n/9 ti-fy-ing knowl-edge bro-kers and as-so-ci-ated ac-tiv-i-ties [[]
25[]], project
 []


Underfull \hbox (badness 10000) in paragraph at lines 185--186

 []


Underfull \hbox (badness 10000) in paragraph at lines 187--188

 []

[1{/var/lib/texmf/fonts/map/pdftex/updmap/pdftex.map}


]
Underfull \hbox (badness 10000) in paragraph at lines 189--190

 []


Underfull \hbox (badness 1460) in paragraph at lines 200--200
[]|\T1/aer/m/n/9 More community-driven de-
 []

<ForkingReasonsPieChart.png, id=122, 616.3025pt x 465.74pt>
File: ForkingReasonsPieChart.png Graphic file (type png)

<use ForkingReasonsPieChart.png>
Package pdftex.def Info: ForkingReasonsPieChart.png used on input line 213.
(pdftex.def)             Requested size: 240.0pt x 181.36781pt.

Underfull \hbox (badness 10000) in paragraph at lines 216--217

 []


Underfull \hbox (badness 2707) in paragraph at lines 228--229
[]|\T1/aer/m/n/9 Number of nodes in a clus-ter (how
 []


Underfull \hbox (badness 10000) in paragraph at lines 233--234

 []

pdfTeX warning (ext4): destination with the same identifier (name{page.}) has b
een already used, duplicate ignored
<to be read again> 
                   \relax 
l.234 
       [2 <./ForkingReasonsPieChart.png>]
Underfull \hbox (badness 10000) in paragraph at lines 235--236

 []


Underfull \hbox (badness 10000) in paragraph at lines 255--256

 []


Underfull \hbox (badness 10000) in paragraph at lines 257--260

 []


Underfull \hbox (badness 10000) in paragraph at lines 263--264

 []


Underfull \hbox (badness 10000) in paragraph at lines 265--266

 []


Underfull \hbox (badness 10000) in paragraph at lines 267--270

 []


Underfull \hbox (badness 10000) in paragraph at lines 273--274

 []


Underfull \hbox (badness 10000) in paragraph at lines 275--276

 []


Underfull \hbox (badness 10000) in paragraph at lines 277--278

 []


LaTeX Font Warning: Font shape `T1/aer/bx/sc' undefined
(Font)              using `T1/aer/bx/n' instead on input line 284.


Underfull \hbox (badness 10000) in paragraph at lines 284--284

 []


Underfull \hbox (badness 10000) in paragraph at lines 286--287

 []


Overfull \hbox (9.20743pt too wide) in paragraph at lines 288--289
[]\T1/aer/bx/n/9 R.Q. 1.2 \T1/aer/m/it/9 Is there a pro-to-typ-i-cal fork for ‚
Äú-more community-
 []


Underfull \hbox (badness 10000) in paragraph at lines 288--289

 []


Overfull \hbox (6.31847pt too wide) in paragraph at lines 290--291
[]\T1/aer/bx/n/9 R.Q. 1.3 \T1/aer/m/it/9 Is a la-beled project as a ‚Äútech-ni-
cal dif-fer-ences‚Äù
 []


Underfull \hbox (badness 10000) in paragraph at lines 290--291

 []


Underfull \hbox (badness 10000) in paragraph at lines 292--293

 []

pdfTeX warning (ext4): destination with the same identifier (name{page.}) has b
een already used, duplicate ignored
<to be read again> 
                   \relax 
l.293 
       [3]
Underfull \hbox (badness 10000) in paragraph at lines 294--295

 []


Underfull \hbox (badness 10000) in paragraph at lines 296--297

 []


Underfull \hbox (badness 10000) in paragraph at lines 298--299

 []


Underfull \hbox (badness 10000) in paragraph at lines 300--300

 []


Underfull \hbox (badness 10000) in paragraph at lines 302--303

 []


Underfull \hbox (badness 10000) in paragraph at lines 308--309

 []


Underfull \hbox (badness 10000) in paragraph at lines 310--311

 []


Underfull \hbox (badness 10000) in paragraph at lines 323--324

 []


Overfull \hbox (19.66545pt too wide) in paragraph at lines 331--332
[]|\T1/aer/bx/sc/9 Collected?| 
 []


Underfull \hbox (badness 2799) in paragraph at lines 338--338
[]|\T1/aer/m/n/9 Only af-ter Sept
 []


Underfull \hbox (badness 6575) in paragraph at lines 341--341
[]|\T1/aer/m/n/9 Only af-ter Oct
 []


Overfull \hbox (19.66545pt too wide) in paragraph at lines 361--362
[]|\T1/aer/bx/sc/9 Collected?| 
 []


Underfull \hbox (badness 6380) in paragraph at lines 375--375
[]|\T1/aer/m/n/9 Only af-ter Jun
 []


Underfull \hbox (badness 6380) in paragraph at lines 379--379
[]|\T1/aer/m/n/9 Only af-ter Jun
 []


Underfull \hbox (badness 6380) in paragraph at lines 389--389
[]|\T1/aer/m/n/9 Only af-ter Jun
 []


Underfull \hbox (badness 10000) in paragraph at lines 418--419

 []


Overfull \hbox (3.64616pt too wide) in paragraph at lines 420--420
[]\secfnt Phase 2: Cre-at-ing Com-mu-ni-ca-tion Graphs 
 []


Underfull \hbox (badness 10000) in paragraph at lines 422--423

 []


Overfull \hbox (1.49811pt too wide) in paragraph at lines 424--424
[]\secfnt Phase 3: Tem-po-ral Vi-su-al-iza-tion and Tem-
 []


Underfull \hbox (badness 10000) in paragraph at lines 426--427

 []

Package epstopdf Info: Source file: <centrality.eps>
(epstopdf)                    date: 2013-05-05 12:19:38
(epstopdf)                    size: 1414850 bytes
(epstopdf)             Output file: <centrality-eps-converted-to.pdf>
(epstopdf)                    date: 2015-01-20 13:46:34
(epstopdf)                    size: 759320 bytes
(epstopdf)             Command: <repstopdf --outfile=centrality-eps-converted-t
o.pdf centrality.eps>
(epstopdf)             \includegraphics on input line 431.
Package epstopdf Info: Output file is already uptodate.
<centrality-eps-converted-to.pdf, id=168, 1004.75375pt x 998.73125pt>
File: centrality-eps-converted-to.pdf Graphic file (type pdf)

<use centrality-eps-converted-to.pdf>
Package pdftex.def Info: centrality-eps-converted-to.pdf used on input line 431
.
(pdftex.def)             Requested size: 240.0pt x 238.55743pt.

Underfull \hbox (badness 10000) in paragraph at lines 436--437

 []

pdfTeX warning (ext4): destination with the same identifier (name{page.}) has b
een already used, duplicate ignored
<to be read again> 
                   \relax 
l.437 
       [4]
Underfull \hbox (badness 10000) in paragraph at lines 439--440

 []


Underfull \vbox (badness 10000) has occurred while \output is active []

pdfTeX warning (ext4): destination with the same identifier (name{page.}) has b
een already used, duplicate ignored
<to be read again> 
                   \relax 
l.440 
       [5 <./centrality-eps-converted-to.pdf>]pdfTeX warning (ext4): destinatio
n with the same identifier (name{page.}) has been already used, duplicate ignor
ed
<to be read again> 
                   \relax 
l.440 
       [6]
Underfull \hbox (badness 10000) in paragraph at lines 442--446

 []

Package epstopdf Info: Source file: <NodesEdgesTime.eps>
(epstopdf)                    date: 2015-04-09 18:26:55
(epstopdf)                    size: 30957 bytes
(epstopdf)             Output file: <NodesEdgesTime-eps-converted-to.pdf>
(epstopdf)                    date: 2015-04-09 18:37:17
(epstopdf)                    size: 23445 bytes
(epstopdf)             Command: <repstopdf --outfile=NodesEdgesTime-eps-convert
ed-to.pdf NodesEdgesTime.eps>
(epstopdf)             \includegraphics on input line 451.
Package epstopdf Info: Output file is already uptodate.
<NodesEdgesTime-eps-converted-to.pdf, id=207, 744.7825pt x 697.60625pt>
File: NodesEdgesTime-eps-converted-to.pdf Graphic file (type pdf)

<use NodesEdgesTime-eps-converted-to.pdf>
Package pdftex.def Info: NodesEdgesTime-eps-converted-to.pdf used on input line
 451.
(pdftex.def)             Requested size: 240.0pt x 224.79266pt.
Package epstopdf Info: Source file: <DiameterTime.eps>
(epstopdf)                    date: 2015-04-09 18:28:35
(epstopdf)                    size: 23650 bytes
(epstopdf)             Output file: <DiameterTime-eps-converted-to.pdf>
(epstopdf)                    date: 2015-04-09 18:39:37
(epstopdf)                    size: 17890 bytes
(epstopdf)             Command: <repstopdf --outfile=DiameterTime-eps-converted
-to.pdf DiameterTime.eps>
(epstopdf)             \includegraphics on input line 452.
Package epstopdf Info: Output file is already uptodate.

<DiameterTime-eps-converted-to.pdf, id=208, 744.7825pt x 697.60625pt>
File: DiameterTime-eps-converted-to.pdf Graphic file (type pdf)

<use DiameterTime-eps-converted-to.pdf>
Package pdftex.def Info: DiameterTime-eps-converted-to.pdf used on input line 4
52.
(pdftex.def)             Requested size: 240.0pt x 224.79266pt.

Underfull \hbox (badness 10000) in paragraph at lines 459--460

 []


Overfull \hbox (2.00558pt too wide) in paragraph at lines 461--462
[]\T1/aer/m/n/9 The com-mu-nity starts with the Gen-er-al-List as the the bigge
st
 []


Underfull \hbox (badness 10000) in paragraph at lines 461--462

 []

<2.png, id=210, 502.87875pt x 520.94624pt> <use 2.png>
<3.png, id=211, 576.1525pt x 636.3775pt> <use 3.png>
<5.png, id=212, 591.20876pt x 576.1525pt> <use 5.png>
<7.png, id=213, 576.1525pt x 575.14874pt> <use 7.png> <use 2.png> <use 3.png>
<use 5.png> <use 7.png>
File: 2.png Graphic file (type png)
 <use 2.png>
Package pdftex.def Info: 2.png used on input line 476.
(pdftex.def)             Requested size: 119.99509pt x 119.99794pt.
File: 3.png Graphic file (type png)
 <use 3.png>
Package pdftex.def Info: 3.png used on input line 476.
(pdftex.def)             Requested size: 119.99338pt x 119.9905pt.
File: 5.png Graphic file (type png)
 <use 5.png>
Package pdftex.def Info: 5.png used on input line 476.
(pdftex.def)             Requested size: 119.99876pt x 119.99338pt.
File: 7.png Graphic file (type png)
 <use 7.png>
Package pdftex.def Info: 7.png used on input line 476.
(pdftex.def)             Requested size: 119.99338pt x 119.99495pt.

Overfull \hbox (24.58055pt too wide) in alignment at lines 476--476
[][][]
 []


LaTeX Warning: File `Kamailio_chart.eps' not found on input line 486.

Package epstopdf Info: Source file: <Kamailio_chart.eps>
(epstopdf)             Output file: <Kamailio_chart-eps-converted-to.pdf>
(epstopdf)                    date: 2013-11-29 15:51:49
(epstopdf)                    size: 268635 bytes
(epstopdf)             Command: <repstopdf --outfile=Kamailio_chart-eps-convert
ed-to.pdf Kamailio_chart.eps>
(epstopdf)             \includegraphics on input line 486.
Package epstopdf Info: Output file is already uptodate.
<Kamailio_chart-eps-converted-to.pdf, id=214, 1229.59375pt x 506.89375pt>
File: Kamailio_chart-eps-converted-to.pdf Graphic file (type pdf)

<use Kamailio_chart-eps-converted-to.pdf>
Package pdftex.def Info: Kamailio_chart-eps-converted-to.pdf used on input line
 486.
(pdftex.def)             Requested size: 504.0pt x 207.77364pt.
Package epstopdf Info: Source file: <Kamailio_diameter.eps>
(epstopdf)                    date: 2013-11-30 00:54:50
(epstopdf)                    size: 73893 bytes
(epstopdf)             Output file: <Kamailio_diameter-eps-converted-to.pdf>
(epstopdf)                    date: 2013-11-30 00:57:21
(epstopdf)                    size: 11882 bytes
(epstopdf)             Command: <repstopdf --outfile=Kamailio_diameter-eps-conv
erted-to.pdf Kamailio_diameter.eps>
(epstopdf)             \includegraphics on input line 488.
Package epstopdf Info: Output file is already uptodate.

<Kamailio_diameter-eps-converted-to.pdf, id=215, 1229.59375pt x 145.54375pt>
File: Kamailio_diameter-eps-converted-to.pdf Graphic file (type pdf)

<use Kamailio_diameter-eps-converted-to.pdf>
Package pdftex.def Info: Kamailio_diameter-eps-converted-to.pdf used on input l
ine 488.
(pdftex.def)             Requested size: 458.64185pt x 54.28783pt.

Underfull \hbox (badness 10000) in paragraph at lines 493--494

 []

pdfTeX warning (ext4): destination with the same identifier (name{page.}) has b
een already used, duplicate ignored
<to be read again> 
                   \relax 
l.495 T
       his technique can be used to identify the people involved in conflict...
[7 <./NodesEdgesTime-eps-converted-to.pdf> <./DiameterTime-eps-converted-to.pdf
>]pdfTeX warning (ext4): destination with the same identifier (name{page.}) has
 been already used, duplicate ignored
<to be read again> 
                   \relax 
l.495 T
       his technique can be used to identify the people involved in conflict...
[8 <./2.png (PNG copy)> <./3.png (PNG copy)> <./5.png (PNG copy)> <./7.png (PNG
 copy)> <./Kamailio_chart-eps-converted-to.pdf> <./Kamailio_diameter-eps-conver
ted-to.pdf>]
Underfull \hbox (badness 10000) in paragraph at lines 495--496

 []


Underfull \hbox (badness 10000) in paragraph at lines 498--498
[][][]\T1/aer/m/n/9 Video vi-su-al-iza-tions avail-able at
 []


Underfull \hbox (badness 10000) in paragraph at lines 498--499

 []


LaTeX Warning: File `Amarok_chart.eps' not found on input line 502.

Package epstopdf Info: Source file: <Amarok_chart.eps>
(epstopdf)             Output file: <Amarok_chart-eps-converted-to.pdf>
(epstopdf)                    date: 2013-11-29 15:42:22
(epstopdf)                    size: 348509 bytes
(epstopdf)             Command: <repstopdf --outfile=Amarok_chart-eps-converted
-to.pdf Amarok_chart.eps>
(epstopdf)             \includegraphics on input line 502.
Package epstopdf Info: Output file is already uptodate.
<Amarok_chart-eps-converted-to.pdf, id=264, 1233.60875pt x 521.95pt>
File: Amarok_chart-eps-converted-to.pdf Graphic file (type pdf)

<use Amarok_chart-eps-converted-to.pdf>
Package pdftex.def Info: Amarok_chart-eps-converted-to.pdf used on input line 5
02.
(pdftex.def)             Requested size: 504.0pt x 213.24426pt.
Package epstopdf Info: Source file: <Amarok_diameter.eps>
(epstopdf)                    date: 2013-11-30 00:54:20
(epstopdf)                    size: 77479 bytes
(epstopdf)             Output file: <Amarok_diameter-eps-converted-to.pdf>
(epstopdf)                    date: 2013-11-30 00:55:16
(epstopdf)                    size: 12377 bytes
(epstopdf)             Command: <repstopdf --outfile=Amarok_diameter-eps-conver
ted-to.pdf Amarok_diameter.eps>
(epstopdf)             \includegraphics on input line 504.
Package epstopdf Info: Output file is already uptodate.

<Amarok_diameter-eps-converted-to.pdf, id=265, 1229.59375pt x 145.54375pt>
File: Amarok_diameter-eps-converted-to.pdf Graphic file (type pdf)

<use Amarok_diameter-eps-converted-to.pdf>
Package pdftex.def Info: Amarok_diameter-eps-converted-to.pdf used on input lin
e 504.
(pdftex.def)             Requested size: 466.20154pt x 55.18282pt.

Underfull \hbox (badness 10000) in paragraph at lines 510--511

 []


LaTeX Warning: File `Asterisk_chart.eps' not found on input line 514.

Package epstopdf Info: Source file: <Asterisk_chart.eps>
(epstopdf)             Output file: <Asterisk_chart-eps-converted-to.pdf>
(epstopdf)                    date: 2013-11-29 15:51:47
(epstopdf)                    size: 304010 bytes
(epstopdf)             Command: <repstopdf --outfile=Asterisk_chart-eps-convert
ed-to.pdf Asterisk_chart.eps>
(epstopdf)             \includegraphics on input line 514.
Package epstopdf Info: Output file is already uptodate.
<Asterisk_chart-eps-converted-to.pdf, id=267, 1223.57124pt x 523.9575pt>
File: Asterisk_chart-eps-converted-to.pdf Graphic file (type pdf)

<use Asterisk_chart-eps-converted-to.pdf>
Package pdftex.def Info: Asterisk_chart-eps-converted-to.pdf used on input line
 514.
(pdftex.def)             Requested size: 504.0pt x 215.82333pt.
Package epstopdf Info: Source file: <Asterisk_diameter.eps>
(epstopdf)                    date: 2013-11-30 02:12:15
(epstopdf)                    size: 80121 bytes
(epstopdf)             Output file: <Asterisk_diameter-eps-converted-to.pdf>
(epstopdf)                    date: 2013-11-30 02:12:41
(epstopdf)                    size: 12112 bytes
(epstopdf)             Command: <repstopdf --outfile=Asterisk_diameter-eps-conv
erted-to.pdf Asterisk_diameter.eps>
(epstopdf)             \includegraphics on input line 516.
Package epstopdf Info: Output file is already uptodate.

<Asterisk_diameter-eps-converted-to.pdf, id=268, 1230.5975pt x 145.54375pt>
File: Asterisk_diameter-eps-converted-to.pdf Graphic file (type pdf)

<use Asterisk_diameter-eps-converted-to.pdf>
Package pdftex.def Info: Asterisk_diameter-eps-converted-to.pdf used on input l
ine 516.
(pdftex.def)             Requested size: 473.76123pt x 56.03117pt.

Overfull \hbox (3.16516pt too wide) in paragraph at lines 529--530
\T1/aer/m/n/9 We stud-ied the col-lab-o-ra-tion net-works of three FOSS project
s
 []


Underfull \hbox (badness 10000) in paragraph at lines 529--530

 []


Underfull \hbox (badness 10000) in paragraph at lines 531--532

 []


Underfull \hbox (badness 10000) in paragraph at lines 537--538

 []


Underfull \hbox (badness 10000) in paragraph at lines 547--549

 []

(./referenc.texpdfTeX warning (ext4): destination with the same identifier (nam
e{page.}) has been already used, duplicate ignored
<to be read again> 
                   \relax 
l.54 
      [9]pdfTeX warning (ext4): destination with the same identifier (name{page
.}) has been already used, duplicate ignored
<to be read again> 
                   \relax 
l.54 
      [10 <./Amarok_chart-eps-converted-to.pdf> <./Amarok_diameter-eps-converte
d-to.pdf> <./Asterisk_chart-eps-converted-to.pdf> <./Asterisk_diameter-eps-conv
erted-to.pdf>]
Underfull \vbox (badness 10000) has occurred while \output is active []

)
No file sigproc-sp.bbl.
Package atveryend Info: Empty hook `BeforeClearDocument' on input line 615.
pdfTeX warning (ext4): destination with the same identifier (name{page.}) has b
een already used, duplicate ignored
<to be read again> 
                   \relax 
l.615 \end{document}
                     [11]
Package atveryend Info: Empty hook `AfterLastShipout' on input line 615.
 (./sigproc-sp.aux)
Package atveryend Info: Empty hook `AtVeryEndDocument' on input line 615.
Package atveryend Info: Executing hook `AtEndAfterFileList' on input line 615.
Package rerunfilecheck Info: File `sigproc-sp.out' has not changed.
(rerunfilecheck)             Checksum: 27C485346C905CB9D1337947AED02E81;1045.


LaTeX Font Warning: Some font shapes were not available, defaults substituted.

Package atveryend Info: Empty hook `AtVeryVeryEnd' on input line 615.
 ) 
Here is how much of TeX's memory you used:
 8074 strings out of 493307
 119764 string characters out of 6139905
 248558 words of memory out of 5000000
 11307 multiletter control sequences out of 15000+600000
 52404 words of font info for 72 fonts, out of 8000000 for 9000
 957 hyphenation exceptions out of 8191
 44i,21n,49p,1780b,564s stack positions out of 5000i,500n,10000p,200000b,80000s
{/usr/share/texlive/texmf-dist/fonts/enc/dvips/base/8r.enc}</usr/share/texliv
e/texmf-dist/fonts/type1/public/amsfonts/cm/cmbx9.pfb></usr/share/texlive/texmf
-dist/fonts/type1/public/amsfonts/cm/cmcsc10.pfb></usr/share/texlive/texmf-dist
/fonts/type1/public/amsfonts/cm/cmmi9.pfb></usr/share/texlive/texmf-dist/fonts/
type1/public/amsfonts/cm/cmr6.pfb></usr/share/texlive/texmf-dist/fonts/type1/pu
blic/amsfonts/cm/cmr9.pfb></usr/share/texlive/texmf-dist/fonts/type1/public/ams
fonts/cm/cmti9.pfb></usr/share/texlive/texmf-dist/fonts/type1/urw/helvetic/uhvb
8a.pfb></usr/share/texlive/texmf-dist/fonts/type1/urw/helvetic/uhvr8a.pfb></usr
/share/texlive/texmf-dist/fonts/type1/urw/times/utmb8a.pfb>
Output written on sigproc-sp.pdf (11 pages, 2666781 bytes).
PDF statistics:
 345 PDF objects out of 1000 (max. 8388607)
 285 compressed objects within 3 object streams
 72 named destinations out of 1000 (max. 500000)
 207 words of extra memory for PDF output out of 10000 (max. 10000000)

